{"numTotalTestSuites":9,"numPassedTestSuites":1,"numFailedTestSuites":8,"numPendingTestSuites":0,"numTotalTests":22,"numPassedTests":6,"numFailedTests":16,"numPendingTests":0,"numTodoTests":0,"snapshot":{"added":0,"failure":false,"filesAdded":0,"filesRemoved":0,"filesRemovedList":[],"filesUnmatched":0,"filesUpdated":0,"matched":0,"total":0,"unchecked":0,"uncheckedKeysByFile":[],"unmatched":0,"updated":0,"didUpdate":false},"startTime":1773394687290,"success":false,"testResults":[{"assertionResults":[{"ancestorTitles":["Dashboard","Rendering"],"fullName":"Dashboard Rendering renders dashboard with patient statistics","status":"failed","title":"renders dashboard with patient statistics","duration":37.852292000000034,"failureMessages":["TestingLibraryElementError: Found multiple elements with the text: 3\n\nHere are the matching elements:\n\nIgnored nodes: comments, script, style\n\u001b[36m<div\u001b[39m\n  \u001b[33mclass\u001b[39m=\u001b[32m\"text-2xl font-bold text-slate-900 dark:text-white\"\u001b[39m\n\u001b[36m>\u001b[39m\n  \u001b[0m3\u001b[0m\n\u001b[36m</div>\u001b[39m\n\nIgnored nodes: comments, script, style\n\u001b[36m<b\u001b[39m\n  \u001b[33mclass\u001b[39m=\u001b[32m\"text-slate-900 dark:text-white\"\u001b[39m\n\u001b[36m>\u001b[39m\n  \u001b[0m3\u001b[0m\n\u001b[36m</b>\u001b[39m\n\nIgnored nodes: comments, script, style\n\u001b[36m<div\u001b[39m\n  \u001b[33mclass\u001b[39m=\u001b[32m\"inline-flex items-center rounded-md border px-2.5 py-0.5 text-xs font-semibold transition-colors focus:outline-none focus:ring-2 focus:ring-ring focus:ring-offset-2 border-transparent bg-primary text-primary-foreground shadow hover:bg-primary/80 whitespace-nowrap text-[10px] cursor-help w-20 justify-center\"\u001b[39m\n  \u001b[33mtitle\u001b[39m=\u001b[32m\"3\"\u001b[39m\n\u001b[36m>\u001b[39m\n  \u001b[0m3\u001b[0m\n\u001b[36m</div>\u001b[39m\n\nIgnored nodes: comments, script, style\n\u001b[36m<div\u001b[39m\n  \u001b[33mclass\u001b[39m=\u001b[32m\"inline-flex items-center rounded-md border px-2.5 py-0.5 text-xs font-semibold transition-colors focus:outline-none focus:ring-2 focus:ring-ring focus:ring-offset-2 border-transparent bg-primary text-primary-foreground shadow hover:bg-primary/80 whitespace-nowrap text-[10px] shrink-0 w-20 justify-center\"\u001b[39m\n\u001b[36m>\u001b[39m\n  \u001b[0m3\u001b[0m\n\u001b[36m</div>\u001b[39m\n\n(If this is intentional, then use the `*AllBy*` variant of the query (like `queryAllByText`, `getAllByText`, or `findAllByText`)).\n\nIgnored nodes: comments, script, style\n\u001b[36m<body>\u001b[39m\n  \u001b[36m<div>\u001b[39m\n    \u001b[36m<div\u001b[39m\n      \u001b[33mclass\u001b[39m=\u001b[32m\"space-y-8\"\u001b[39m\n    \u001b[36m>\u001b[39m\n      \u001b[36m<div\u001b[39m\n        \u001b[33mclass\u001b[39m=\u001b[32m\"grid grid-cols-1 lg:grid-cols-3 gap-4\"\u001b[39m\n      \u001b[36m>\u001b[39m\n        \u001b[36m<div\u001b[39m\n          \u001b[33mclass\u001b[39m=\u001b[32m\"rounded-none border bg-card text-card-foreground shadow lg:col-span-1 shadow-sm\"\u001b[39m\n        \u001b[36m>\u001b[39m\n          \u001b[36m<div\u001b[39m\n            \u001b[33mclass\u001b[39m=\u001b[32m\"flex flex-col space-y-1.5 p-6 pb-3 border-b border-slate-100 dark:border-slate-800 bg-slate-50 dark:bg-slate-900\"\u001b[39m\n          \u001b[36m>\u001b[39m\n            \u001b[36m<div\u001b[39m\n              \u001b[33mclass\u001b[39m=\u001b[32m\"font-semibold leading-none tracking-tight text-primary dark:text-primary-foreground text-base text-slate-900 dark:text-slate-100 flex items-center gap-2\"\u001b[39m\n            \u001b[36m>\u001b[39m\n              \u001b[36m<svg\u001b[39m\n                \u001b[33maria-hidden\u001b[39m=\u001b[32m\"true\"\u001b[39m\n                \u001b[33mclass\u001b[39m=\u001b[32m\"lucide lucide-users w-4 h-4 text-primary dark:text-primary\"\u001b[39m\n                \u001b[33mfill\u001b[39m=\u001b[32m\"none\"\u001b[39m\n                \u001b[33mheight\u001b[39m=\u001b[32m\"24\"\u001b[39m\n                \u001b[33mstroke\u001b[39m=\u001b[32m\"currentColor\"\u001b[39m\n                \u001b[33mstroke-linecap\u001b[39m=\u001b[32m\"round\"\u001b[39m\n                \u001b[33mstroke-linejoin\u001b[39m=\u001b[32m\"round\"\u001b[39m\n                \u001b[33mstroke-width\u001b[39m=\u001b[32m\"2\"\u001b[39m\n                \u001b[33mviewBox\u001b[39m=\u001b[32m\"0 0 24 24\"\u001b[39m\n                \u001b[33mwidth\u001b[39m=\u001b[32m\"24\"\u001b[39m\n                \u001b[33mxmlns\u001b[39m=\u001b[32m\"http://www.w3.org/2000/svg\"\u001b[39m\n              \u001b[36m>\u001b[39m\n                \u001b[36m<path\u001b[39m\n                  \u001b[33md\u001b[39m=\u001b[32m\"M16 21v-2a4 4 0 0 0-4-4H6a4 4 0 0 0-4 4v2\"\u001b[39m\n                \u001b[36m/>\u001b[39m\n                \u001b[36m<path\u001b[39m\n                  \u001b[33md\u001b[39m=\u001b[32m\"M16 3.128a4 4 0 0 1 0 7.744\"\u001b[39m\n                \u001b[36m/>\u001b[39m\n                \u001b[36m<path\u001b[39m\n                  \u001b[33md\u001b[39m=\u001b[32m\"M22 21v-2a4 4 0 0 0-3-3.87\"\u001b[39m\n                \u001b[36m/>\u001b[39m\n                \u001b[36m<circle\u001b[39m\n                  \u001b[33mcx\u001b[39m=\u001b[32m\"9\"\u001b[39m\n                  \u001b[33mcy\u001b[39m=\u001b[32m\"7\"\u001b[39m\n                  \u001b[33mr\u001b[39m=\u001b[32m\"4\"\u001b[39m\n                \u001b[36m/>\u001b[39m\n              \u001b[36m</svg>\u001b[39m\n              \u001b[0m Overview\u001b[0m\n            \u001b[36m</div>\u001b[39m\n          \u001b[36m</div>\u001b[39m\n          \u001b[36m<div\u001b[39m\n            \u001b[33mclass\u001b[39m=\u001b[32m\"p-6 pt-0 p-4 pt-6\"\u001b[39m\n          \u001b[36m>\u001b[39m\n            \u001b[36m<div\u001b[39m\n              \u001b[33mclass\u001b[39m=\u001b[32m\"grid grid-cols-2 gap-3\"\u001b[39m\n            \u001b[36m>\u001b[39m\n              \u001b[36m<div\u001b[39m\n                \u001b[33mclass\u001b[39m=\u001b[32m\"bg-slate-50 dark:bg-slate-900 rounded-none p-3 border border-slate-200 dark:border-slate-800\"\u001b[39m\n              \u001b[36m>\u001b[39m\n                \u001b[36m<div\u001b[39m\n                  \u001b[33mclass\u001b[39m=\u001b[32m\"flex items-center gap-2 mb-1\"\u001b[39m\n                \u001b[36m>\u001b[39m\n                  \u001b[36m<svg\u001b[39m\n                    \u001b[33maria-hidden\u001b[39m=\u001b[32m\"true\"\u001b[39m\n                    \u001b[33mclass\u001b[39m=\u001b[32m\"lucide lucide-users w-4 h-4 text-primary\"\u001b[39m\n                    \u001b[33mfill\u001b[39m=\u001b[32m\"none\"\u001b[39m\n                    \u001b[33mheight\u001b[39m=\u001b[32m\"24\"\u001b[39m\n                    \u001b[33mstroke\u001b[39m=\u001b[32m\"currentColor\"\u001b[39m\n                    \u001b[33mstroke-linecap\u001b[39m=\u001b[32m\"round\"\u001b[39m\n                    \u001b[33mstroke-linejoin\u001b[39m=\u001b[32m\"round\"\u001b[39m\n                    \u001b[33mstroke-width\u001b[39m=\u001b[32m\"2\"\u001b[39m\n                    \u001b[33mviewBox\u001b[39m=\u001b[32m\"0 0 24 24\"\u001b[39m\n                    \u001b[33mwidth\u001b[39m=\u001b[32m\"24\"\u001b[39m\n                    \u001b[33mxmlns\u001b[39m=\u001b[32m\"http://www.w3.org/2000/svg\"\u001b[39m\n                  \u001b[36m>\u001b[39m\n                    \u001b[36m<path\u001b[39m\n                      \u001b[33md\u001b[39m=\u001b[32m\"M16 21v-2a4 4 0 0 0-4-4H6a4 4 0 0 0-4 4v2\"\u001b[39m\n                    \u001b[36m/>\u001b[39m\n                    \u001b[36m<path\u001b[39m\n                      \u001b[33md\u001b[39m=\u001b[32m\"M16 3.128a4 4 0 0 1 0 7.744\"\u001b[39m\n                    \u001b[36m/>\u001b[39m\n                    \u001b[36m<path\u001b[39m\n                      \u001b[33md\u001b[39m=\u001b[32m\"M22 21v-2a4 4 0 0 0-3-3.87\"\u001b[39m\n                    \u001b[36m/>\u001b[39m\n                    \u001b[36m<circle\u001b[39m\n                      \u001b[33mcx\u001b[39m=\u001b[32m\"9\"\u001b[39m\n                      \u001b[33mcy\u001b[39m=\u001b[32m\"7\"\u001b[39m\n                      \u001b[33mr\u001b[39m=\u001b[32m\"4\"\u001b[39m\n                    \u001b[36m/>\u001b[39m\n                  \u001b[36m</svg>\u001b[39m\n                  \u001b[36m<span\u001b[39m\n                    \u001b[33mclass\u001b[39m=\u001b[32m\"text-xs font-medium text-slate-500 dark:text-slate-400 uppercase\"\u001b[39m\n                  \u001b[36m>\u001b[39m\n                    \u001b[0mRecords\u001b[0m\n                  \u001b[36m</span>\u001b[39m\n                \u001b[36m</div>\u001b[39m\n                \u001b[36m<div\u001b[39m\n                  \u001b[33mclass\u001b[39m=\u001b[32m\"text-2xl font-bold text-slate-900 dark:text-white\"\u001b[39m\n                \u001b[36m>\u001b[39m\n                  \u001b[0m3\u001b[0m\n                \u001b[36m</div>\u001b[39m\n              \u001b[36m</div>\u001b[39m\n              \u001b[36m<div\u001b[39m\n                \u001b[33mclass\u001b[39m=\u001b[32m\"bg-slate-50 dark:bg-slate-900 rounded-none p-3 border border-slate-200 dark:border-slate-800\"\u001b[39m\n              \u001b[36m>\u001b[39m\n                \u001b[36m<div\u001b[39m\n                  \u001b[33mclass\u001b[39m=\u001b[32m\"flex items-center gap-2 mb-1\"\u001b[39m\n                \u001b[36m>\u001b[39m\n                  \u001b[36m<svg\u001b[39m\n                    \u001b[33maria-hidden\u001b[39m=\u001b[32m\"true\"\u001b[39m\n                    \u001b[33mclass\u001b[39m=\u001b[32m\"lucide lucide-triangle-alert w-4 h-4 text-red-500\"\u001b[39m\n                    \u001b[33mfill\u001b[39m=\u001b[32m\"none\"\u001b[39m\n                    \u001b[33mheight\u001b[39m=\u001b[32m\"24\"\u001b[39m\n                    \u001b[33mstroke\u001b[39m=\u001b[32m\"currentColor\"\u001b[39m\n                    \u001b[33mstroke-linecap\u001b[39m=\u001b[32m\"round\"\u001b[39m\n                    \u001b[33mstroke-linejoin\u001b[39m=\u001b[32m\"round\"\u001b[39m\n                    \u001b[33mstroke-width\u001b[39m=\u001b[32m\"2\"\u001b[39m\n                    \u001b[33mviewBox\u001b[39m=\u001b[32m\"0 0 24 24\"\u001b[39m\n                    \u001b[33mwidth\u001b[39m=\u001b[32m\"24\"\u001b[39m\n                    \u001b[33mxmlns\u001b[39m=\u001b[32m\"http://www.w3.org/2000/svg\"\u001b[39m\n                  \u001b[36m>\u001b[39m\n                    \u001b[36m<path\u001b[39m\n                      \u001b[33md\u001b[39m=\u001b[32m\"m21.73 18-8-14a2 2 0 0 0-3.48 0l-8 14A2 2 0 0 0 4 21h16a2 2 0 0 0 1.73-3\"\u001b[39m\n                    \u001b[36m/>\u001b[39m\n                    \u001b[36m<path\u001b[39m\n                      \u001b[33md\u001b[39m=\u001b[32m\"M12 9v4\"\u001b[39m\n                    \u001b[36m/>\u001b[39m\n                    \u001b[36m<path\u001b[39m\n                      \u001b[33md\u001b[39m=\u001b[32m\"M12 17h.01\"\u001b[39m\n                    \u001b[36m/>\u001b[39m\n                  \u001b[36m</svg>\u001b[39m\n                  \u001b[36m<span\u001b[39m\n                    \u001b[33mclass\u001b[39m=\u001b[32m\"text-xs font-medium text-slate-500 dark:text-slate-400 uppercase\"\u001b[39m\n                  \u001b[36m>\u001b[39m\n                    \u001b[0mSevere\u001b[0m\n                  \u001b[36m</span>\u001b[39m\n                \u001b[36m</div>\u001b[39m\n                \u001b[36m<div\u001b[39m\n                  \u001b[33mclass\u001b[39m=\u001b[32m\"flex items-baseline gap-1\"\u001b[39m\n                \u001b[36m>\u001b[39m\n                  \u001b[36m<span\u001b[39m\n                    \u001b[33mclass\u001b[39m=\u001b[32m\"text-2xl font-bold text-slate-900 dark:text-white\"\u001b[39m\n                  \u001b[36m>\u001b[39m\n                    \u001b[0m0\u001b[0m\n                  \u001b[36m</span>\u001b[39m\n                  \u001b[...\n    at Object.getElementError (/Users/monchee/Projects/anaesthetic-allergy-clinic/node_modules/@testing-library/dom/dist/config.js:37:19)\n    at getElementError (/Users/monchee/Projects/anaesthetic-allergy-clinic/node_modules/@testing-library/dom/dist/query-helpers.js:20:35)\n    at getMultipleElementsFoundError (/Users/monchee/Projects/anaesthetic-allergy-clinic/node_modules/@testing-library/dom/dist/query-helpers.js:23:10)\n    at /Users/monchee/Projects/anaesthetic-allergy-clinic/node_modules/@testing-library/dom/dist/query-helpers.js:55:13\n    at /Users/monchee/Projects/anaesthetic-allergy-clinic/node_modules/@testing-library/dom/dist/query-helpers.js:95:19\n    at /Users/monchee/Projects/anaesthetic-allergy-clinic/components/Dashboard.test.tsx:146:21\n    at file:///Users/monchee/Projects/anaesthetic-allergy-clinic/node_modules/@vitest/runner/dist/index.js:296:11\n    at file:///Users/monchee/Projects/anaesthetic-allergy-clinic/node_modules/@vitest/runner/dist/index.js:1258:26\n    at file:///Users/monchee/Projects/anaesthetic-allergy-clinic/node_modules/@vitest/runner/dist/index.js:1681:20\n    at new Promise (<anonymous>)"],"meta":{},"tags":[]},{"ancestorTitles":["Dashboard","Rendering"],"fullName":"Dashboard Rendering displays correct patient count","status":"failed","title":"displays correct patient count","duration":15.225541999999905,"failureMessages":["TestingLibraryElementError: Found multiple elements with the text: 3\n\nHere are the matching elements:\n\nIgnored nodes: comments, script, style\n\u001b[36m<div\u001b[39m\n  \u001b[33mclass\u001b[39m=\u001b[32m\"text-2xl font-bold text-slate-900 dark:text-white\"\u001b[39m\n\u001b[36m>\u001b[39m\n  \u001b[0m3\u001b[0m\n\u001b[36m</div>\u001b[39m\n\nIgnored nodes: comments, script, style\n\u001b[36m<b\u001b[39m\n  \u001b[33mclass\u001b[39m=\u001b[32m\"text-slate-900 dark:text-white\"\u001b[39m\n\u001b[36m>\u001b[39m\n  \u001b[0m3\u001b[0m\n\u001b[36m</b>\u001b[39m\n\nIgnored nodes: comments, script, style\n\u001b[36m<div\u001b[39m\n  \u001b[33mclass\u001b[39m=\u001b[32m\"inline-flex items-center rounded-md border px-2.5 py-0.5 text-xs font-semibold transition-colors focus:outline-none focus:ring-2 focus:ring-ring focus:ring-offset-2 border-transparent bg-primary text-primary-foreground shadow hover:bg-primary/80 whitespace-nowrap text-[10px] cursor-help w-20 justify-center\"\u001b[39m\n  \u001b[33mtitle\u001b[39m=\u001b[32m\"3\"\u001b[39m\n\u001b[36m>\u001b[39m\n  \u001b[0m3\u001b[0m\n\u001b[36m</div>\u001b[39m\n\nIgnored nodes: comments, script, style\n\u001b[36m<div\u001b[39m\n  \u001b[33mclass\u001b[39m=\u001b[32m\"inline-flex items-center rounded-md border px-2.5 py-0.5 text-xs font-semibold transition-colors focus:outline-none focus:ring-2 focus:ring-ring focus:ring-offset-2 border-transparent bg-primary text-primary-foreground shadow hover:bg-primary/80 whitespace-nowrap text-[10px] shrink-0 w-20 justify-center\"\u001b[39m\n\u001b[36m>\u001b[39m\n  \u001b[0m3\u001b[0m\n\u001b[36m</div>\u001b[39m\n\n(If this is intentional, then use the `*AllBy*` variant of the query (like `queryAllByText`, `getAllByText`, or `findAllByText`)).\n\nIgnored nodes: comments, script, style\n\u001b[36m<body>\u001b[39m\n  \u001b[36m<div>\u001b[39m\n    \u001b[36m<div\u001b[39m\n      \u001b[33mclass\u001b[39m=\u001b[32m\"space-y-8\"\u001b[39m\n    \u001b[36m>\u001b[39m\n      \u001b[36m<div\u001b[39m\n        \u001b[33mclass\u001b[39m=\u001b[32m\"grid grid-cols-1 lg:grid-cols-3 gap-4\"\u001b[39m\n      \u001b[36m>\u001b[39m\n        \u001b[36m<div\u001b[39m\n          \u001b[33mclass\u001b[39m=\u001b[32m\"rounded-none border bg-card text-card-foreground shadow lg:col-span-1 shadow-sm\"\u001b[39m\n        \u001b[36m>\u001b[39m\n          \u001b[36m<div\u001b[39m\n            \u001b[33mclass\u001b[39m=\u001b[32m\"flex flex-col space-y-1.5 p-6 pb-3 border-b border-slate-100 dark:border-slate-800 bg-slate-50 dark:bg-slate-900\"\u001b[39m\n          \u001b[36m>\u001b[39m\n            \u001b[36m<div\u001b[39m\n              \u001b[33mclass\u001b[39m=\u001b[32m\"font-semibold leading-none tracking-tight text-primary dark:text-primary-foreground text-base text-slate-900 dark:text-slate-100 flex items-center gap-2\"\u001b[39m\n            \u001b[36m>\u001b[39m\n              \u001b[36m<svg\u001b[39m\n                \u001b[33maria-hidden\u001b[39m=\u001b[32m\"true\"\u001b[39m\n                \u001b[33mclass\u001b[39m=\u001b[32m\"lucide lucide-users w-4 h-4 text-primary dark:text-primary\"\u001b[39m\n                \u001b[33mfill\u001b[39m=\u001b[32m\"none\"\u001b[39m\n                \u001b[33mheight\u001b[39m=\u001b[32m\"24\"\u001b[39m\n                \u001b[33mstroke\u001b[39m=\u001b[32m\"currentColor\"\u001b[39m\n                \u001b[33mstroke-linecap\u001b[39m=\u001b[32m\"round\"\u001b[39m\n                \u001b[33mstroke-linejoin\u001b[39m=\u001b[32m\"round\"\u001b[39m\n                \u001b[33mstroke-width\u001b[39m=\u001b[32m\"2\"\u001b[39m\n                \u001b[33mviewBox\u001b[39m=\u001b[32m\"0 0 24 24\"\u001b[39m\n                \u001b[33mwidth\u001b[39m=\u001b[32m\"24\"\u001b[39m\n                \u001b[33mxmlns\u001b[39m=\u001b[32m\"http://www.w3.org/2000/svg\"\u001b[39m\n              \u001b[36m>\u001b[39m\n                \u001b[36m<path\u001b[39m\n                  \u001b[33md\u001b[39m=\u001b[32m\"M16 21v-2a4 4 0 0 0-4-4H6a4 4 0 0 0-4 4v2\"\u001b[39m\n                \u001b[36m/>\u001b[39m\n                \u001b[36m<path\u001b[39m\n                  \u001b[33md\u001b[39m=\u001b[32m\"M16 3.128a4 4 0 0 1 0 7.744\"\u001b[39m\n                \u001b[36m/>\u001b[39m\n                \u001b[36m<path\u001b[39m\n                  \u001b[33md\u001b[39m=\u001b[32m\"M22 21v-2a4 4 0 0 0-3-3.87\"\u001b[39m\n                \u001b[36m/>\u001b[39m\n                \u001b[36m<circle\u001b[39m\n                  \u001b[33mcx\u001b[39m=\u001b[32m\"9\"\u001b[39m\n                  \u001b[33mcy\u001b[39m=\u001b[32m\"7\"\u001b[39m\n                  \u001b[33mr\u001b[39m=\u001b[32m\"4\"\u001b[39m\n                \u001b[36m/>\u001b[39m\n              \u001b[36m</svg>\u001b[39m\n              \u001b[0m Overview\u001b[0m\n            \u001b[36m</div>\u001b[39m\n          \u001b[36m</div>\u001b[39m\n          \u001b[36m<div\u001b[39m\n            \u001b[33mclass\u001b[39m=\u001b[32m\"p-6 pt-0 p-4 pt-6\"\u001b[39m\n          \u001b[36m>\u001b[39m\n            \u001b[36m<div\u001b[39m\n              \u001b[33mclass\u001b[39m=\u001b[32m\"grid grid-cols-2 gap-3\"\u001b[39m\n            \u001b[36m>\u001b[39m\n              \u001b[36m<div\u001b[39m\n                \u001b[33mclass\u001b[39m=\u001b[32m\"bg-slate-50 dark:bg-slate-900 rounded-none p-3 border border-slate-200 dark:border-slate-800\"\u001b[39m\n              \u001b[36m>\u001b[39m\n                \u001b[36m<div\u001b[39m\n                  \u001b[33mclass\u001b[39m=\u001b[32m\"flex items-center gap-2 mb-1\"\u001b[39m\n                \u001b[36m>\u001b[39m\n                  \u001b[36m<svg\u001b[39m\n                    \u001b[33maria-hidden\u001b[39m=\u001b[32m\"true\"\u001b[39m\n                    \u001b[33mclass\u001b[39m=\u001b[32m\"lucide lucide-users w-4 h-4 text-primary\"\u001b[39m\n                    \u001b[33mfill\u001b[39m=\u001b[32m\"none\"\u001b[39m\n                    \u001b[33mheight\u001b[39m=\u001b[32m\"24\"\u001b[39m\n                    \u001b[33mstroke\u001b[39m=\u001b[32m\"currentColor\"\u001b[39m\n                    \u001b[33mstroke-linecap\u001b[39m=\u001b[32m\"round\"\u001b[39m\n                    \u001b[33mstroke-linejoin\u001b[39m=\u001b[32m\"round\"\u001b[39m\n                    \u001b[33mstroke-width\u001b[39m=\u001b[32m\"2\"\u001b[39m\n                    \u001b[33mviewBox\u001b[39m=\u001b[32m\"0 0 24 24\"\u001b[39m\n                    \u001b[33mwidth\u001b[39m=\u001b[32m\"24\"\u001b[39m\n                    \u001b[33mxmlns\u001b[39m=\u001b[32m\"http://www.w3.org/2000/svg\"\u001b[39m\n                  \u001b[36m>\u001b[39m\n                    \u001b[36m<path\u001b[39m\n                      \u001b[33md\u001b[39m=\u001b[32m\"M16 21v-2a4 4 0 0 0-4-4H6a4 4 0 0 0-4 4v2\"\u001b[39m\n                    \u001b[36m/>\u001b[39m\n                    \u001b[36m<path\u001b[39m\n                      \u001b[33md\u001b[39m=\u001b[32m\"M16 3.128a4 4 0 0 1 0 7.744\"\u001b[39m\n                    \u001b[36m/>\u001b[39m\n                    \u001b[36m<path\u001b[39m\n                      \u001b[33md\u001b[39m=\u001b[32m\"M22 21v-2a4 4 0 0 0-3-3.87\"\u001b[39m\n                    \u001b[36m/>\u001b[39m\n                    \u001b[36m<circle\u001b[39m\n                      \u001b[33mcx\u001b[39m=\u001b[32m\"9\"\u001b[39m\n                      \u001b[33mcy\u001b[39m=\u001b[32m\"7\"\u001b[39m\n                      \u001b[33mr\u001b[39m=\u001b[32m\"4\"\u001b[39m\n                    \u001b[36m/>\u001b[39m\n                  \u001b[36m</svg>\u001b[39m\n                  \u001b[36m<span\u001b[39m\n                    \u001b[33mclass\u001b[39m=\u001b[32m\"text-xs font-medium text-slate-500 dark:text-slate-400 uppercase\"\u001b[39m\n                  \u001b[36m>\u001b[39m\n                    \u001b[0mRecords\u001b[0m\n                  \u001b[36m</span>\u001b[39m\n                \u001b[36m</div>\u001b[39m\n                \u001b[36m<div\u001b[39m\n                  \u001b[33mclass\u001b[39m=\u001b[32m\"text-2xl font-bold text-slate-900 dark:text-white\"\u001b[39m\n                \u001b[36m>\u001b[39m\n                  \u001b[0m3\u001b[0m\n                \u001b[36m</div>\u001b[39m\n              \u001b[36m</div>\u001b[39m\n              \u001b[36m<div\u001b[39m\n                \u001b[33mclass\u001b[39m=\u001b[32m\"bg-slate-50 dark:bg-slate-900 rounded-none p-3 border border-slate-200 dark:border-slate-800\"\u001b[39m\n              \u001b[36m>\u001b[39m\n                \u001b[36m<div\u001b[39m\n                  \u001b[33mclass\u001b[39m=\u001b[32m\"flex items-center gap-2 mb-1\"\u001b[39m\n                \u001b[36m>\u001b[39m\n                  \u001b[36m<svg\u001b[39m\n                    \u001b[33maria-hidden\u001b[39m=\u001b[32m\"true\"\u001b[39m\n                    \u001b[33mclass\u001b[39m=\u001b[32m\"lucide lucide-triangle-alert w-4 h-4 text-red-500\"\u001b[39m\n                    \u001b[33mfill\u001b[39m=\u001b[32m\"none\"\u001b[39m\n                    \u001b[33mheight\u001b[39m=\u001b[32m\"24\"\u001b[39m\n                    \u001b[33mstroke\u001b[39m=\u001b[32m\"currentColor\"\u001b[39m\n                    \u001b[33mstroke-linecap\u001b[39m=\u001b[32m\"round\"\u001b[39m\n                    \u001b[33mstroke-linejoin\u001b[39m=\u001b[32m\"round\"\u001b[39m\n                    \u001b[33mstroke-width\u001b[39m=\u001b[32m\"2\"\u001b[39m\n                    \u001b[33mviewBox\u001b[39m=\u001b[32m\"0 0 24 24\"\u001b[39m\n                    \u001b[33mwidth\u001b[39m=\u001b[32m\"24\"\u001b[39m\n                    \u001b[33mxmlns\u001b[39m=\u001b[32m\"http://www.w3.org/2000/svg\"\u001b[39m\n                  \u001b[36m>\u001b[39m\n                    \u001b[36m<path\u001b[39m\n                      \u001b[33md\u001b[39m=\u001b[32m\"m21.73 18-8-14a2 2 0 0 0-3.48 0l-8 14A2 2 0 0 0 4 21h16a2 2 0 0 0 1.73-3\"\u001b[39m\n                    \u001b[36m/>\u001b[39m\n                    \u001b[36m<path\u001b[39m\n                      \u001b[33md\u001b[39m=\u001b[32m\"M12 9v4\"\u001b[39m\n                    \u001b[36m/>\u001b[39m\n                    \u001b[36m<path\u001b[39m\n                      \u001b[33md\u001b[39m=\u001b[32m\"M12 17h.01\"\u001b[39m\n                    \u001b[36m/>\u001b[39m\n                  \u001b[36m</svg>\u001b[39m\n                  \u001b[36m<span\u001b[39m\n                    \u001b[33mclass\u001b[39m=\u001b[32m\"text-xs font-medium text-slate-500 dark:text-slate-400 uppercase\"\u001b[39m\n                  \u001b[36m>\u001b[39m\n                    \u001b[0mSevere\u001b[0m\n                  \u001b[36m</span>\u001b[39m\n                \u001b[36m</div>\u001b[39m\n                \u001b[36m<div\u001b[39m\n                  \u001b[33mclass\u001b[39m=\u001b[32m\"flex items-baseline gap-1\"\u001b[39m\n                \u001b[36m>\u001b[39m\n                  \u001b[36m<span\u001b[39m\n                    \u001b[33mclass\u001b[39m=\u001b[32m\"text-2xl font-bold text-slate-900 dark:text-white\"\u001b[39m\n                  \u001b[36m>\u001b[39m\n                    \u001b[0m0\u001b[0m\n                  \u001b[36m</span>\u001b[39m\n                  \u001b[...\n    at Object.getElementError (/Users/monchee/Projects/anaesthetic-allergy-clinic/node_modules/@testing-library/dom/dist/config.js:37:19)\n    at getElementError (/Users/monchee/Projects/anaesthetic-allergy-clinic/node_modules/@testing-library/dom/dist/query-helpers.js:20:35)\n    at getMultipleElementsFoundError (/Users/monchee/Projects/anaesthetic-allergy-clinic/node_modules/@testing-library/dom/dist/query-helpers.js:23:10)\n    at /Users/monchee/Projects/anaesthetic-allergy-clinic/node_modules/@testing-library/dom/dist/query-helpers.js:55:13\n    at /Users/monchee/Projects/anaesthetic-allergy-clinic/node_modules/@testing-library/dom/dist/query-helpers.js:95:19\n    at /Users/monchee/Projects/anaesthetic-allergy-clinic/components/Dashboard.test.tsx:153:21\n    at file:///Users/monchee/Projects/anaesthetic-allergy-clinic/node_modules/@vitest/runner/dist/index.js:296:11\n    at file:///Users/monchee/Projects/anaesthetic-allergy-clinic/node_modules/@vitest/runner/dist/index.js:1258:26\n    at file:///Users/monchee/Projects/anaesthetic-allergy-clinic/node_modules/@vitest/runner/dist/index.js:1681:20\n    at new Promise (<anonymous>)"],"meta":{},"tags":[]},{"ancestorTitles":["Dashboard","Rendering"],"fullName":"Dashboard Rendering has proper ARIA labels on buttons","status":"passed","title":"has proper ARIA labels on buttons","duration":57.51795800000002,"failureMessages":[],"meta":{},"tags":[]},{"ancestorTitles":["Dashboard","Rendering"],"fullName":"Dashboard Rendering displays analytics cards","status":"passed","title":"displays analytics cards","duration":9.687917000000084,"failureMessages":[],"meta":{},"tags":[]},{"ancestorTitles":["Dashboard","Rendering"],"fullName":"Dashboard Rendering renders patient table","status":"failed","title":"renders patient table","duration":9.886082999999985,"failureMessages":["TestingLibraryElementError: Found multiple elements with the text: /Doe, John/i\n\nHere are the matching elements:\n\nIgnored nodes: comments, script, style\n\u001b[36m<div\u001b[39m\n  \u001b[33mclass\u001b[39m=\u001b[32m\"truncate max-w-[180px]\"\u001b[39m\n  \u001b[33mtitle\u001b[39m=\u001b[32m\"Doe, John\"\u001b[39m\n\u001b[36m>\u001b[39m\n  \u001b[0mDoe\u001b[0m\n  \u001b[0m, \u001b[0m\n  \u001b[0mJohn\u001b[0m\n\u001b[36m</div>\u001b[39m\n\nIgnored nodes: comments, script, style\n\u001b[36m<div\u001b[39m\n  \u001b[33mclass\u001b[39m=\u001b[32m\"font-bold text-slate-900 dark:text-slate-100\"\u001b[39m\n\u001b[36m>\u001b[39m\n  \u001b[0mDoe\u001b[0m\n  \u001b[0m, \u001b[0m\n  \u001b[0mJohn\u001b[0m\n\u001b[36m</div>\u001b[39m\n\nIgnored nodes: comments, script, style\n\u001b[36m<td\u001b[39m\n  \u001b[33mclass\u001b[39m=\u001b[32m\"px-4 py-3 font-medium text-slate-900 dark:text-slate-100 group-hover:text-primary dark:group-hover:text-primary transition-colors\"\u001b[39m\n\u001b[36m>\u001b[39m\n  \u001b[0mDoe\u001b[0m\n  \u001b[0m, \u001b[0m\n  \u001b[0mJohn\u001b[0m\n\u001b[36m</td>\u001b[39m\n\n(If this is intentional, then use the `*AllBy*` variant of the query (like `queryAllByText`, `getAllByText`, or `findAllByText`)).\n\nIgnored nodes: comments, script, style\n\u001b[36m<body>\u001b[39m\n  \u001b[36m<div>\u001b[39m\n    \u001b[36m<div\u001b[39m\n      \u001b[33mclass\u001b[39m=\u001b[32m\"space-y-8\"\u001b[39m\n    \u001b[36m>\u001b[39m\n      \u001b[36m<div\u001b[39m\n        \u001b[33mclass\u001b[39m=\u001b[32m\"grid grid-cols-1 lg:grid-cols-3 gap-4\"\u001b[39m\n      \u001b[36m>\u001b[39m\n        \u001b[36m<div\u001b[39m\n          \u001b[33mclass\u001b[39m=\u001b[32m\"rounded-none border bg-card text-card-foreground shadow lg:col-span-1 shadow-sm\"\u001b[39m\n        \u001b[36m>\u001b[39m\n          \u001b[36m<div\u001b[39m\n            \u001b[33mclass\u001b[39m=\u001b[32m\"flex flex-col space-y-1.5 p-6 pb-3 border-b border-slate-100 dark:border-slate-800 bg-slate-50 dark:bg-slate-900\"\u001b[39m\n          \u001b[36m>\u001b[39m\n            \u001b[36m<div\u001b[39m\n              \u001b[33mclass\u001b[39m=\u001b[32m\"font-semibold leading-none tracking-tight text-primary dark:text-primary-foreground text-base text-slate-900 dark:text-slate-100 flex items-center gap-2\"\u001b[39m\n            \u001b[36m>\u001b[39m\n              \u001b[36m<svg\u001b[39m\n                \u001b[33maria-hidden\u001b[39m=\u001b[32m\"true\"\u001b[39m\n                \u001b[33mclass\u001b[39m=\u001b[32m\"lucide lucide-users w-4 h-4 text-primary dark:text-primary\"\u001b[39m\n                \u001b[33mfill\u001b[39m=\u001b[32m\"none\"\u001b[39m\n                \u001b[33mheight\u001b[39m=\u001b[32m\"24\"\u001b[39m\n                \u001b[33mstroke\u001b[39m=\u001b[32m\"currentColor\"\u001b[39m\n                \u001b[33mstroke-linecap\u001b[39m=\u001b[32m\"round\"\u001b[39m\n                \u001b[33mstroke-linejoin\u001b[39m=\u001b[32m\"round\"\u001b[39m\n                \u001b[33mstroke-width\u001b[39m=\u001b[32m\"2\"\u001b[39m\n                \u001b[33mviewBox\u001b[39m=\u001b[32m\"0 0 24 24\"\u001b[39m\n                \u001b[33mwidth\u001b[39m=\u001b[32m\"24\"\u001b[39m\n                \u001b[33mxmlns\u001b[39m=\u001b[32m\"http://www.w3.org/2000/svg\"\u001b[39m\n              \u001b[36m>\u001b[39m\n                \u001b[36m<path\u001b[39m\n                  \u001b[33md\u001b[39m=\u001b[32m\"M16 21v-2a4 4 0 0 0-4-4H6a4 4 0 0 0-4 4v2\"\u001b[39m\n                \u001b[36m/>\u001b[39m\n                \u001b[36m<path\u001b[39m\n                  \u001b[33md\u001b[39m=\u001b[32m\"M16 3.128a4 4 0 0 1 0 7.744\"\u001b[39m\n                \u001b[36m/>\u001b[39m\n                \u001b[36m<path\u001b[39m\n                  \u001b[33md\u001b[39m=\u001b[32m\"M22 21v-2a4 4 0 0 0-3-3.87\"\u001b[39m\n                \u001b[36m/>\u001b[39m\n                \u001b[36m<circle\u001b[39m\n                  \u001b[33mcx\u001b[39m=\u001b[32m\"9\"\u001b[39m\n                  \u001b[33mcy\u001b[39m=\u001b[32m\"7\"\u001b[39m\n                  \u001b[33mr\u001b[39m=\u001b[32m\"4\"\u001b[39m\n                \u001b[36m/>\u001b[39m\n              \u001b[36m</svg>\u001b[39m\n              \u001b[0m Overview\u001b[0m\n            \u001b[36m</div>\u001b[39m\n          \u001b[36m</div>\u001b[39m\n          \u001b[36m<div\u001b[39m\n            \u001b[33mclass\u001b[39m=\u001b[32m\"p-6 pt-0 p-4 pt-6\"\u001b[39m\n          \u001b[36m>\u001b[39m\n            \u001b[36m<div\u001b[39m\n              \u001b[33mclass\u001b[39m=\u001b[32m\"grid grid-cols-2 gap-3\"\u001b[39m\n            \u001b[36m>\u001b[39m\n              \u001b[36m<div\u001b[39m\n                \u001b[33mclass\u001b[39m=\u001b[32m\"bg-slate-50 dark:bg-slate-900 rounded-none p-3 border border-slate-200 dark:border-slate-800\"\u001b[39m\n              \u001b[36m>\u001b[39m\n                \u001b[36m<div\u001b[39m\n                  \u001b[33mclass\u001b[39m=\u001b[32m\"flex items-center gap-2 mb-1\"\u001b[39m\n                \u001b[36m>\u001b[39m\n                  \u001b[36m<svg\u001b[39m\n                    \u001b[33maria-hidden\u001b[39m=\u001b[32m\"true\"\u001b[39m\n                    \u001b[33mclass\u001b[39m=\u001b[32m\"lucide lucide-users w-4 h-4 text-primary\"\u001b[39m\n                    \u001b[33mfill\u001b[39m=\u001b[32m\"none\"\u001b[39m\n                    \u001b[33mheight\u001b[39m=\u001b[32m\"24\"\u001b[39m\n                    \u001b[33mstroke\u001b[39m=\u001b[32m\"currentColor\"\u001b[39m\n                    \u001b[33mstroke-linecap\u001b[39m=\u001b[32m\"round\"\u001b[39m\n                    \u001b[33mstroke-linejoin\u001b[39m=\u001b[32m\"round\"\u001b[39m\n                    \u001b[33mstroke-width\u001b[39m=\u001b[32m\"2\"\u001b[39m\n                    \u001b[33mviewBox\u001b[39m=\u001b[32m\"0 0 24 24\"\u001b[39m\n                    \u001b[33mwidth\u001b[39m=\u001b[32m\"24\"\u001b[39m\n                    \u001b[33mxmlns\u001b[39m=\u001b[32m\"http://www.w3.org/2000/svg\"\u001b[39m\n                  \u001b[36m>\u001b[39m\n                    \u001b[36m<path\u001b[39m\n                      \u001b[33md\u001b[39m=\u001b[32m\"M16 21v-2a4 4 0 0 0-4-4H6a4 4 0 0 0-4 4v2\"\u001b[39m\n                    \u001b[36m/>\u001b[39m\n                    \u001b[36m<path\u001b[39m\n                      \u001b[33md\u001b[39m=\u001b[32m\"M16 3.128a4 4 0 0 1 0 7.744\"\u001b[39m\n                    \u001b[36m/>\u001b[39m\n                    \u001b[36m<path\u001b[39m\n                      \u001b[33md\u001b[39m=\u001b[32m\"M22 21v-2a4 4 0 0 0-3-3.87\"\u001b[39m\n                    \u001b[36m/>\u001b[39m\n                    \u001b[36m<circle\u001b[39m\n                      \u001b[33mcx\u001b[39m=\u001b[32m\"9\"\u001b[39m\n                      \u001b[33mcy\u001b[39m=\u001b[32m\"7\"\u001b[39m\n                      \u001b[33mr\u001b[39m=\u001b[32m\"4\"\u001b[39m\n                    \u001b[36m/>\u001b[39m\n                  \u001b[36m</svg>\u001b[39m\n                  \u001b[36m<span\u001b[39m\n                    \u001b[33mclass\u001b[39m=\u001b[32m\"text-xs font-medium text-slate-500 dark:text-slate-400 uppercase\"\u001b[39m\n                  \u001b[36m>\u001b[39m\n                    \u001b[0mRecords\u001b[0m\n                  \u001b[36m</span>\u001b[39m\n                \u001b[36m</div>\u001b[39m\n                \u001b[36m<div\u001b[39m\n                  \u001b[33mclass\u001b[39m=\u001b[32m\"text-2xl font-bold text-slate-900 dark:text-white\"\u001b[39m\n                \u001b[36m>\u001b[39m\n                  \u001b[0m3\u001b[0m\n                \u001b[36m</div>\u001b[39m\n              \u001b[36m</div>\u001b[39m\n              \u001b[36m<div\u001b[39m\n                \u001b[33mclass\u001b[39m=\u001b[32m\"bg-slate-50 dark:bg-slate-900 rounded-none p-3 border border-slate-200 dark:border-slate-800\"\u001b[39m\n              \u001b[36m>\u001b[39m\n                \u001b[36m<div\u001b[39m\n                  \u001b[33mclass\u001b[39m=\u001b[32m\"flex items-center gap-2 mb-1\"\u001b[39m\n                \u001b[36m>\u001b[39m\n                  \u001b[36m<svg\u001b[39m\n                    \u001b[33maria-hidden\u001b[39m=\u001b[32m\"true\"\u001b[39m\n                    \u001b[33mclass\u001b[39m=\u001b[32m\"lucide lucide-triangle-alert w-4 h-4 text-red-500\"\u001b[39m\n                    \u001b[33mfill\u001b[39m=\u001b[32m\"none\"\u001b[39m\n                    \u001b[33mheight\u001b[39m=\u001b[32m\"24\"\u001b[39m\n                    \u001b[33mstroke\u001b[39m=\u001b[32m\"currentColor\"\u001b[39m\n                    \u001b[33mstroke-linecap\u001b[39m=\u001b[32m\"round\"\u001b[39m\n                    \u001b[33mstroke-linejoin\u001b[39m=\u001b[32m\"round\"\u001b[39m\n                    \u001b[33mstroke-width\u001b[39m=\u001b[32m\"2\"\u001b[39m\n                    \u001b[33mviewBox\u001b[39m=\u001b[32m\"0 0 24 24\"\u001b[39m\n                    \u001b[33mwidth\u001b[39m=\u001b[32m\"24\"\u001b[39m\n                    \u001b[33mxmlns\u001b[39m=\u001b[32m\"http://www.w3.org/2000/svg\"\u001b[39m\n                  \u001b[36m>\u001b[39m\n                    \u001b[36m<path\u001b[39m\n                      \u001b[33md\u001b[39m=\u001b[32m\"m21.73 18-8-14a2 2 0 0 0-3.48 0l-8 14A2 2 0 0 0 4 21h16a2 2 0 0 0 1.73-3\"\u001b[39m\n                    \u001b[36m/>\u001b[39m\n                    \u001b[36m<path\u001b[39m\n                      \u001b[33md\u001b[39m=\u001b[32m\"M12 9v4\"\u001b[39m\n                    \u001b[36m/>\u001b[39m\n                    \u001b[36m<path\u001b[39m\n                      \u001b[33md\u001b[39m=\u001b[32m\"M12 17h.01\"\u001b[39m\n                    \u001b[36m/>\u001b[39m\n                  \u001b[36m</svg>\u001b[39m\n                  \u001b[36m<span\u001b[39m\n                    \u001b[33mclass\u001b[39m=\u001b[32m\"text-xs font-medium text-slate-500 dark:text-slate-400 uppercase\"\u001b[39m\n                  \u001b[36m>\u001b[39m\n                    \u001b[0mSevere\u001b[0m\n                  \u001b[36m</span>\u001b[39m\n                \u001b[36m</div>\u001b[39m\n                \u001b[36m<div\u001b[39m\n                  \u001b[33mclass\u001b[39m=\u001b[32m\"flex items-baseline gap-1\"\u001b[39m\n                \u001b[36m>\u001b[39m\n                  \u001b[36m<span\u001b[39m\n                    \u001b[33mclass\u001b[39m=\u001b[32m\"text-2xl font-bold text-slate-900 dark:text-white\"\u001b[39m\n                  \u001b[36m>\u001b[39m\n                    \u001b[0m0\u001b[0m\n                  \u001b[36m</span>\u001b[39m\n                  \u001b[...\n    at Object.getElementError (/Users/monchee/Projects/anaesthetic-allergy-clinic/node_modules/@testing-library/dom/dist/config.js:37:19)\n    at getElementError (/Users/monchee/Projects/anaesthetic-allergy-clinic/node_modules/@testing-library/dom/dist/query-helpers.js:20:35)\n    at getMultipleElementsFoundError (/Users/monchee/Projects/anaesthetic-allergy-clinic/node_modules/@testing-library/dom/dist/query-helpers.js:23:10)\n    at /Users/monchee/Projects/anaesthetic-allergy-clinic/node_modules/@testing-library/dom/dist/query-helpers.js:55:13\n    at /Users/monchee/Projects/anaesthetic-allergy-clinic/node_modules/@testing-library/dom/dist/query-helpers.js:95:19\n    at /Users/monchee/Projects/anaesthetic-allergy-clinic/components/Dashboard.test.tsx:171:21\n    at file:///Users/monchee/Projects/anaesthetic-allergy-clinic/node_modules/@vitest/runner/dist/index.js:296:11\n    at file:///Users/monchee/Projects/anaesthetic-allergy-clinic/node_modules/@vitest/runner/dist/index.js:1258:26\n    at file:///Users/monchee/Projects/anaesthetic-allergy-clinic/node_modules/@vitest/runner/dist/index.js:1681:20\n    at new Promise (<anonymous>)"],"meta":{},"tags":[]},{"ancestorTitles":["Dashboard","Search Functionality"],"fullName":"Dashboard Search Functionality filters patients by search term","status":"failed","title":"filters patients by search term","duration":1025.4755409999998,"failureMessages":["Error: Found multiple elements with the text: /Doe, John/i\n\nHere are the matching elements:\n\nIgnored nodes: comments, script, style\n\u001b[36m<div\u001b[39m\n  \u001b[33mclass\u001b[39m=\u001b[32m\"truncate max-w-[180px]\"\u001b[39m\n  \u001b[33mtitle\u001b[39m=\u001b[32m\"Doe, John\"\u001b[39m\n\u001b[36m>\u001b[39m\n  \u001b[0mDoe\u001b[0m\n  \u001b[0m, \u001b[0m\n  \u001b[0mJohn\u001b[0m\n\u001b[36m</div>\u001b[39m\n\nIgnored nodes: comments, script, style\n\u001b[36m<div\u001b[39m\n  \u001b[33mclass\u001b[39m=\u001b[32m\"font-bold text-slate-900 dark:text-slate-100\"\u001b[39m\n\u001b[36m>\u001b[39m\n  \u001b[0mDoe\u001b[0m\n  \u001b[0m, \u001b[0m\n  \u001b[0mJohn\u001b[0m\n\u001b[36m</div>\u001b[39m\n\nIgnored nodes: comments, script, style\n\u001b[36m<td\u001b[39m\n  \u001b[33mclass\u001b[39m=\u001b[32m\"px-4 py-3 font-medium text-slate-900 dark:text-slate-100 group-hover:text-primary dark:group-hover:text-primary transition-colors\"\u001b[39m\n\u001b[36m>\u001b[39m\n  \u001b[0mDoe\u001b[0m\n  \u001b[0m, \u001b[0m\n  \u001b[0mJohn\u001b[0m\n\u001b[36m</td>\u001b[39m\n\n(If this is intentional, then use the `*AllBy*` variant of the query (like `queryAllByText`, `getAllByText`, or `findAllByText`)).\n\nIgnored nodes: comments, script, style\n\u001b[36m<body>\u001b[39m\n  \u001b[36m<div>\u001b[39m\n    \u001b[36m<div\u001b[39m\n      \u001b[33mclass\u001b[39m=\u001b[32m\"space-y-8\"\u001b[39m\n    \u001b[36m>\u001b[39m\n      \u001b[36m<div\u001b[39m\n        \u001b[33mclass\u001b[39m=\u001b[32m\"grid grid-cols-1 lg:grid-cols-3 gap-4\"\u001b[39m\n      \u001b[36m>\u001b[39m\n        \u001b[36m<div\u001b[39m\n          \u001b[33mclass\u001b[39m=\u001b[32m\"rounded-none border bg-card text-card-foreground shadow lg:col-span-1 shadow-sm\"\u001b[39m\n        \u001b[36m>\u001b[39m\n          \u001b[36m<div\u001b[39m\n            \u001b[33mclass\u001b[39m=\u001b[32m\"flex flex-col space-y-1.5 p-6 pb-3 border-b border-slate-100 dark:border-slate-800 bg-slate-50 dark:bg-slate-900\"\u001b[39m\n          \u001b[36m>\u001b[39m\n            \u001b[36m<div\u001b[39m\n              \u001b[33mclass\u001b[39m=\u001b[32m\"font-semibold leading-none tracking-tight text-primary dark:text-primary-foreground text-base text-slate-900 dark:text-slate-100 flex items-center gap-2\"\u001b[39m\n            \u001b[36m>\u001b[39m\n              \u001b[36m<svg\u001b[39m\n                \u001b[33maria-hidden\u001b[39m=\u001b[32m\"true\"\u001b[39m\n                \u001b[33mclass\u001b[39m=\u001b[32m\"lucide lucide-users w-4 h-4 text-primary dark:text-primary\"\u001b[39m\n                \u001b[33mfill\u001b[39m=\u001b[32m\"none\"\u001b[39m\n                \u001b[33mheight\u001b[39m=\u001b[32m\"24\"\u001b[39m\n                \u001b[33mstroke\u001b[39m=\u001b[32m\"currentColor\"\u001b[39m\n                \u001b[33mstroke-linecap\u001b[39m=\u001b[32m\"round\"\u001b[39m\n                \u001b[33mstroke-linejoin\u001b[39m=\u001b[32m\"round\"\u001b[39m\n                \u001b[33mstroke-width\u001b[39m=\u001b[32m\"2\"\u001b[39m\n                \u001b[33mviewBox\u001b[39m=\u001b[32m\"0 0 24 24\"\u001b[39m\n                \u001b[33mwidth\u001b[39m=\u001b[32m\"24\"\u001b[39m\n                \u001b[33mxmlns\u001b[39m=\u001b[32m\"http://www.w3.org/2000/svg\"\u001b[39m\n              \u001b[36m>\u001b[39m\n                \u001b[36m<path\u001b[39m\n                  \u001b[33md\u001b[39m=\u001b[32m\"M16 21v-2a4 4 0 0 0-4-4H6a4 4 0 0 0-4 4v2\"\u001b[39m\n                \u001b[36m/>\u001b[39m\n                \u001b[36m<path\u001b[39m\n                  \u001b[33md\u001b[39m=\u001b[32m\"M16 3.128a4 4 0 0 1 0 7.744\"\u001b[39m\n                \u001b[36m/>\u001b[39m\n                \u001b[36m<path\u001b[39m\n                  \u001b[33md\u001b[39m=\u001b[32m\"M22 21v-2a4 4 0 0 0-3-3.87\"\u001b[39m\n                \u001b[36m/>\u001b[39m\n                \u001b[36m<circle\u001b[39m\n                  \u001b[33mcx\u001b[39m=\u001b[32m\"9\"\u001b[39m\n                  \u001b[33mcy\u001b[39m=\u001b[32m\"7\"\u001b[39m\n                  \u001b[33mr\u001b[39m=\u001b[32m\"4\"\u001b[39m\n                \u001b[36m/>\u001b[39m\n              \u001b[36m</svg>\u001b[39m\n              \u001b[0m Overview\u001b[0m\n            \u001b[36m</div>\u001b[39m\n          \u001b[36m</div>\u001b[39m\n          \u001b[36m<div\u001b[39m\n            \u001b[33mclass\u001b[39m=\u001b[32m\"p-6 pt-0 p-4 pt-6\"\u001b[39m\n          \u001b[36m>\u001b[39m\n            \u001b[36m<div\u001b[39m\n              \u001b[33mclass\u001b[39m=\u001b[32m\"grid grid-cols-2 gap-3\"\u001b[39m\n            \u001b[36m>\u001b[39m\n              \u001b[36m<div\u001b[39m\n                \u001b[33mclass\u001b[39m=\u001b[32m\"bg-slate-50 dark:bg-slate-900 rounded-none p-3 border border-slate-200 dark:border-slate-800\"\u001b[39m\n              \u001b[36m>\u001b[39m\n                \u001b[36m<div\u001b[39m\n                  \u001b[33mclass\u001b[39m=\u001b[32m\"flex items-center gap-2 mb-1\"\u001b[39m\n                \u001b[36m>\u001b[39m\n                  \u001b[36m<svg\u001b[39m\n                    \u001b[33maria-hidden\u001b[39m=\u001b[32m\"true\"\u001b[39m\n                    \u001b[33mclass\u001b[39m=\u001b[32m\"lucide lucide-users w-4 h-4 text-primary\"\u001b[39m\n                    \u001b[33mfill\u001b[39m=\u001b[32m\"none\"\u001b[39m\n                    \u001b[33mheight\u001b[39m=\u001b[32m\"24\"\u001b[39m\n                    \u001b[33mstroke\u001b[39m=\u001b[32m\"currentColor\"\u001b[39m\n                    \u001b[33mstroke-linecap\u001b[39m=\u001b[32m\"round\"\u001b[39m\n                    \u001b[33mstroke-linejoin\u001b[39m=\u001b[32m\"round\"\u001b[39m\n                    \u001b[33mstroke-width\u001b[39m=\u001b[32m\"2\"\u001b[39m\n                    \u001b[33mviewBox\u001b[39m=\u001b[32m\"0 0 24 24\"\u001b[39m\n                    \u001b[33mwidth\u001b[39m=\u001b[32m\"24\"\u001b[39m\n                    \u001b[33mxmlns\u001b[39m=\u001b[32m\"http://www.w3.org/2000/svg\"\u001b[39m\n                  \u001b[36m>\u001b[39m\n                    \u001b[36m<path\u001b[39m\n                      \u001b[33md\u001b[39m=\u001b[32m\"M16 21v-2a4 4 0 0 0-4-4H6a4 4 0 0 0-4 4v2\"\u001b[39m\n                    \u001b[36m/>\u001b[39m\n                    \u001b[36m<path\u001b[39m\n                      \u001b[33md\u001b[39m=\u001b[32m\"M16 3.128a4 4 0 0 1 0 7.744\"\u001b[39m\n                    \u001b[36m/>\u001b[39m\n                    \u001b[36m<path\u001b[39m\n                      \u001b[33md\u001b[39m=\u001b[32m\"M22 21v-2a4 4 0 0 0-3-3.87\"\u001b[39m\n                    \u001b[36m/>\u001b[39m\n                    \u001b[36m<circle\u001b[39m\n                      \u001b[33mcx\u001b[39m=\u001b[32m\"9\"\u001b[39m\n                      \u001b[33mcy\u001b[39m=\u001b[32m\"7\"\u001b[39m\n                      \u001b[33mr\u001b[39m=\u001b[32m\"4\"\u001b[39m\n                    \u001b[36m/>\u001b[39m\n                  \u001b[36m</svg>\u001b[39m\n                  \u001b[36m<span\u001b[39m\n                    \u001b[33mclass\u001b[39m=\u001b[32m\"text-xs font-medium text-slate-500 dark:text-slate-400 uppercase\"\u001b[39m\n                  \u001b[36m>\u001b[39m\n                    \u001b[0mRecords\u001b[0m\n                  \u001b[36m</span>\u001b[39m\n                \u001b[36m</div>\u001b[39m\n                \u001b[36m<div\u001b[39m\n                  \u001b[33mclass\u001b[39m=\u001b[32m\"text-2xl font-bold text-slate-900 dark:text-white\"\u001b[39m\n                \u001b[36m>\u001b[39m\n                  \u001b[0m3\u001b[0m\n                \u001b[36m</div>\u001b[39m\n              \u001b[36m</div>\u001b[39m\n              \u001b[36m<div\u001b[39m\n                \u001b[33mclass\u001b[39m=\u001b[32m\"bg-slate-50 dark:bg-slate-900 rounded-none p-3 border border-slate-200 dark:border-slate-800\"\u001b[39m\n              \u001b[36m>\u001b[39m\n                \u001b[36m<div\u001b[39m\n                  \u001b[33mclass\u001b[39m=\u001b[32m\"flex items-center gap-2 mb-1\"\u001b[39m\n                \u001b[36m>\u001b[39m\n                  \u001b[36m<svg\u001b[39m\n                    \u001b[33maria-hidden\u001b[39m=\u001b[32m\"true\"\u001b[39m\n                    \u001b[33mclass\u001b[39m=\u001b[32m\"lucide lucide-triangle-alert w-4 h-4 text-red-500\"\u001b[39m\n                    \u001b[33mfill\u001b[39m=\u001b[32m\"none\"\u001b[39m\n                    \u001b[33mheight\u001b[39m=\u001b[32m\"24\"\u001b[39m\n                    \u001b[33mstroke\u001b[39m=\u001b[32m\"currentColor\"\u001b[39m\n                    \u001b[33mstroke-linecap\u001b[39m=\u001b[32m\"round\"\u001b[39m\n                    \u001b[33mstroke-linejoin\u001b[39m=\u001b[32m\"round\"\u001b[39m\n                    \u001b[33mstroke-width\u001b[39m=\u001b[32m\"2\"\u001b[39m\n                    \u001b[33mviewBox\u001b[39m=\u001b[32m\"0 0 24 24\"\u001b[39m\n                    \u001b[33mwidth\u001b[39m=\u001b[32m\"24\"\u001b[39m\n                    \u001b[33mxmlns\u001b[39m=\u001b[32m\"http://www.w3.org/2000/svg\"\u001b[39m\n                  \u001b[36m>\u001b[39m\n                    \u001b[36m<path\u001b[39m\n                      \u001b[33md\u001b[39m=\u001b[32m\"m21.73 18-8-14a2 2 0 0 0-3.48 0l-8 14A2 2 0 0 0 4 21h16a2 2 0 0 0 1.73-3\"\u001b[39m\n                    \u001b[36m/>\u001b[39m\n                    \u001b[36m<path\u001b[39m\n                      \u001b[33md\u001b[39m=\u001b[32m\"M12 9v4\"\u001b[39m\n                    \u001b[36m/>\u001b[39m\n                    \u001b[36m<path\u001b[39m\n                      \u001b[33md\u001b[39m=\u001b[32m\"M12 17h.01\"\u001b[39m\n                    \u001b[36m/>\u001b[39m\n                  \u001b[36m</svg>\u001b[39m\n                  \u001b[36m<span\u001b[39m\n                    \u001b[33mclass\u001b[39m=\u001b[32m\"text-xs font-medium text-slate-500 dark:text-slate-400 uppercase\"\u001b[39m\n                  \u001b[36m>\u001b[39m\n                    \u001b[0mSevere\u001b[0m\n                  \u001b[36m</span>\u001b[39m\n                \u001b[36m</div>\u001b[39m\n                \u001b[36m<div\u001b[39m\n                  \u001b[33mclass\u001b[39m=\u001b[32m\"flex items-baseline gap-1\"\u001b[39m\n                \u001b[36m>\u001b[39m\n                  \u001b[36m<span\u001b[39m\n                    \u001b[33mclass\u001b[39m=\u001b[32m\"text-2xl font-bold text-slate-900 dark:text-white\"\u001b[39m\n                  \u001b[36m>\u001b[39m\n                    \u001b[0m0\u001b[0m\n                  \u001b[36m</span>\u001b[39m\n                  \u001b[...\n    at Proxy.waitForWrapper (/Users/monchee/Projects/anaesthetic-allergy-clinic/node_modules/@testing-library/dom/dist/wait-for.js:163:27)\n    at /Users/monchee/Projects/anaesthetic-allergy-clinic/components/Dashboard.test.tsx:183:13\n    at file:///Users/monchee/Projects/anaesthetic-allergy-clinic/node_modules/@vitest/runner/dist/index.js:296:11\n    at file:///Users/monchee/Projects/anaesthetic-allergy-clinic/node_modules/@vitest/runner/dist/index.js:1258:26\n    at file:///Users/monchee/Projects/anaesthetic-allergy-clinic/node_modules/@vitest/runner/dist/index.js:1681:20\n    at new Promise (<anonymous>)\n    at runWithCancel (file:///Users/monchee/Projects/anaesthetic-allergy-clinic/node_modules/@vitest/runner/dist/index.js:1678:10)\n    at file:///Users/monchee/Projects/anaesthetic-allergy-clinic/node_modules/@vitest/runner/dist/index.js:1660:20\n    at new Promise (<anonymous>)\n    at runWithTimeout (file:///Users/monchee/Projects/anaesthetic-allergy-clinic/node_modules/@vitest/runner/dist/index.js:1627:10)"],"meta":{},"tags":[]},{"ancestorTitles":["Dashboard","Search Functionality"],"fullName":"Dashboard Search Functionality filters patients by MRN","status":"failed","title":"filters patients by MRN","duration":1040.8606670000001,"failureMessages":["Error: Found multiple elements with the text: /Doe, John/i\n\nHere are the matching elements:\n\nIgnored nodes: comments, script, style\n\u001b[36m<div\u001b[39m\n  \u001b[33mclass\u001b[39m=\u001b[32m\"truncate max-w-[180px]\"\u001b[39m\n  \u001b[33mtitle\u001b[39m=\u001b[32m\"Doe, John\"\u001b[39m\n\u001b[36m>\u001b[39m\n  \u001b[0mDoe\u001b[0m\n  \u001b[0m, \u001b[0m\n  \u001b[0mJohn\u001b[0m\n\u001b[36m</div>\u001b[39m\n\nIgnored nodes: comments, script, style\n\u001b[36m<div\u001b[39m\n  \u001b[33mclass\u001b[39m=\u001b[32m\"font-bold text-slate-900 dark:text-slate-100\"\u001b[39m\n\u001b[36m>\u001b[39m\n  \u001b[0mDoe\u001b[0m\n  \u001b[0m, \u001b[0m\n  \u001b[0mJohn\u001b[0m\n\u001b[36m</div>\u001b[39m\n\nIgnored nodes: comments, script, style\n\u001b[36m<td\u001b[39m\n  \u001b[33mclass\u001b[39m=\u001b[32m\"px-4 py-3 font-medium text-slate-900 dark:text-slate-100 group-hover:text-primary dark:group-hover:text-primary transition-colors\"\u001b[39m\n\u001b[36m>\u001b[39m\n  \u001b[0mDoe\u001b[0m\n  \u001b[0m, \u001b[0m\n  \u001b[0mJohn\u001b[0m\n\u001b[36m</td>\u001b[39m\n\n(If this is intentional, then use the `*AllBy*` variant of the query (like `queryAllByText`, `getAllByText`, or `findAllByText`)).\n\nIgnored nodes: comments, script, style\n\u001b[36m<body>\u001b[39m\n  \u001b[36m<div>\u001b[39m\n    \u001b[36m<div\u001b[39m\n      \u001b[33mclass\u001b[39m=\u001b[32m\"space-y-8\"\u001b[39m\n    \u001b[36m>\u001b[39m\n      \u001b[36m<div\u001b[39m\n        \u001b[33mclass\u001b[39m=\u001b[32m\"grid grid-cols-1 lg:grid-cols-3 gap-4\"\u001b[39m\n      \u001b[36m>\u001b[39m\n        \u001b[36m<div\u001b[39m\n          \u001b[33mclass\u001b[39m=\u001b[32m\"rounded-none border bg-card text-card-foreground shadow lg:col-span-1 shadow-sm\"\u001b[39m\n        \u001b[36m>\u001b[39m\n          \u001b[36m<div\u001b[39m\n            \u001b[33mclass\u001b[39m=\u001b[32m\"flex flex-col space-y-1.5 p-6 pb-3 border-b border-slate-100 dark:border-slate-800 bg-slate-50 dark:bg-slate-900\"\u001b[39m\n          \u001b[36m>\u001b[39m\n            \u001b[36m<div\u001b[39m\n              \u001b[33mclass\u001b[39m=\u001b[32m\"font-semibold leading-none tracking-tight text-primary dark:text-primary-foreground text-base text-slate-900 dark:text-slate-100 flex items-center gap-2\"\u001b[39m\n            \u001b[36m>\u001b[39m\n              \u001b[36m<svg\u001b[39m\n                \u001b[33maria-hidden\u001b[39m=\u001b[32m\"true\"\u001b[39m\n                \u001b[33mclass\u001b[39m=\u001b[32m\"lucide lucide-users w-4 h-4 text-primary dark:text-primary\"\u001b[39m\n                \u001b[33mfill\u001b[39m=\u001b[32m\"none\"\u001b[39m\n                \u001b[33mheight\u001b[39m=\u001b[32m\"24\"\u001b[39m\n                \u001b[33mstroke\u001b[39m=\u001b[32m\"currentColor\"\u001b[39m\n                \u001b[33mstroke-linecap\u001b[39m=\u001b[32m\"round\"\u001b[39m\n                \u001b[33mstroke-linejoin\u001b[39m=\u001b[32m\"round\"\u001b[39m\n                \u001b[33mstroke-width\u001b[39m=\u001b[32m\"2\"\u001b[39m\n                \u001b[33mviewBox\u001b[39m=\u001b[32m\"0 0 24 24\"\u001b[39m\n                \u001b[33mwidth\u001b[39m=\u001b[32m\"24\"\u001b[39m\n                \u001b[33mxmlns\u001b[39m=\u001b[32m\"http://www.w3.org/2000/svg\"\u001b[39m\n              \u001b[36m>\u001b[39m\n                \u001b[36m<path\u001b[39m\n                  \u001b[33md\u001b[39m=\u001b[32m\"M16 21v-2a4 4 0 0 0-4-4H6a4 4 0 0 0-4 4v2\"\u001b[39m\n                \u001b[36m/>\u001b[39m\n                \u001b[36m<path\u001b[39m\n                  \u001b[33md\u001b[39m=\u001b[32m\"M16 3.128a4 4 0 0 1 0 7.744\"\u001b[39m\n                \u001b[36m/>\u001b[39m\n                \u001b[36m<path\u001b[39m\n                  \u001b[33md\u001b[39m=\u001b[32m\"M22 21v-2a4 4 0 0 0-3-3.87\"\u001b[39m\n                \u001b[36m/>\u001b[39m\n                \u001b[36m<circle\u001b[39m\n                  \u001b[33mcx\u001b[39m=\u001b[32m\"9\"\u001b[39m\n                  \u001b[33mcy\u001b[39m=\u001b[32m\"7\"\u001b[39m\n                  \u001b[33mr\u001b[39m=\u001b[32m\"4\"\u001b[39m\n                \u001b[36m/>\u001b[39m\n              \u001b[36m</svg>\u001b[39m\n              \u001b[0m Overview\u001b[0m\n            \u001b[36m</div>\u001b[39m\n          \u001b[36m</div>\u001b[39m\n          \u001b[36m<div\u001b[39m\n            \u001b[33mclass\u001b[39m=\u001b[32m\"p-6 pt-0 p-4 pt-6\"\u001b[39m\n          \u001b[36m>\u001b[39m\n            \u001b[36m<div\u001b[39m\n              \u001b[33mclass\u001b[39m=\u001b[32m\"grid grid-cols-2 gap-3\"\u001b[39m\n            \u001b[36m>\u001b[39m\n              \u001b[36m<div\u001b[39m\n                \u001b[33mclass\u001b[39m=\u001b[32m\"bg-slate-50 dark:bg-slate-900 rounded-none p-3 border border-slate-200 dark:border-slate-800\"\u001b[39m\n              \u001b[36m>\u001b[39m\n                \u001b[36m<div\u001b[39m\n                  \u001b[33mclass\u001b[39m=\u001b[32m\"flex items-center gap-2 mb-1\"\u001b[39m\n                \u001b[36m>\u001b[39m\n                  \u001b[36m<svg\u001b[39m\n                    \u001b[33maria-hidden\u001b[39m=\u001b[32m\"true\"\u001b[39m\n                    \u001b[33mclass\u001b[39m=\u001b[32m\"lucide lucide-users w-4 h-4 text-primary\"\u001b[39m\n                    \u001b[33mfill\u001b[39m=\u001b[32m\"none\"\u001b[39m\n                    \u001b[33mheight\u001b[39m=\u001b[32m\"24\"\u001b[39m\n                    \u001b[33mstroke\u001b[39m=\u001b[32m\"currentColor\"\u001b[39m\n                    \u001b[33mstroke-linecap\u001b[39m=\u001b[32m\"round\"\u001b[39m\n                    \u001b[33mstroke-linejoin\u001b[39m=\u001b[32m\"round\"\u001b[39m\n                    \u001b[33mstroke-width\u001b[39m=\u001b[32m\"2\"\u001b[39m\n                    \u001b[33mviewBox\u001b[39m=\u001b[32m\"0 0 24 24\"\u001b[39m\n                    \u001b[33mwidth\u001b[39m=\u001b[32m\"24\"\u001b[39m\n                    \u001b[33mxmlns\u001b[39m=\u001b[32m\"http://www.w3.org/2000/svg\"\u001b[39m\n                  \u001b[36m>\u001b[39m\n                    \u001b[36m<path\u001b[39m\n                      \u001b[33md\u001b[39m=\u001b[32m\"M16 21v-2a4 4 0 0 0-4-4H6a4 4 0 0 0-4 4v2\"\u001b[39m\n                    \u001b[36m/>\u001b[39m\n                    \u001b[36m<path\u001b[39m\n                      \u001b[33md\u001b[39m=\u001b[32m\"M16 3.128a4 4 0 0 1 0 7.744\"\u001b[39m\n                    \u001b[36m/>\u001b[39m\n                    \u001b[36m<path\u001b[39m\n                      \u001b[33md\u001b[39m=\u001b[32m\"M22 21v-2a4 4 0 0 0-3-3.87\"\u001b[39m\n                    \u001b[36m/>\u001b[39m\n                    \u001b[36m<circle\u001b[39m\n                      \u001b[33mcx\u001b[39m=\u001b[32m\"9\"\u001b[39m\n                      \u001b[33mcy\u001b[39m=\u001b[32m\"7\"\u001b[39m\n                      \u001b[33mr\u001b[39m=\u001b[32m\"4\"\u001b[39m\n                    \u001b[36m/>\u001b[39m\n                  \u001b[36m</svg>\u001b[39m\n                  \u001b[36m<span\u001b[39m\n                    \u001b[33mclass\u001b[39m=\u001b[32m\"text-xs font-medium text-slate-500 dark:text-slate-400 uppercase\"\u001b[39m\n                  \u001b[36m>\u001b[39m\n                    \u001b[0mRecords\u001b[0m\n                  \u001b[36m</span>\u001b[39m\n                \u001b[36m</div>\u001b[39m\n                \u001b[36m<div\u001b[39m\n                  \u001b[33mclass\u001b[39m=\u001b[32m\"text-2xl font-bold text-slate-900 dark:text-white\"\u001b[39m\n                \u001b[36m>\u001b[39m\n                  \u001b[0m3\u001b[0m\n                \u001b[36m</div>\u001b[39m\n              \u001b[36m</div>\u001b[39m\n              \u001b[36m<div\u001b[39m\n                \u001b[33mclass\u001b[39m=\u001b[32m\"bg-slate-50 dark:bg-slate-900 rounded-none p-3 border border-slate-200 dark:border-slate-800\"\u001b[39m\n              \u001b[36m>\u001b[39m\n                \u001b[36m<div\u001b[39m\n                  \u001b[33mclass\u001b[39m=\u001b[32m\"flex items-center gap-2 mb-1\"\u001b[39m\n                \u001b[36m>\u001b[39m\n                  \u001b[36m<svg\u001b[39m\n                    \u001b[33maria-hidden\u001b[39m=\u001b[32m\"true\"\u001b[39m\n                    \u001b[33mclass\u001b[39m=\u001b[32m\"lucide lucide-triangle-alert w-4 h-4 text-red-500\"\u001b[39m\n                    \u001b[33mfill\u001b[39m=\u001b[32m\"none\"\u001b[39m\n                    \u001b[33mheight\u001b[39m=\u001b[32m\"24\"\u001b[39m\n                    \u001b[33mstroke\u001b[39m=\u001b[32m\"currentColor\"\u001b[39m\n                    \u001b[33mstroke-linecap\u001b[39m=\u001b[32m\"round\"\u001b[39m\n                    \u001b[33mstroke-linejoin\u001b[39m=\u001b[32m\"round\"\u001b[39m\n                    \u001b[33mstroke-width\u001b[39m=\u001b[32m\"2\"\u001b[39m\n                    \u001b[33mviewBox\u001b[39m=\u001b[32m\"0 0 24 24\"\u001b[39m\n                    \u001b[33mwidth\u001b[39m=\u001b[32m\"24\"\u001b[39m\n                    \u001b[33mxmlns\u001b[39m=\u001b[32m\"http://www.w3.org/2000/svg\"\u001b[39m\n                  \u001b[36m>\u001b[39m\n                    \u001b[36m<path\u001b[39m\n                      \u001b[33md\u001b[39m=\u001b[32m\"m21.73 18-8-14a2 2 0 0 0-3.48 0l-8 14A2 2 0 0 0 4 21h16a2 2 0 0 0 1.73-3\"\u001b[39m\n                    \u001b[36m/>\u001b[39m\n                    \u001b[36m<path\u001b[39m\n                      \u001b[33md\u001b[39m=\u001b[32m\"M12 9v4\"\u001b[39m\n                    \u001b[36m/>\u001b[39m\n                    \u001b[36m<path\u001b[39m\n                      \u001b[33md\u001b[39m=\u001b[32m\"M12 17h.01\"\u001b[39m\n                    \u001b[36m/>\u001b[39m\n                  \u001b[36m</svg>\u001b[39m\n                  \u001b[36m<span\u001b[39m\n                    \u001b[33mclass\u001b[39m=\u001b[32m\"text-xs font-medium text-slate-500 dark:text-slate-400 uppercase\"\u001b[39m\n                  \u001b[36m>\u001b[39m\n                    \u001b[0mSevere\u001b[0m\n                  \u001b[36m</span>\u001b[39m\n                \u001b[36m</div>\u001b[39m\n                \u001b[36m<div\u001b[39m\n                  \u001b[33mclass\u001b[39m=\u001b[32m\"flex items-baseline gap-1\"\u001b[39m\n                \u001b[36m>\u001b[39m\n                  \u001b[36m<span\u001b[39m\n                    \u001b[33mclass\u001b[39m=\u001b[32m\"text-2xl font-bold text-slate-900 dark:text-white\"\u001b[39m\n                  \u001b[36m>\u001b[39m\n                    \u001b[0m0\u001b[0m\n                  \u001b[36m</span>\u001b[39m\n                  \u001b[...\n    at Proxy.waitForWrapper (/Users/monchee/Projects/anaesthetic-allergy-clinic/node_modules/@testing-library/dom/dist/wait-for.js:163:27)\n    at /Users/monchee/Projects/anaesthetic-allergy-clinic/components/Dashboard.test.tsx:195:13\n    at file:///Users/monchee/Projects/anaesthetic-allergy-clinic/node_modules/@vitest/runner/dist/index.js:296:11\n    at file:///Users/monchee/Projects/anaesthetic-allergy-clinic/node_modules/@vitest/runner/dist/index.js:1258:26\n    at file:///Users/monchee/Projects/anaesthetic-allergy-clinic/node_modules/@vitest/runner/dist/index.js:1681:20\n    at new Promise (<anonymous>)\n    at runWithCancel (file:///Users/monchee/Projects/anaesthetic-allergy-clinic/node_modules/@vitest/runner/dist/index.js:1678:10)\n    at file:///Users/monchee/Projects/anaesthetic-allergy-clinic/node_modules/@vitest/runner/dist/index.js:1660:20\n    at new Promise (<anonymous>)\n    at runWithTimeout (file:///Users/monchee/Projects/anaesthetic-allergy-clinic/node_modules/@vitest/runner/dist/index.js:1627:10)"],"meta":{},"tags":[]},{"ancestorTitles":["Dashboard","Search Functionality"],"fullName":"Dashboard Search Functionality clears search when input is cleared","status":"failed","title":"clears search when input is cleared","duration":1043.922833,"failureMessages":["Error: Found multiple elements with the text: /Doe, John/i\n\nHere are the matching elements:\n\nIgnored nodes: comments, script, style\n\u001b[36m<div\u001b[39m\n  \u001b[33mclass\u001b[39m=\u001b[32m\"truncate max-w-[180px]\"\u001b[39m\n  \u001b[33mtitle\u001b[39m=\u001b[32m\"Doe, John\"\u001b[39m\n\u001b[36m>\u001b[39m\n  \u001b[0mDoe\u001b[0m\n  \u001b[0m, \u001b[0m\n  \u001b[0mJohn\u001b[0m\n\u001b[36m</div>\u001b[39m\n\nIgnored nodes: comments, script, style\n\u001b[36m<div\u001b[39m\n  \u001b[33mclass\u001b[39m=\u001b[32m\"font-bold text-slate-900 dark:text-slate-100\"\u001b[39m\n\u001b[36m>\u001b[39m\n  \u001b[0mDoe\u001b[0m\n  \u001b[0m, \u001b[0m\n  \u001b[0mJohn\u001b[0m\n\u001b[36m</div>\u001b[39m\n\nIgnored nodes: comments, script, style\n\u001b[36m<td\u001b[39m\n  \u001b[33mclass\u001b[39m=\u001b[32m\"px-4 py-3 font-medium text-slate-900 dark:text-slate-100 group-hover:text-primary dark:group-hover:text-primary transition-colors\"\u001b[39m\n\u001b[36m>\u001b[39m\n  \u001b[0mDoe\u001b[0m\n  \u001b[0m, \u001b[0m\n  \u001b[0mJohn\u001b[0m\n\u001b[36m</td>\u001b[39m\n\n(If this is intentional, then use the `*AllBy*` variant of the query (like `queryAllByText`, `getAllByText`, or `findAllByText`)).\n\nIgnored nodes: comments, script, style\n\u001b[36m<body>\u001b[39m\n  \u001b[36m<div>\u001b[39m\n    \u001b[36m<div\u001b[39m\n      \u001b[33mclass\u001b[39m=\u001b[32m\"space-y-8\"\u001b[39m\n    \u001b[36m>\u001b[39m\n      \u001b[36m<div\u001b[39m\n        \u001b[33mclass\u001b[39m=\u001b[32m\"grid grid-cols-1 lg:grid-cols-3 gap-4\"\u001b[39m\n      \u001b[36m>\u001b[39m\n        \u001b[36m<div\u001b[39m\n          \u001b[33mclass\u001b[39m=\u001b[32m\"rounded-none border bg-card text-card-foreground shadow lg:col-span-1 shadow-sm\"\u001b[39m\n        \u001b[36m>\u001b[39m\n          \u001b[36m<div\u001b[39m\n            \u001b[33mclass\u001b[39m=\u001b[32m\"flex flex-col space-y-1.5 p-6 pb-3 border-b border-slate-100 dark:border-slate-800 bg-slate-50 dark:bg-slate-900\"\u001b[39m\n          \u001b[36m>\u001b[39m\n            \u001b[36m<div\u001b[39m\n              \u001b[33mclass\u001b[39m=\u001b[32m\"font-semibold leading-none tracking-tight text-primary dark:text-primary-foreground text-base text-slate-900 dark:text-slate-100 flex items-center gap-2\"\u001b[39m\n            \u001b[36m>\u001b[39m\n              \u001b[36m<svg\u001b[39m\n                \u001b[33maria-hidden\u001b[39m=\u001b[32m\"true\"\u001b[39m\n                \u001b[33mclass\u001b[39m=\u001b[32m\"lucide lucide-users w-4 h-4 text-primary dark:text-primary\"\u001b[39m\n                \u001b[33mfill\u001b[39m=\u001b[32m\"none\"\u001b[39m\n                \u001b[33mheight\u001b[39m=\u001b[32m\"24\"\u001b[39m\n                \u001b[33mstroke\u001b[39m=\u001b[32m\"currentColor\"\u001b[39m\n                \u001b[33mstroke-linecap\u001b[39m=\u001b[32m\"round\"\u001b[39m\n                \u001b[33mstroke-linejoin\u001b[39m=\u001b[32m\"round\"\u001b[39m\n                \u001b[33mstroke-width\u001b[39m=\u001b[32m\"2\"\u001b[39m\n                \u001b[33mviewBox\u001b[39m=\u001b[32m\"0 0 24 24\"\u001b[39m\n                \u001b[33mwidth\u001b[39m=\u001b[32m\"24\"\u001b[39m\n                \u001b[33mxmlns\u001b[39m=\u001b[32m\"http://www.w3.org/2000/svg\"\u001b[39m\n              \u001b[36m>\u001b[39m\n                \u001b[36m<path\u001b[39m\n                  \u001b[33md\u001b[39m=\u001b[32m\"M16 21v-2a4 4 0 0 0-4-4H6a4 4 0 0 0-4 4v2\"\u001b[39m\n                \u001b[36m/>\u001b[39m\n                \u001b[36m<path\u001b[39m\n                  \u001b[33md\u001b[39m=\u001b[32m\"M16 3.128a4 4 0 0 1 0 7.744\"\u001b[39m\n                \u001b[36m/>\u001b[39m\n                \u001b[36m<path\u001b[39m\n                  \u001b[33md\u001b[39m=\u001b[32m\"M22 21v-2a4 4 0 0 0-3-3.87\"\u001b[39m\n                \u001b[36m/>\u001b[39m\n                \u001b[36m<circle\u001b[39m\n                  \u001b[33mcx\u001b[39m=\u001b[32m\"9\"\u001b[39m\n                  \u001b[33mcy\u001b[39m=\u001b[32m\"7\"\u001b[39m\n                  \u001b[33mr\u001b[39m=\u001b[32m\"4\"\u001b[39m\n                \u001b[36m/>\u001b[39m\n              \u001b[36m</svg>\u001b[39m\n              \u001b[0m Overview\u001b[0m\n            \u001b[36m</div>\u001b[39m\n          \u001b[36m</div>\u001b[39m\n          \u001b[36m<div\u001b[39m\n            \u001b[33mclass\u001b[39m=\u001b[32m\"p-6 pt-0 p-4 pt-6\"\u001b[39m\n          \u001b[36m>\u001b[39m\n            \u001b[36m<div\u001b[39m\n              \u001b[33mclass\u001b[39m=\u001b[32m\"grid grid-cols-2 gap-3\"\u001b[39m\n            \u001b[36m>\u001b[39m\n              \u001b[36m<div\u001b[39m\n                \u001b[33mclass\u001b[39m=\u001b[32m\"bg-slate-50 dark:bg-slate-900 rounded-none p-3 border border-slate-200 dark:border-slate-800\"\u001b[39m\n              \u001b[36m>\u001b[39m\n                \u001b[36m<div\u001b[39m\n                  \u001b[33mclass\u001b[39m=\u001b[32m\"flex items-center gap-2 mb-1\"\u001b[39m\n                \u001b[36m>\u001b[39m\n                  \u001b[36m<svg\u001b[39m\n                    \u001b[33maria-hidden\u001b[39m=\u001b[32m\"true\"\u001b[39m\n                    \u001b[33mclass\u001b[39m=\u001b[32m\"lucide lucide-users w-4 h-4 text-primary\"\u001b[39m\n                    \u001b[33mfill\u001b[39m=\u001b[32m\"none\"\u001b[39m\n                    \u001b[33mheight\u001b[39m=\u001b[32m\"24\"\u001b[39m\n                    \u001b[33mstroke\u001b[39m=\u001b[32m\"currentColor\"\u001b[39m\n                    \u001b[33mstroke-linecap\u001b[39m=\u001b[32m\"round\"\u001b[39m\n                    \u001b[33mstroke-linejoin\u001b[39m=\u001b[32m\"round\"\u001b[39m\n                    \u001b[33mstroke-width\u001b[39m=\u001b[32m\"2\"\u001b[39m\n                    \u001b[33mviewBox\u001b[39m=\u001b[32m\"0 0 24 24\"\u001b[39m\n                    \u001b[33mwidth\u001b[39m=\u001b[32m\"24\"\u001b[39m\n                    \u001b[33mxmlns\u001b[39m=\u001b[32m\"http://www.w3.org/2000/svg\"\u001b[39m\n                  \u001b[36m>\u001b[39m\n                    \u001b[36m<path\u001b[39m\n                      \u001b[33md\u001b[39m=\u001b[32m\"M16 21v-2a4 4 0 0 0-4-4H6a4 4 0 0 0-4 4v2\"\u001b[39m\n                    \u001b[36m/>\u001b[39m\n                    \u001b[36m<path\u001b[39m\n                      \u001b[33md\u001b[39m=\u001b[32m\"M16 3.128a4 4 0 0 1 0 7.744\"\u001b[39m\n                    \u001b[36m/>\u001b[39m\n                    \u001b[36m<path\u001b[39m\n                      \u001b[33md\u001b[39m=\u001b[32m\"M22 21v-2a4 4 0 0 0-3-3.87\"\u001b[39m\n                    \u001b[36m/>\u001b[39m\n                    \u001b[36m<circle\u001b[39m\n                      \u001b[33mcx\u001b[39m=\u001b[32m\"9\"\u001b[39m\n                      \u001b[33mcy\u001b[39m=\u001b[32m\"7\"\u001b[39m\n                      \u001b[33mr\u001b[39m=\u001b[32m\"4\"\u001b[39m\n                    \u001b[36m/>\u001b[39m\n                  \u001b[36m</svg>\u001b[39m\n                  \u001b[36m<span\u001b[39m\n                    \u001b[33mclass\u001b[39m=\u001b[32m\"text-xs font-medium text-slate-500 dark:text-slate-400 uppercase\"\u001b[39m\n                  \u001b[36m>\u001b[39m\n                    \u001b[0mRecords\u001b[0m\n                  \u001b[36m</span>\u001b[39m\n                \u001b[36m</div>\u001b[39m\n                \u001b[36m<div\u001b[39m\n                  \u001b[33mclass\u001b[39m=\u001b[32m\"text-2xl font-bold text-slate-900 dark:text-white\"\u001b[39m\n                \u001b[36m>\u001b[39m\n                  \u001b[0m3\u001b[0m\n                \u001b[36m</div>\u001b[39m\n              \u001b[36m</div>\u001b[39m\n              \u001b[36m<div\u001b[39m\n                \u001b[33mclass\u001b[39m=\u001b[32m\"bg-slate-50 dark:bg-slate-900 rounded-none p-3 border border-slate-200 dark:border-slate-800\"\u001b[39m\n              \u001b[36m>\u001b[39m\n                \u001b[36m<div\u001b[39m\n                  \u001b[33mclass\u001b[39m=\u001b[32m\"flex items-center gap-2 mb-1\"\u001b[39m\n                \u001b[36m>\u001b[39m\n                  \u001b[36m<svg\u001b[39m\n                    \u001b[33maria-hidden\u001b[39m=\u001b[32m\"true\"\u001b[39m\n                    \u001b[33mclass\u001b[39m=\u001b[32m\"lucide lucide-triangle-alert w-4 h-4 text-red-500\"\u001b[39m\n                    \u001b[33mfill\u001b[39m=\u001b[32m\"none\"\u001b[39m\n                    \u001b[33mheight\u001b[39m=\u001b[32m\"24\"\u001b[39m\n                    \u001b[33mstroke\u001b[39m=\u001b[32m\"currentColor\"\u001b[39m\n                    \u001b[33mstroke-linecap\u001b[39m=\u001b[32m\"round\"\u001b[39m\n                    \u001b[33mstroke-linejoin\u001b[39m=\u001b[32m\"round\"\u001b[39m\n                    \u001b[33mstroke-width\u001b[39m=\u001b[32m\"2\"\u001b[39m\n                    \u001b[33mviewBox\u001b[39m=\u001b[32m\"0 0 24 24\"\u001b[39m\n                    \u001b[33mwidth\u001b[39m=\u001b[32m\"24\"\u001b[39m\n                    \u001b[33mxmlns\u001b[39m=\u001b[32m\"http://www.w3.org/2000/svg\"\u001b[39m\n                  \u001b[36m>\u001b[39m\n                    \u001b[36m<path\u001b[39m\n                      \u001b[33md\u001b[39m=\u001b[32m\"m21.73 18-8-14a2 2 0 0 0-3.48 0l-8 14A2 2 0 0 0 4 21h16a2 2 0 0 0 1.73-3\"\u001b[39m\n                    \u001b[36m/>\u001b[39m\n                    \u001b[36m<path\u001b[39m\n                      \u001b[33md\u001b[39m=\u001b[32m\"M12 9v4\"\u001b[39m\n                    \u001b[36m/>\u001b[39m\n                    \u001b[36m<path\u001b[39m\n                      \u001b[33md\u001b[39m=\u001b[32m\"M12 17h.01\"\u001b[39m\n                    \u001b[36m/>\u001b[39m\n                  \u001b[36m</svg>\u001b[39m\n                  \u001b[36m<span\u001b[39m\n                    \u001b[33mclass\u001b[39m=\u001b[32m\"text-xs font-medium text-slate-500 dark:text-slate-400 uppercase\"\u001b[39m\n                  \u001b[36m>\u001b[39m\n                    \u001b[0mSevere\u001b[0m\n                  \u001b[36m</span>\u001b[39m\n                \u001b[36m</div>\u001b[39m\n                \u001b[36m<div\u001b[39m\n                  \u001b[33mclass\u001b[39m=\u001b[32m\"flex items-baseline gap-1\"\u001b[39m\n                \u001b[36m>\u001b[39m\n                  \u001b[36m<span\u001b[39m\n                    \u001b[33mclass\u001b[39m=\u001b[32m\"text-2xl font-bold text-slate-900 dark:text-white\"\u001b[39m\n                  \u001b[36m>\u001b[39m\n                    \u001b[0m0\u001b[0m\n                  \u001b[36m</span>\u001b[39m\n                  \u001b[...\n    at Proxy.waitForWrapper (/Users/monchee/Projects/anaesthetic-allergy-clinic/node_modules/@testing-library/dom/dist/wait-for.js:163:27)\n    at /Users/monchee/Projects/anaesthetic-allergy-clinic/components/Dashboard.test.tsx:207:13\n    at file:///Users/monchee/Projects/anaesthetic-allergy-clinic/node_modules/@vitest/runner/dist/index.js:296:11\n    at file:///Users/monchee/Projects/anaesthetic-allergy-clinic/node_modules/@vitest/runner/dist/index.js:1258:26\n    at file:///Users/monchee/Projects/anaesthetic-allergy-clinic/node_modules/@vitest/runner/dist/index.js:1681:20\n    at new Promise (<anonymous>)\n    at runWithCancel (file:///Users/monchee/Projects/anaesthetic-allergy-clinic/node_modules/@vitest/runner/dist/index.js:1678:10)\n    at file:///Users/monchee/Projects/anaesthetic-allergy-clinic/node_modules/@vitest/runner/dist/index.js:1660:20\n    at new Promise (<anonymous>)\n    at runWithTimeout (file:///Users/monchee/Projects/anaesthetic-allergy-clinic/node_modules/@vitest/runner/dist/index.js:1627:10)"],"meta":{},"tags":[]},{"ancestorTitles":["Dashboard","File Upload"],"fullName":"Dashboard File Upload opens upload dialog when upload button clicked","status":"failed","title":"opens upload dialog when upload button clicked","duration":20.79879200000005,"failureMessages":["TestingLibraryElementError: Unable to find an element with the text: /Upload REDCap/i. This could be because the text is broken up by multiple elements. In this case, you can provide a function for your text matcher to make your matcher more flexible.\n\nIgnored nodes: comments, script, style\n\u001b[36m<body>\u001b[39m\n  \u001b[36m<div>\u001b[39m\n    \u001b[36m<div\u001b[39m\n      \u001b[33mclass\u001b[39m=\u001b[32m\"space-y-8\"\u001b[39m\n    \u001b[36m>\u001b[39m\n      \u001b[36m<div\u001b[39m\n        \u001b[33mclass\u001b[39m=\u001b[32m\"grid grid-cols-1 lg:grid-cols-3 gap-4\"\u001b[39m\n      \u001b[36m>\u001b[39m\n        \u001b[36m<div\u001b[39m\n          \u001b[33mclass\u001b[39m=\u001b[32m\"rounded-none border bg-card text-card-foreground shadow lg:col-span-1 shadow-sm\"\u001b[39m\n        \u001b[36m>\u001b[39m\n          \u001b[36m<div\u001b[39m\n            \u001b[33mclass\u001b[39m=\u001b[32m\"flex flex-col space-y-1.5 p-6 pb-3 border-b border-slate-100 dark:border-slate-800 bg-slate-50 dark:bg-slate-900\"\u001b[39m\n          \u001b[36m>\u001b[39m\n            \u001b[36m<div\u001b[39m\n              \u001b[33mclass\u001b[39m=\u001b[32m\"font-semibold leading-none tracking-tight text-primary dark:text-primary-foreground text-base text-slate-900 dark:text-slate-100 flex items-center gap-2\"\u001b[39m\n            \u001b[36m>\u001b[39m\n              \u001b[36m<svg\u001b[39m\n                \u001b[33maria-hidden\u001b[39m=\u001b[32m\"true\"\u001b[39m\n                \u001b[33mclass\u001b[39m=\u001b[32m\"lucide lucide-users w-4 h-4 text-primary dark:text-primary\"\u001b[39m\n                \u001b[33mfill\u001b[39m=\u001b[32m\"none\"\u001b[39m\n                \u001b[33mheight\u001b[39m=\u001b[32m\"24\"\u001b[39m\n                \u001b[33mstroke\u001b[39m=\u001b[32m\"currentColor\"\u001b[39m\n                \u001b[33mstroke-linecap\u001b[39m=\u001b[32m\"round\"\u001b[39m\n                \u001b[33mstroke-linejoin\u001b[39m=\u001b[32m\"round\"\u001b[39m\n                \u001b[33mstroke-width\u001b[39m=\u001b[32m\"2\"\u001b[39m\n                \u001b[33mviewBox\u001b[39m=\u001b[32m\"0 0 24 24\"\u001b[39m\n                \u001b[33mwidth\u001b[39m=\u001b[32m\"24\"\u001b[39m\n                \u001b[33mxmlns\u001b[39m=\u001b[32m\"http://www.w3.org/2000/svg\"\u001b[39m\n              \u001b[36m>\u001b[39m\n                \u001b[36m<path\u001b[39m\n                  \u001b[33md\u001b[39m=\u001b[32m\"M16 21v-2a4 4 0 0 0-4-4H6a4 4 0 0 0-4 4v2\"\u001b[39m\n                \u001b[36m/>\u001b[39m\n                \u001b[36m<path\u001b[39m\n                  \u001b[33md\u001b[39m=\u001b[32m\"M16 3.128a4 4 0 0 1 0 7.744\"\u001b[39m\n                \u001b[36m/>\u001b[39m\n                \u001b[36m<path\u001b[39m\n                  \u001b[33md\u001b[39m=\u001b[32m\"M22 21v-2a4 4 0 0 0-3-3.87\"\u001b[39m\n                \u001b[36m/>\u001b[39m\n                \u001b[36m<circle\u001b[39m\n                  \u001b[33mcx\u001b[39m=\u001b[32m\"9\"\u001b[39m\n                  \u001b[33mcy\u001b[39m=\u001b[32m\"7\"\u001b[39m\n                  \u001b[33mr\u001b[39m=\u001b[32m\"4\"\u001b[39m\n                \u001b[36m/>\u001b[39m\n              \u001b[36m</svg>\u001b[39m\n              \u001b[0m Overview\u001b[0m\n            \u001b[36m</div>\u001b[39m\n          \u001b[36m</div>\u001b[39m\n          \u001b[36m<div\u001b[39m\n            \u001b[33mclass\u001b[39m=\u001b[32m\"p-6 pt-0 p-4 pt-6\"\u001b[39m\n          \u001b[36m>\u001b[39m\n            \u001b[36m<div\u001b[39m\n              \u001b[33mclass\u001b[39m=\u001b[32m\"grid grid-cols-2 gap-3\"\u001b[39m\n            \u001b[36m>\u001b[39m\n              \u001b[36m<div\u001b[39m\n                \u001b[33mclass\u001b[39m=\u001b[32m\"bg-slate-50 dark:bg-slate-900 rounded-none p-3 border border-slate-200 dark:border-slate-800\"\u001b[39m\n              \u001b[36m>\u001b[39m\n                \u001b[36m<div\u001b[39m\n                  \u001b[33mclass\u001b[39m=\u001b[32m\"flex items-center gap-2 mb-1\"\u001b[39m\n                \u001b[36m>\u001b[39m\n                  \u001b[36m<svg\u001b[39m\n                    \u001b[33maria-hidden\u001b[39m=\u001b[32m\"true\"\u001b[39m\n                    \u001b[33mclass\u001b[39m=\u001b[32m\"lucide lucide-users w-4 h-4 text-primary\"\u001b[39m\n                    \u001b[33mfill\u001b[39m=\u001b[32m\"none\"\u001b[39m\n                    \u001b[33mheight\u001b[39m=\u001b[32m\"24\"\u001b[39m\n                    \u001b[33mstroke\u001b[39m=\u001b[32m\"currentColor\"\u001b[39m\n                    \u001b[33mstroke-linecap\u001b[39m=\u001b[32m\"round\"\u001b[39m\n                    \u001b[33mstroke-linejoin\u001b[39m=\u001b[32m\"round\"\u001b[39m\n                    \u001b[33mstroke-width\u001b[39m=\u001b[32m\"2\"\u001b[39m\n                    \u001b[33mviewBox\u001b[39m=\u001b[32m\"0 0 24 24\"\u001b[39m\n                    \u001b[33mwidth\u001b[39m=\u001b[32m\"24\"\u001b[39m\n                    \u001b[33mxmlns\u001b[39m=\u001b[32m\"http://www.w3.org/2000/svg\"\u001b[39m\n                  \u001b[36m>\u001b[39m\n                    \u001b[36m<path\u001b[39m\n                      \u001b[33md\u001b[39m=\u001b[32m\"M16 21v-2a4 4 0 0 0-4-4H6a4 4 0 0 0-4 4v2\"\u001b[39m\n                    \u001b[36m/>\u001b[39m\n                    \u001b[36m<path\u001b[39m\n                      \u001b[33md\u001b[39m=\u001b[32m\"M16 3.128a4 4 0 0 1 0 7.744\"\u001b[39m\n                    \u001b[36m/>\u001b[39m\n                    \u001b[36m<path\u001b[39m\n                      \u001b[33md\u001b[39m=\u001b[32m\"M22 21v-2a4 4 0 0 0-3-3.87\"\u001b[39m\n                    \u001b[36m/>\u001b[39m\n                    \u001b[36m<circle\u001b[39m\n                      \u001b[33mcx\u001b[39m=\u001b[32m\"9\"\u001b[39m\n                      \u001b[33mcy\u001b[39m=\u001b[32m\"7\"\u001b[39m\n                      \u001b[33mr\u0
[...]
                \u001b[33mstroke-width\u001b[39m=\u001b[32m\"2\"\u001b[39m\n                \u001b[33mviewBox\u001b[39m=\u001b[32m\"0 0 24 24\"\u001b[39m\n                \u001b[33mwidth\u001b[39m=\u001b[32m\"24\"\u001b[39m\n                \u001b[33mxmlns\u001b[39m=\u001b[32m\"http://www.w3.org/2000/svg\"\u001b[39m\n              \u001b[36m>\u001b[39m\n                \u001b[36m<path\u001b[39m\n                  \u001b[33md\u001b[39m=\u001b[32m\"M16 21v-2a4 4 0 0 0-4-4H6a4 4 0 0 0-4 4v2\"\u001b[39m\n                \u001b[36m/>\u001b[39m\n                \u001b[36m<path\u001b[39m\n                  \u001b[33md\u001b[39m=\u001b[32m\"M16 3.128a4 4 0 0 1 0 7.744\"\u001b[39m\n                \u001b[36m/>\u001b[39m\n                \u001b[36m<path\u001b[39m\n                  \u001b[33md\u001b[39m=\u001b[32m\"M22 21v-2a4 4 0 0 0-3-3.87\"\u001b[39m\n                \u001b[36m/>\u001b[39m\n                \u001b[36m<circle\u001b[39m\n                  \u001b[33mcx\u001b[39m=\u001b[32m\"9\"\u001b[39m\n                  \u001b[33mcy\u001b[39m=\u001b[32m\"7\"\u001b[39m\n                  \u001b[33mr\u001b[39m=\u001b[32m\"4\"\u001b[39m\n                \u001b[36m/>\u001b[39m\n              \u001b[36m</svg>\u001b[39m\n              \u001b[0m Overview\u001b[0m\n            \u001b[36m</div>\u001b[39m\n          \u001b[36m</div>\u001b[39m\n          \u001b[36m<div\u001b[39m\n            \u001b[33mclass\u001b[39m=\u001b[32m\"p-6 pt-0 p-4 pt-6\"\u001b[39m\n          \u001b[36m>\u001b[39m\n            \u001b[36m<div\u001b[39m\n              \u001b[33mclass\u001b[39m=\u001b[32m\"grid grid-cols-2 gap-3\"\u001b[39m\n            \u001b[36m>\u001b[39m\n              \u001b[36m<div\u001b[39m\n                \u001b[33mclass\u001b[39m=\u001b[32m\"bg-slate-50 dark:bg-slate-900 rounded-none p-3 border border-slate-200 dark:border-slate-800\"\u001b[39m\n              \u001b[36m>\u001b[39m\n                \u001b[36m<div\u001b[39m\n                  \u001b[33mclass\u001b[39m=\u001b[32m\"flex items-center gap-2 mb-1\"\u001b[39m\n                \u001b[36m>\u001b[39m\n                  \u001b[36m<svg\u001b[39m\n                    \u001b[33maria-hidden\u001b[39m=\u001b[32m\"true\"\u001b[39m\n                    \u001b[33mclass\u001b[39m=\u001b[32m\"lucide lucide-users w-4 h-4 text-primary\"\u001b[39m\n                    \u001b[33mfill\u001b[39m=\u001b[32m\"none\"\u001b[39m\n                    \u001b[33mheight\u001b[39m=\u001b[32m\"24\"\u001b[39m\n                    \u001b[33mstroke\u001b[39m=\u001b[32m\"currentColor\"\u001b[39m\n                    \u001b[33mstroke-linecap\u001b[39m=\u001b[32m\"round\"\u001b[39m\n                    \u001b[33mstroke-linejoin\u001b[39m=\u001b[32m\"round\"\u001b[39m\n                    \u001b[33mstroke-width\u001b[39m=\u001b[32m\"2\"\u001b[39m\n                    \u001b[33mviewBox\u001b[39m=\u001b[32m\"0 0 24 24\"\u001b[39m\n                    \u001b[33mwidth\u001b[39m=\u001b[32m\"24\"\u001b[39m\n                    \u001b[33mxmlns\u001b[39m=\u001b[32m\"http://www.w3.org/2000/svg\"\u001b[39m\n                  \u001b[36m>\u001b[39m\n                    \u001b[36m<path\u001b[39m\n                      \u001b[33md\u001b[39m=\u001b[32m\"M16 21v-2a4 4 0 0 0-4-4H6a4 4 0 0 0-4 4v2\"\u001b[39m\n                    \u001b[36m/>\u001b[39m\n                    \u001b[36m<path\u001b[39m\n                      \u001b[33md\u001b[39m=\u001b[32m\"M16 3.128a4 4 0 0 1 0 7.744\"\u001b[39m\n                    \u001b[36m/>\u001b[39m\n                    \u001b[36m<path\u001b[39m\n                      \u001b[33md\u001b[39m=\u001b[32m\"M22 21v-2a4 4 0 0 0-3-3.87\"\u001b[39m\n                    \u001b[36m/>\u001b[39m\n                    \u001b[36m<circle\u001b[39m\n                      \u001b[33mcx\u001b[39m=\u001b[32m\"9\"\u001b[39m\n                      \u001b[33mcy\u001b[39m=\u001b[32m\"7\"\u001b[39m\n                      \u001b[33mr\u001b[39m=\u001b[32m\"4\"\u001b[39m\n                    \u001b[36m/>\u001b[39m\n                  \u001b[36m</svg>\u001b[39m\n                  \u001b[36m<span\u001b[39m\n                    \u001b[33mclass\u001b[39m=\u001b[32m\"text-xs font-medium text-slate-500 dark:text-slate-400 uppercase\"\u001b[39m\n                  \u001b[36m>\u001b[39m\n                    \u001b[0mRecords\u001b[0m\n                  \u001b[36m</span>\u001b[39m\n                \u001b[36m</div>\u001b[39m\n                \u001b[36m<div\u001b[39m\n                  \u001b[33mclass\u001b[39m=\u001b[32m\"text-2xl font-bold text-slate-900 dark:text-white\"\u001b[39m\n                \u001b[36m>\u001b[39m\n                  \u001b[0m3\u001b[0m\n                \u001b[36m</div>\u001b[39m\n              \u001b[36m</div>\u001b[39m\n              \u001b[36m<div\u001b[39m\n                \u001b[33mclass\u001b[39m=\u001b[32m\"bg-slate-50 dark:bg-slate-900 rounded-none p-3 border border-slate-200 dark:border-slate-800\"\u001b[39m\n              \u001b[36m>\u001b[39m\n                \u001b[36m<div\u001b[39m\n                  \u001b[33mclass\u001b[39m=\u001b[32m\"flex items-center gap-2 mb-1\"\u001b[39m\n                \u001b[36m>\u001b[39m\n                  \u001b[36m<svg\u001b[39m\n                    \u001b[33maria-hidden\u001b[39m=\u001b[32m\"true\"\u001b[39m\n                    \u001b[33mclass\u001b[39m=\u001b[32m\"lucide lucide-triangle-alert w-4 h-4 text-red-500\"\u001b[39m\n                    \u001b[33mfill\u001b[39m=\u001b[32m\"none\"\u001b[39m\n                    \u001b[33mheight\u001b[39m=\u001b[32m\"24\"\u001b[39m\n                    \u001b[33mstroke\u001b[39m=\u001b[32m\"currentColor\"\u001b[39m\n                    \u001b[33mstroke-linecap\u001b[39m=\u001b[32m\"round\"\u001b[39m\n                    \u001b[33mstroke-linejoin\u001b[39m=\u001b[32m\"round\"\u001b[39m\n                    \u001b[33mstroke-width\u001b[39m=\u001b[32m\"2\"\u001b[39m\n                    \u001b[33mviewBox\u001b[39m=\u001b[32m\"0 0 24 24\"\u001b[39m\n                    \u001b[33mwidth\u001b[39m=\u001b[32m\"24\"\u001b[39m\n                    \u001b[33mxmlns\u001b[39m=\u001b[32m\"http://www.w3.org/2000/svg\"\u001b[39m\n                  \u001b[36m>\u001b[39m\n                    \u001b[36m<path\u001b[39m\n                      \u001b[33md\u001b[39m=\u001b[32m\"m21.73 18-8-14a2 2 0 0 0-3.48 0l-8 14A2 2 0 0 0 4 21h16a2 2 0 0 0 1.73-3\"\u001b[39m\n                    \u001b[36m/>\u001b[39m\n                    \u001b[36m<path\u001b[39m\n                      \u001b[33md\u001b[39m=\u001b[32m\"M12 9v4\"\u001b[39m\n                    \u001b[36m/>\u001b[39m\n                    \u001b[36m<path\u001b[39m\n                      \u001b[33md\u001b[39m=\u001b[32m\"M12 17h.01\"\u001b[39m\n                    \u001b[36m/>\u001b[39m\n                  \u001b[36m</svg>\u001b[39m\n                  \u001b[36m<span\u001b[39m\n                    \u001b[33mclass\u001b[39m=\u001b[32m\"text-xs font-medium text-slate-500 dark:text-slate-400 uppercase\"\u001b[39m\n                  \u001b[36m>\u001b[39m\n                    \u001b[0mSevere\u001b[0m\n                  \u001b[36m</span>\u001b[39m\n                \u001b[36m</div>\u001b[39m\n                \u001b[36m<div\u001b[39m\n                  \u001b[33mclass\u001b[39m=\u001b[32m\"flex items-baseline gap-1\"\u001b[39m\n                \u001b[36m>\u001b[39m\n                  \u001b[36m<span\u001b[...\n    at Proxy.waitForWrapper (/Users/monchee/Projects/anaesthetic-allergy-clinic/node_modules/@testing-library/dom/dist/wait-for.js:163:27)\n    at /Users/monchee/Projects/anaesthetic-allergy-clinic/components/Dashboard.test.tsx:443:13\n    at file:///Users/monchee/Projects/anaesthetic-allergy-clinic/node_modules/@vitest/runner/dist/index.js:1258:20"],"meta":{},"tags":[]},{"ancestorTitles":["Dashboard","Advanced Filters"],"fullName":"Dashboard Advanced Filters clears all filters","status":"failed","title":"clears all filters","duration":1112.3340830000006,"failureMessages":["Error: Found multiple elements with the text: /Doe, John/i\n\nHere are the matching elements:\n\nIgnored nodes: comments, script, style\n\u001b[36m<div\u001b[39m\n  \u001b[33mclass\u001b[39m=\u001b[32m\"truncate max-w-[180px]\"\u001b[39m\n  \u001b[33mtitle\u001b[39m=\u001b[32m\"Doe, John\"\u001b[39m\n\u001b[36m>\u001b[39m\n  \u001b[0mDoe\u001b[0m\n  \u001b[0m, \u001b[0m\n  \u001b[0mJohn\u001b[0m\n\u001b[36m</div>\u001b[39m\n\nIgnored nodes: comments, script, style\n\u001b[36m<div\u001b[39m\n  \u001b[33mclass\u001b[39m=\u001b[32m\"font-bold text-slate-900 dark:text-slate-100\"\u001b[39m\n\u001b[36m>\u001b[39m\n  \u001b[0mDoe\u001b[0m\n  \u001b[0m, \u001b[0m\n  \u001b[0mJohn\u001b[0m\n\u001b[36m</div>\u001b[39m\n\nIgnored nodes: comments, script, style\n\u001b[36m<td\u001b[39m\n  \u001b[33mclass\u001b[39m=\u001b[32m\"px-4 py-3 font-medium text-slate-900 dark:text-slate-100 group-hover:text-primary dark:group-hover:text-primary transition-colors\"\u001b[39m\n\u001b[36m>\u001b[39m\n  \u001b[0mDoe\u001b[0m\n  \u001b[0m, \u001b[0m\n  \u001b[0mJohn\u001b[0m\n\u001b[36m</td>\u001b[39m\n\n(If this is intentional, then use the `*AllBy*` variant of the query (like `queryAllByText`, `getAllByText`, or `findAllByText`)).\n\nIgnored nodes: comments, script, style\n\u001b[36m<body>\u001b[39m\n  \u001b[36m<span\u001b[39m\n    \u001b[33mdata-radix-focus-guard\u001b[39m=\u001b[32m\"\"\u001b[39m\n    \u001b[33mstyle\u001b[39m=\u001b[32m\"outline: none; opacity: 0; position: fixed; pointer-events: none;\"\u001b[39m\n    \u001b[33mtabindex\u001b[39m=\u001b[32m\"0\"\u001b[39m\n  \u001b[36m/>\u001b[39m\n  \u001b[36m<div>\u001b[39m\n    \u001b[36m<div\u001b[39m\n      \u001b[33mclass\u001b[39m=\u001b[32m\"space-y-8\"\u001b[39m\n    \u001b[36m>\u001b[39m\n      \u001b[36m<div\u001b[39m\n        \u001b[33mclass\u001b[39m=\u001b[32m\"grid grid-cols-1 lg:grid-cols-3 gap-4\"\u001b[39m\n      \u001b[36m>\u001b[39m\n        \u001b[36m<div\u001b[39m\n          \u001b[33mclass\u001b[39m=\u001b[32m\"rounded-none border bg-card text-card-foreground shadow lg:col-span-1 shadow-sm\"\u001b[39m\n        \u001b[36m>\u001b[39m\n          \u001b[36m<div\u001b[39m\n            \u001b[33mclass\u001b[39m=\u001b[32m\"flex flex-col space-y-1.5 p-6 pb-3 border-b border-slate-100 dark:border-slate-800 bg-slate-50 dark:bg-slate-900\"\u001b[39m\n          \u001b[36m>\u001b[39m\n            \u001b[36m<div\u001b[39m\n              \u001b[33mclass\u001b[39m=\u001b[32m\"font-semibold leading-none tracking-tight text-primary dark:text-primary-foreground text-base text-slate-900 dark:text-slate-100 flex items-center gap-2\"\u001b[39m\n            \u001b[36m>\u001b[39m\n              \u001b[36m<svg\u001b[39m\n                \u001b[33maria-hidden\u001b[39m=\u001b[32m\"true\"\u001b[39m\n                \u001b[33mclass\u001b[39m=\u001b[32m\"lucide lucide-users w-4 h-4 text-primary dark:text-primary\"\u001b[39m\n                \u001b[33mfill\u001b[39m=\u001b[32m\"none\"\u001b[39m\n                \u001b[33mheight\u001b[39m=\u001b[32m\"24\"\u001b[39m\n                \u001b[33mstroke\u001b[39m=\u001b[32m\"currentColor\"\u001b[39m\n                \u001b[33mstroke-linecap\u001b[39m=\u001b[32m\"round\"\u001b[39m\n                \u001b[33mstroke-linejoin\u001b[39m=\u001b[32m\"round\"\u001b[39m\n                \u001b[33mstroke-width\u001b[39m=\u001b[32m\"2\"\u001b[39m\n                \u001b[33mviewBox\u001b[39m=\u001b[32m\"0 0 24 24\"\u001b[39m\n                \u001b[33mwidth\u001b[39m=\u001b[32m\"24\"\u001b[39m\n                \u001b[33mxmlns\u001b[39m=\u001b[32m\"http://www.w3.org/2000/svg\"\u001b[39m\n              \u001b[36m>\u001b[39m\n                \u001b[36m<path\u001b[39m\n                  \u001b[33md\u001b[39m=\u001b[32m\"M16 21v-2a4 4 0 0 0-4-4H6a4 4 0 0 0-4 4v2\"\u001b[39m\n                \u001b[36m/>\u001b[39m\n                \u001b[36m<path\u001b[39m\n                  \u001b[33md\u001b[39m=\u001b[32m\"M16 3.128a4 4 0 0 1 0 7.744\"\u001b[39m\n                \u001b[36m/>\u001b[39m\n                \u001b[36m<path\u001b[39m\n                  \u001b[33md\u001b[39m=\u001b[32m\"M22 21v-2a4 4 0 0 0-3-3.87\"\u001b[39m\n                \u001b[36m/>\u001b[39m\n                \u001b[36m<circle\u001b[39m\n                  \u001b[33mcx\u001b[39m=\u001b[32m\"9\"\u001b[39m\n                  \u001b[33mcy\u001b[39m=\u001b[32m\"7\"\u001b[39m\n                  \u001b[33mr\u001b[39m=\u001b[32m\"4\"\u001b[39m\n                \u001b[36m/>\u001b[39m\n              \u001b[36m</svg>\u001b[39m\n              \u001b[0m Overview\u001b[0m\n            \u001b[36m</div>\u001b[39m\n          \u001b[36m</div>\u001b[39m\n          \u001b[36m<div\u001b[39m\n            \u001b[33mclass\u001b[39m=\u001b[32m\"p-6 pt-0 p-4 pt-6\"\u001b[39m\n          \u001b[36m>\u001b[39m\n            \u001b[36m<div\u001b[39m\n              \u001b[33mclass\u001b[39m=\u001b[32m\"grid grid-cols-2 gap-3\"\u001b[39m\n            \u001b[36m>\u001b[39m\n              \u001b[36m<div\u001b[39m\n                \u001b[33mclass\u001b[39m=\u001b[32m\"bg-slate-50 dark:bg-slate-900 rounded-none p-3 border border-slate-200 dark:border-slate-800\"\u001b[39m\n              \u001b[36m>\u001b[39m\n                \u001b[36m<div\u001b[39m\n                  \u001b[33mclass\u001b[39m=\u001b[32m\"flex items-center gap-2 mb-1\"\u001b[39m\n                \u001b[36m>\u001b[39m\n                  \u001b[36m<svg\u001b[39m\n                    \u001b[33maria-hidden\u001b[39m=\u001b[32m\"true\"\u001b[39m\n                    \u001b[33mclass\u001b[39m=\u001b[32m\"lucide lucide-users w-4 h-4 text-primary\"\u001b[39m\n                    \u001b[33mfill\u001b[39m=\u001b[32m\"none\"\u001b[39m\n                    \u001b[33mheight\u001b[39m=\u001b[32m\"24\"\u001b[39m\n                    \u001b[33mstroke\u001b[39m=\u001b[32m\"currentColor\"\u001b[39m\n                    \u001b[33mstroke-linecap\u001b[39m=\u001b[32m\"round\"\u001b[39m\n                    \u001b[33mstroke-linejoin\u001b[39m=\u001b[32m\"round\"\u001b[39m\n                    \u001b[33mstroke-width\u001b[39m=\u001b[32m\"2\"\u001b[39m\n                    \u001b[33mviewBox\u001b[39m=\u001b[32m\"0 0 24 24\"\u001b[39m\n                    \u001b[33mwidth\u001b[39m=\u001b[32m\"24\"\u001b[39m\n                    \u001b[33mxmlns\u001b[39m=\u001b[32m\"http://www.w3.org/2000/svg\"\u001b[39m\n                  \u001b[36m>\u001b[39m\n                    \u001b[36m<path\u001b[39m\n                      \u001b[33md\u001b[39m=\u001b[32m\"M16 21v-2a4 4 0 0 0-4-4H6a4 4 0 0 0-4 4v2\"\u001b[39m\n                    \u001b[36m/>\u001b[39m\n                    \u001b[36m<path\u001b[39m\n                      \u001b[33md\u001b[39m=\u001b[32m\"M16 3.128a4 4 0 0 1 0 7.744\"\u001b[39m\n                    \u001b[36m/>\u001b[39m\n                    \u001b[36m<path\u001b[39m\n                      \u001b[33md\u001b[39m=\u001b[32m\"M22 21v-2a4 4 0 0 0-3-3.87\"\u001b[39m\n                    \u001b[36m/>\u001b[39m\n                    \u001b[36m<circle\u001b[39m\n                      \u001b[33mcx\u001b[39m=\u001b[32m\"9\"\u001b[39m\n                      \u001b[33mcy\u001b[39m=\u001b[32m\"7\"\u001b[39m\n                      \u001b[33mr\u001b[39m=\u001b[32m\"4\"\u001b[39m\n                    \u001b[36m/>\u001b[39m\n                  \u001b[36m</svg>\u001b[39m\n                  \u001b[36m<span\u001b[39m\n                    \u001b[33mclass\u001b[39m=\u001b[32m\"text-xs font-medium text-slate-500 dark:text-slate-400 uppercase\"\u001b[39m\n                  \u001b[36m>\u001b[39m\n                    \u001b[0mRecords\u001b[0m\n                  \u001b[36m</span>\u001b[39m\n                \u001b[36m</div>\u001b[39m\n                \u001b[36m<div\u001b[39m\n                  \u001b[33mclass\u001b[39m=\u001b[32m\"text-2xl font-bold text-slate-900 dark:text-white\"\u001b[39m\n                \u001b[36m>\u001b[39m\n                  \u001b[0m3\u001b[0m\n                \u001b[36m</div>\u001b[39m\n              \u001b[36m</div>\u001b[39m\n              \u001b[36m<div\u001b[39m\n                \u001b[33mclass\u001b[39m=\u001b[32m\"bg-slate-50 dark:bg-slate-900 rounded-none p-3 border border-slate-200 dark:border-slate-800\"\u001b[39m\n              \u001b[36m>\u001b[39m\n                \u001b[36m<div\u001b[39m\n                  \u001b[33mclass\u001b[39m=\u001b[32m\"flex items-center gap-2 mb-1\"\u001b[39m\n                \u001b[36m>\u001b[39m\n                  \u001b[36m<svg\u001b[39m\n                    \u001b[33maria-hidden\u001b[39m=\u001b[32m\"true\"\u001b[39m\n                    \u001b[33mclass\u001b[39m=\u001b[32m\"lucide lucide-triangle-alert w-4 h-4 text-red-500\"\u001b[39m\n                    \u001b[33mfill\u001b[39m=\u001b[32m\"none\"\u001b[39m\n                    \u001b[33mheight\u001b[39m=\u001b[32m\"24\"\u001b[39m\n                    \u001b[33mstroke\u001b[39m=\u001b[32m\"currentColor\"\u001b[39m\n                    \u001b[33mstroke-linecap\u001b[39m=\u001b[32m\"round\"\u001b[39m\n                    \u001b[33mstroke-linejoin\u001b[39m=\u001b[32m\"round\"\u001b[39m\n                    \u001b[33mstroke-width\u001b[39m=\u001b[32m\"2\"\u001b[39m\n                    \u001b[33mviewBox\u001b[39m=\u001b[32m\"0 0 24 24\"\u001b[39m\n                    \u001b[33mwidth\u001b[39m=\u001b[32m\"24\"\u001b[39m\n                    \u001b[33mxmlns\u001b[39m=\u001b[32m\"http://www.w3.org/2000/svg\"\u001b[39m\n                  \u001b[36m>\u001b[39m\n                    \u001b[36m<path\u001b[39m\n                      \u001b[33md\u001b[39m=\u001b[32m\"m21.73 18-8-14a2 2 0 0 0-3.48 0l-8 14A2 2 0 0 0 4 21h16a2 2 0 0 0 1.73-3\"\u001b[39m\n                    \u001b[36m/>\u001b[39m\n                    \u001b[36m<path\u001b[39m\n                      \u001b[33md\u001b[39m=\u001b[32m\"M12 9v4\"\u001b[39m\n                    \u001b[36m/>\u001b[39m\n                    \u001b[36m<path\u001b[39m\n                      \u001b[33md\u001b[39m=\u001b[32m\"M12 17h.01\"\u001b[39m\n                    \u001b[36m/>\u001b[39m\n                  \u001b[36m</svg>\u001b[39m\n                  \u001b[36m<span\u001b[39m\n                    \u001b[33mclass\u001b[39m=\u001b[32m\"text-xs font-medium text-slate-500 dark:text-slate-400 uppercase\"\u001b[39m\n                  \u001b[36m>\u001b[39m\n                    \u001b[0mSevere\u001b[0m\n                  \u001b[36m</span>\u001b[39m\n                \u001b[36m</div>\u001b[39m\n                \u001b[36m<div\u001b[39m\n                  \u001b[33mclass\u001b[39m=\u001b[32m\"flex items-baseline gap-1\"\u001b[39m\n                \u001b[36m>\u001b[39m\n                  \u001b[36m<span\u001b[...\n    at Proxy.waitForWrapper (/Users/monchee/Projects/anaesthetic-allergy-clinic/node_modules/@testing-library/dom/dist/wait-for.js:163:27)\n    at /Users/monchee/Projects/anaesthetic-allergy-clinic/components/Dashboard.test.tsx:461:13\n    at runNextTicks (node:internal/process/task_queues:64:5)\n    at processTimers (node:internal/timers:538:9)\n    at file:///Users/monchee/Projects/anaesthetic-allergy-clinic/node_modules/@vitest/runner/dist/index.js:1258:20"],"meta":{},"tags":[]},{"ancestorTitles":["Dashboard","Accessibility"],"fullName":"Dashboard Accessibility has proper ARIA labels on search input","status":"passed","title":"has proper ARIA labels on search input","duration":17.91437500000029,"failureMessages":[],"meta":{},"tags":[]},{"ancestorTitles":["Dashboard","Accessibility"],"fullName":"Dashboard Accessibility has proper ARIA labels on buttons","status":"passed","title":"has proper ARIA labels on buttons","duration":27.565708000000086,"failureMessages":[],"meta":{},"tags":[]},{"ancestorTitles":["Dashboard","Accessibility"],"fullName":"Dashboard Accessibility is keyboard navigable","status":"passed","title":"is keyboard navigable","duration":11.494457999999213,"failureMessages":[],"meta":{},"tags":[]}],"startTime":1773394688212,"endTime":1773394696265.4944,"status":"failed","message":"","name":"/Users/monchee/Projects/anaesthetic-allergy-clinic/components/Dashboard.test.tsx"}]}