{"/Users/monchee/Projects/anaesthetic-allergy-clinic/App.tsx": {"path":"/Users/monchee/Projects/anaesthetic-allergy-clinic/App.tsx","statementMap":{"0":{"start":{"line":32,"column":21},"end":{"line":32,"column":null}},"1":{"start":{"line":59,"column":2},"end":{"line":59,"column":null}},"2":{"start":{"line":61,"column":22},"end":{"line":63,"column":null}},"3":{"start":{"line":62,"column":4},"end":{"line":62,"column":null}},"4":{"start":{"line":66,"column":30},"end":{"line":636,"column":null}},"5":{"start":{"line":67,"column":4},"end":{"line":88,"column":null}},"6":{"start":{"line":68,"column":8},"end":{"line":86,"column":null}},"7":{"start":{"line":80,"column":43},"end":{"line":80,"column":66}},"8":{"start":{"line":90,"column":4},"end":{"line":111,"column":null}},"9":{"start":{"line":91,"column":8},"end":{"line":109,"column":null}},"10":{"start":{"line":103,"column":43},"end":{"line":103,"column":66}},"11":{"start":{"line":113,"column":4},"end":{"line":134,"column":null}},"12":{"start":{"line":114,"column":8},"end":{"line":132,"column":null}},"13":{"start":{"line":126,"column":43},"end":{"line":126,"column":66}},"14":{"start":{"line":136,"column":4},"end":{"line":157,"column":null}},"15":{"start":{"line":137,"column":8},"end":{"line":155,"column":null}},"16":{"start":{"line":149,"column":43},"end":{"line":149,"column":66}},"17":{"start":{"line":159,"column":4},"end":{"line":180,"column":null}},"18":{"start":{"line":160,"column":8},"end":{"line":178,"column":null}},"19":{"start":{"line":172,"column":43},"end":{"line":172,"column":66}},"20":{"start":{"line":182,"column":4},"end":{"line":203,"column":null}},"21":{"start":{"line":183,"column":8},"end":{"line":201,"column":null}},"22":{"start":{"line":195,"column":43},"end":{"line":195,"column":66}},"23":{"start":{"line":205,"column":4},"end":{"line":226,"column":null}},"24":{"start":{"line":206,"column":8},"end":{"line":224,"column":null}},"25":{"start":{"line":218,"column":43},"end":{"line":218,"column":66}},"26":{"start":{"line":228,"column":4},"end":{"line":249,"column":null}},"27":{"start":{"line":229,"column":8},"end":{"line":247,"column":null}},"28":{"start":{"line":241,"column":43},"end":{"line":241,"column":66}},"29":{"start":{"line":251,"column":4},"end":{"line":272,"column":null}},"30":{"start":{"line":252,"column":8},"end":{"line":270,"column":null}},"31":{"start":{"line":264,"column":43},"end":{"line":264,"column":66}},"32":{"start":{"line":274,"column":4},"end":{"line":295,"column":null}},"33":{"start":{"line":275,"column":8},"end":{"line":293,"column":null}},"34":{"start":{"line":287,"column":43},"end":{"line":287,"column":66}},"35":{"start":{"line":297,"column":4},"end":{"line":318,"column":null}},"36":{"start":{"line":298,"column":8},"end":{"line":316,"column":null}},"37":{"start":{"line":310,"column":43},"end":{"line":310,"column":66}},"38":{"start":{"line":320,"column":4},"end":{"line":355,"column":null}},"39":{"start":{"line":321,"column":8},"end":{"line":353,"column":null}},"40":{"start":{"line":333,"column":43},"end":{"line":333,"column":66}},"41":{"start":{"line":345,"column":24},"end":{"line":345,"column":null}},"42":{"start":{"line":346,"column":24},"end":{"line":346,"column":null}},"43":{"start":{"line":347,"column":24},"end":{"line":347,"column":null}},"44":{"start":{"line":357,"column":4},"end":{"line":392,"column":null}},"45":{"start":{"line":358,"column":8},"end":{"line":390,"column":null}},"46":{"start":{"line":370,"column":43},"end":{"line":370,"column":72}},"47":{"start":{"line":381,"column":43},"end":{"line":381,"column":78}},"48":{"start":{"line":394,"column":4},"end":{"line":429,"column":null}},"49":{"start":{"line":395,"column":8},"end":{"line":427,"column":null}},"50":{"start":{"line":407,"column":43},"end":{"line":407,"column":72}},"51":{"start":{"line":415,"column":43},"end":{"line":415,"column":70}},"52":{"start":{"line":431,"column":4},"end":{"line":458,"column":null}},"53":{"start":{"line":432,"column":8},"end":{"line":456,"column":null}},"54":{"start":{"line":445,"column":43},"end":{"line":445,"column":66}},"55":{"start":{"line":454,"column":37},"end":{"line":454,"column":null}},"56":{"start":{"line":460,"column":4},"end":{"line":490,"column":null}},"57":{"start":{"line":461,"column":8},"end":{"line":488,"column":null}},"58":{"start":{"line":473,"column":43},"end":{"line":473,"column":66}},"59":{"start":{"line":493,"column":4},"end":{"line":634,"column":null}},"60":{"start":{"line":505,"column":39},"end":{"line":505,"column":68}},"61":{"start":{"line":533,"column":51},"end":{"line":533,"column":null}},"62":{"start":{"line":560,"column":57},"end":{"line":560,"column":null}},"63":{"start":{"line":568,"column":57},"end":{"line":568,"column":null}},"64":{"start":{"line":578,"column":57},"end":{"line":578,"column":null}},"65":{"start":{"line":587,"column":57},"end":{"line":587,"column":null}},"66":{"start":{"line":594,"column":57},"end":{"line":594,"column":null}},"67":{"start":{"line":601,"column":51},"end":{"line":601,"column":82}},"68":{"start":{"line":618,"column":28},"end":{"line":618,"column":null}},"69":{"start":{"line":619,"column":28},"end":{"line":619,"column":null}},"70":{"start":{"line":620,"column":28},"end":{"line":620,"column":null}},"71":{"start":{"line":627,"column":43},"end":{"line":627,"column":null}},"72":{"start":{"line":638,"column":2},"end":{"line":638,"column":null}},"73":{"start":{"line":642,"column":2},"end":{"line":650,"column":null}}},"fnMap":{"0":{"name":"AnaestheticLogApp","decl":{"start":{"line":34,"column":9},"end":{"line":34,"column":29}},"loc":{"start":{"line":34,"column":29},"end":{"line":639,"column":null}},"line":34},"1":{"name":"(anonymous_1)","decl":{"start":{"line":61,"column":22},"end":{"line":61,"column":28}},"loc":{"start":{"line":61,"column":28},"end":{"line":63,"column":null}},"line":61},"2":{"name":"(anonymous_2)","decl":{"start":{"line":66,"column":30},"end":{"line":66,"column":36}},"loc":{"start":{"line":66,"column":36},"end":{"line":636,"column":null}},"line":66},"3":{"name":"(anonymous_3)","decl":{"start":{"line":80,"column":37},"end":{"line":80,"column":43}},"loc":{"start":{"line":80,"column":43},"end":{"line":80,"column":66}},"line":80},"4":{"name":"(anonymous_4)","decl":{"start":{"line":103,"column":37},"end":{"line":103,"column":43}},"loc":{"start":{"line":103,"column":43},"end":{"line":103,"column":66}},"line":103},"5":{"name":"(anonymous_5)","decl":{"start":{"line":126,"column":37},"end":{"line":126,"column":43}},"loc":{"start":{"line":126,"column":43},"end":{"line":126,"column":66}},"line":126},"6":{"name":"(anonymous_6)","decl":{"start":{"line":149,"column":37},"end":{"line":149,"column":43}},"loc":{"start":{"line":149,"column":43},"end":{"line":149,"column":66}},"line":149},"7":{"name":"(anonymous_7)","decl":{"start":{"line":172,"column":37},"end":{"line":172,"column":43}},"loc":{"start":{"line":172,"column":43},"end":{"line":172,"column":66}},"line":172},"8":{"name":"(anonymous_8)","decl":{"start":{"line":195,"column":37},"end":{"line":195,"column":43}},"loc":{"start":{"line":195,"column":43},"end":{"line":195,"column":66}},"line":195},"9":{"name":"(anonymous_9)","decl":{"start":{"line":218,"column":37},"end":{"line":218,"column":43}},"loc":{"start":{"line":218,"column":43},"end":{"line":218,"column":66}},"line":218},"10":{"name":"(anonymous_10)","decl":{"start":{"line":241,"column":37},"end":{"line":241,"column":43}},"loc":{"start":{"line":241,"column":43},"end":{"line":241,"column":66}},"line":241},"11":{"name":"(anonymous_11)","decl":{"start":{"line":264,"column":37},"end":{"line":264,"column":43}},"loc":{"start":{"line":264,"column":43},"end":{"line":264,"column":66}},"line":264},"12":{"name":"(anonymous_12)","decl":{"start":{"line":287,"column":37},"end":{"line":287,"column":43}},"loc":{"start":{"line":287,"column":43},"end":{"line":287,"column":66}},"line":287},"13":{"name":"(anonymous_13)","decl":{"start":{"line":310,"column":37},"end":{"line":310,"column":43}},"loc":{"start":{"line":310,"column":43},"end":{"line":310,"column":66}},"line":310},"14":{"name":"(anonymous_14)","decl":{"start":{"line":333,"column":37},"end":{"line":333,"column":43}},"loc":{"start":{"line":333,"column":43},"end":{"line":333,"column":66}},"line":333},"15":{"name":"(anonymous_15)","decl":{"start":{"line":344,"column":31},"end":{"line":344,"column":32}},"loc":{"start":{"line":344,"column":40},"end":{"line":348,"column":null}},"line":344},"16":{"name":"(anonymous_16)","decl":{"start":{"line":370,"column":37},"end":{"line":370,"column":43}},"loc":{"start":{"line":370,"column":43},"end":{"line":370,"column":72}},"line":370},"17":{"name":"(anonymous_17)","decl":{"start":{"line":381,"column":37},"end":{"line":381,"column":43}},"loc":{"start":{"line":381,"column":43},"end":{"line":381,"column":78}},"line":381},"18":{"name":"(anonymous_18)","decl":{"start":{"line":407,"column":37},"end":{"line":407,"column":43}},"loc":{"start":{"line":407,"column":43},"end":{"line":407,"column":72}},"line":407},"19":{"name":"(anonymous_19)","decl":{"start":{"line":415,"column":37},"end":{"line":415,"column":43}},"loc":{"start":{"line":415,"column":43},"end":{"line":415,"column":70}},"line":415},"20":{"name":"(anonymous_20)","decl":{"start":{"line":445,"column":37},"end":{"line":445,"column":43}},"loc":{"start":{"line":445,"column":43},"end":{"line":445,"column":66}},"line":445},"21":{"name":"(anonymous_21)","decl":{"start":{"line":454,"column":31},"end":{"line":454,"column":37}},"loc":{"start":{"line":454,"column":37},"end":{"line":454,"column":null}},"line":454},"22":{"name":"(anonymous_22)","decl":{"start":{"line":473,"column":37},"end":{"line":473,"column":43}},"loc":{"start":{"line":473,"column":43},"end":{"line":473,"column":66}},"line":473},"23":{"name":"(anonymous_23)","decl":{"start":{"line":505,"column":33},"end":{"line":505,"column":39}},"loc":{"start":{"line":505,"column":39},"end":{"line":505,"column":68}},"line":505},"24":{"name":"(anonymous_24)","decl":{"start":{"line":533,"column":45},"end":{"line":533,"column":51}},"loc":{"start":{"line":533,"column":51},"end":{"line":533,"column":null}},"line":533},"25":{"name":"(anonymous_25)","decl":{"start":{"line":560,"column":50},"end":{"line":560,"column":51}},"loc":{"start":{"line":560,"column":57},"end":{"line":560,"column":null}},"line":560},"26":{"name":"(anonymous_26)","decl":{"start":{"line":568,"column":50},"end":{"line":568,"column":51}},"loc":{"start":{"line":568,"column":57},"end":{"line":568,"column":null}},"line":568},"27":{"name":"(anonymous_27)","decl":{"start":{"line":578,"column":50},"end":{"line":578,"column":51}},"loc":{"start":{"line":578,"column":57},"end":{"line":578,"column":null}},"line":578},"28":{"name":"(anonymous_28)","decl":{"start":{"line":587,"column":50},"end":{"line":587,"column":51}},"loc":{"start":{"line":587,"column":57},"end":{"line":587,"column":null}},"line":587},"29":{"name":"(anonymous_29)","decl":{"start":{"line":594,"column":50},"end":{"line":594,"column":51}},"loc":{"start":{"line":594,"column":57},"end":{"line":594,"column":null}},"line":594},"30":{"name":"(anonymous_30)","decl":{"start":{"line":601,"column":45},"end":{"line":601,"column":51}},"loc":{"start":{"line":601,"column":51},"end":{"line":601,"column":82}},"line":601},"31":{"name":"(anonymous_31)","decl":{"start":{"line":617,"column":35},"end":{"line":617,"column":36}},"loc":{"start":{"line":617,"column":45},"end":{"line":621,"column":null}},"line":617},"32":{"name":"(anonymous_32)","decl":{"start":{"line":627,"column":37},"end":{"line":627,"column":43}},"loc":{"start":{"line":627,"column":43},"end":{"line":627,"column":null}},"line":627},"33":{"name":"App","decl":{"start":{"line":641,"column":9},"end":{"line":641,"column":15}},"loc":{"start":{"line":641,"column":15},"end":{"line":652,"column":null}},"line":641}},"branchMap":{"0":{"loc":{"start":{"line":67,"column":4},"end":{"line":88,"column":null}},"type":"if","locations":[{"start":{"line":67,"column":4},"end":{"line":88,"column":null}},{"start":{},"end":{}}],"line":67},"1":{"loc":{"start":{"line":90,"column":4},"end":{"line":111,"column":null}},"type":"if","locations":[{"start":{"line":90,"column":4},"end":{"line":111,"column":null}},{"start":{},"end":{}}],"line":90},"2":{"loc":{"start":{"line":113,"column":4},"end":{"line":134,"column":null}},"type":"if","locations":[{"start":{"line":113,"column":4},"end":{"line":134,"column":null}},{"start":{},"end":{}}],"line":113},"3":{"loc":{"start":{"line":136,"column":4},"end":{"line":157,"column":null}},"type":"if","locations":[{"start":{"line":136,"column":4},"end":{"line":157,"column":null}},{"start":{},"end":{}}],"line":136},"4":{"loc":{"start":{"line":159,"column":4},"end":{"line":180,"column":null}},"type":"if","locations":[{"start":{"line":159,"column":4},"end":{"line":180,"column":null}},{"start":{},"end":{}}],"line":159},"5":{"loc":{"start":{"line":182,"column":4},"end":{"line":203,"column":null}},"type":"if","locations":[{"start":{"line":182,"column":4},"end":{"line":203,"column":null}},{"start":{},"end":{}}],"line":182},"6":{"loc":{"start":{"line":205,"column":4},"end":{"line":226,"column":null}},"type":"if","locations":[{"start":{"line":205,"column":4},"end":{"line":226,"column":null}},{"start":{},"end":{}}],"line":205},"7":{"loc":{"start":{"line":228,"column":4},"end":{"line":249,"column":null}},"type":"if","locations":[{"start":{"line":228,"column":4},"end":{"line":249,"column":null}},{"start":{},"end":{}}],"line":228},"8":{"loc":{"start":{"line":251,"column":4},"end":{"line":272,"column":null}},"type":"if","locations":[{"start":{"line":251,"column":4},"end":{"line":272,"column":null}},{"start":{},"end":{}}],"line":251},"9":{"loc":{"start":{"line":274,"column":4},"end":{"line":295,"column":null}},"type":"if","locations":[{"start":{"line":274,"column":4},"end":{"line":295,"column":null}},{"start":{},"end":{}}],"line":274},"10":{"loc":{"start":{"line":297,"column":4},"end":{"line":318,"column":null}},"type":"if","locations":[{"start":{"line":297,"column":4},"end":{"line":318,"column":null}},{"start":{},"end":{}}],"line":297},"11":{"loc":{"start":{"line":320,"column":4},"end":{"line":355,"column":null}},"type":"if","locations":[{"start":{"line":320,"column":4},"end":{"line":355,"column":null}},{"start":{},"end":{}}],"line":320},"12":{"loc":{"start":{"line":357,"column":4},"end":{"line":392,"column":null}},"type":"if","locations":[{"start":{"line":357,"column":4},"end":{"line":392,"column":null}},{"start":{},"end":{}}],"line":357},"13":{"loc":{"start":{"line":357,"column":8},"end":{"line":357,"column":54}},"type":"binary-expr","locations":[{"start":{"line":357,"column":8},"end":{"line":357,"column":37}},{"start":{"line":357,"column":37},"end":{"line":357,"column":54}}],"line":357},"14":{"loc":{"start":{"line":394,"column":4},"end":{"line":429,"column":null}},"type":"if","locations":[{"start":{"line":394,"column":4},"end":{"line":429,"column":null}},{"start":{},"end":{}}],"line":394},"15":{"loc":{"start":{"line":394,"column":8},"end":{"line":394,"column":62}},"type":"binary-expr","locations":[{"start":{"line":394,"column":8},"end":{"line":394,"column":45}},{"start":{"line":394,"column":45},"end":{"line":394,"column":62}}],"line":394},"16":{"loc":{"start":{"line":431,"column":4},"end":{"line":458,"column":null}},"type":"if","locations":[{"start":{"line":431,"column":4},"end":{"line":458,"column":null}},{"start":{},"end":{}}],"line":431},"17":{"loc":{"start":{"line":431,"column":8},"end":{"line":431,"column":76}},"type":"binary-expr","locations":[{"start":{"line":431,"column":8},"end":{"line":431,"column":40}},{"start":{"line":431,"column":40},"end":{"line":431,"column":59}},{"start":{"line":431,"column":59},"end":{"line":431,"column":76}}],"line":431},"18":{"loc":{"start":{"line":460,"column":4},"end":{"line":490,"column":null}},"type":"if","locations":[{"start":{"line":460,"column":4},"end":{"line":490,"column":null}},{"start":{},"end":{}}],"line":460},"19":{"loc":{"start":{"line":465,"column":26},"end":{"line":465,"column":null}},"type":"cond-expr","locations":[{"start":{"line":465,"column":44},"end":{"line":465,"column":185}},{"start":{"line":465,"column":185},"end":{"line":465,"column":null}}],"line":465},"20":{"loc":{"start":{"line":465,"column":119},"end":{"line":465,"column":179}},"type":"cond-expr","locations":[{"start":{"line":465,"column":153},"end":{"line":465,"column":161}},{"start":{"line":465,"column":161},"end":{"line":465,"column":179}}],"line":465},"21":{"loc":{"start":{"line":529,"column":29},"end":{"line":538,"column":null}},"type":"binary-expr","locations":[{"start":{"line":529,"column":29},"end":{"line":529,"column":null}},{"start":{"line":530,"column":32},"end":{"line":538,"column":null}}],"line":529},"22":{"loc":{"start":{"line":548,"column":13},"end":{"line":604,"column":null}},"type":"binary-expr","locations":[{"start":{"line":548,"column":13},"end":{"line":548,"column":null}},{"start":{"line":549,"column":16},"end":{"line":604,"column":null}}],"line":548},"23":{"loc":{"start":{"line":607,"column":13},"end":{"line":632,"column":null}},"type":"binary-expr","locations":[{"start":{"line":607,"column":13},"end":{"line":607,"column":null}},{"start":{"line":608,"column":16},"end":{"line":632,"column":null}}],"line":607},"24":{"loc":{"start":{"line":610,"column":21},"end":{"line":611,"column":null}},"type":"binary-expr","locations":[{"start":{"line":610,"column":21},"end":{"line":610,"column":null}},{"start":{"line":611,"column":24},"end":{"line":611,"column":null}}],"line":610}},"s":{"0":1,"1":3,"2":3,"3":0,"4":3,"5":3,"6":0,"7":0,"8":3,"9":0,"10":0,"11":3,"12":0,"13":0,"14":3,"15":0,"16":0,"17":3,"18":0,"19":0,"20":3,"21":0,"22":0,"23":3,"24":0,"25":0,"26":3,"27":0,"28":0,"29":3,"30":0,"31":0,"32":3,"33":0,"34":0,"35":3,"36":0,"37":0,"38":3,"39":0,"40":0,"41":0,"42":0,"43":0,"44":3,"45":0,"46":0,"47":0,"48":3,"49":0,"50":0,"51":0,"52":3,"53":0,"54":0,"55":0,"56":3,"57":0,"58":0,"59":3,"60":0,"61":0,"62":0,"63":0,"64":0,"65":0,"66":0,"67":0,"68":0,"69":0,"70":0,"71":0,"72":3,"73":3},"f":{"0":3,"1":0,"2":3,"3":0,"4":0,"5":0,"6":0,"7":0,"8":0,"9":0,"10":0,"11":0,"12":0,"13":0,"14":0,"15":0,"16":0,"17":0,"18":0,"19":0,"20":0,"21":0,"22":0,"23":0,"24":0,"25":0,"26":0,"27":0,"28":0,"29":0,"30":0,"31":0,"32":0,"33":3},"b":{"0":[0,3],"1":[0,3],"2":[0,3],"3":[0,3],"4":[0,3],"5":[0,3],"6":[0,3],"7":[0,3],"8":[0,3],"9":[0,3],"10":[0,3],"11":[0,3],"12":[0,3],"13":[3,0],"14":[0,3],"15":[3,0],"16":[0,3],"17":[3,0,0],"18":[0,3],"19":[0,0],"20":[0,0],"21":[3,0],"22":[3,0],"23":[3,0],"24":[0,0]},"meta":{"lastBranch":25,"lastFunction":34,"lastStatement":74,"seen":{"s:32:21:32:Infinity":0,"f:34:9:34:29":0,"s:59:2:59:Infinity":1,"s:61:22:63:Infinity":2,"f:61:22:61:28":1,"s:62:4:62:Infinity":3,"s:66:30:636:Infinity":4,"f:66:30:66:36":2,"b:67:4:88:Infinity:undefined:undefined:undefined:undefined":0,"s:67:4:88:Infinity":5,"s:68:8:86:Infinity":6,"f:80:37:80:43":3,"s:80:43:80:66":7,"b:90:4:111:Infinity:undefined:undefined:undefined:undefined":1,"s:90:4:111:Infinity":8,"s:91:8:109:Infinity":9,"f:103:37:103:43":4,"s:103:43:103:66":10,"b:113:4:134:Infinity:undefined:undefined:undefined:undefined":2,"s:113:4:134:Infinity":11,"s:114:8:132:Infinity":12,"f:126:37:126:43":5,"s:126:43:126:66":13,"b:136:4:157:Infinity:undefined:undefined:undefined:undefined":3,"s:136:4:157:Infinity":14,"s:137:8:155:Infinity":15,"f:149:37:149:43":6,"s:149:43:149:66":16,"b:159:4:180:Infinity:undefined:undefined:undefined:undefined":4,"s:159:4:180:Infinity":17,"s:160:8:178:Infinity":18,"f:172:37:172:43":7,"s:172:43:172:66":19,"b:182:4:203:Infinity:undefined:undefined:undefined:undefined":5,"s:182:4:203:Infinity":20,"s:183:8:201:Infinity":21,"f:195:37:195:43":8,"s:195:43:195:66":22,"b:205:4:226:Infinity:undefined:undefined:undefined:undefined":6,"s:205:4:226:Infinity":23,"s:206:8:224:Infinity":24,"f:218:37:218:43":9,"s:218:43:218:66":25,"b:228:4:249:Infinity:undefined:undefined:undefined:undefined":7,"s:228:4:249:Infinity":26,"s:229:8:247:Infinity":27,"f:241:37:241:43":10,"s:241:43:241:66":28,"b:251:4:272:Infinity:undefined:undefined:undefined:undefined":8,"s:251:4:272:Infinity":29,"s:252:8:270:Infinity":30,"f:264:37:264:43":11,"s:264:43:264:66":31,"b:274:4:295:Infinity:undefined:undefined:undefined:undefined":9,"s:274:4:295:Infinity":32,"s:275:8:293:Infinity":33,"f:287:37:287:43":12,"s:287:43:287:66":34,"b:297:4:318:Infinity:undefined:undefined:undefined:undefined":10,"s:297:4:318:Infinity":35,"s:298:8:316:Infinity":36,"f:310:37:310:43":13,"s:310:43:310:66":37,"b:320:4:355:Infinity:undefined:undefined:undefined:undefined":11,"s:320:4:355:Infinity":38,"s:321:8:353:Infinity":39,"f:333:37:333:43":14,"s:333:43:333:66":40,"f:344:31:344:32":15,"s:345:24:345:Infinity":41,"s:346:24:346:Infinity":42,"s:347:24:347:Infinity":43,"b:357:4:392:Infinity:undefined:undefined:undefined:undefined":12,"s:357:4:392:Infinity":44,"b:357:8:357:37:357:37:357:54":13,"s:358:8:390:Infinity":45,"f:370:37:370:43":16,"s:370:43:370:72":46,"f:381:37:381:43":17,"s:381:43:381:78":47,"b:394:4:429:Infinity:undefined:undefined:undefined:undefined":14,"s:394:4:429:Infinity":48,"b:394:8:394:45:394:45:394:62":15,"s:395:8:427:Infinity":49,"f:407:37:407:43":18,"s:407:43:407:72":50,"f:415:37:415:43":19,"s:415:43:415:70":51,"b:431:4:458:Infinity:undefined:undefined:undefined:undefined":16,"s:431:4:458:Infinity":52,"b:431:8:431:40:431:40:431:59:431:59:431:76":17,"s:432:8:456:Infinity":53,"f:445:37:445:43":20,"s:445:43:445:66":54,"f:454:31:454:37":21,"s:454:37:454:Infinity":55,"b:460:4:490:Infinity:undefined:undefined:undefined:undefined":18,"s:460:4:490:Infinity":56,"s:461:8:488:Infinity":57,"b:465:44:465:185:465:185:465:Infinity":19,"b:465:153:465:161:465:161:465:179":20,"f:473:37:473:43":22,"s:473:43:473:66":58,"s:493:4:634:Infinity":59,"f:505:33:505:39":23,"s:505:39:505:68":60,"b:529:29:529:Infinity:530:32:538:Infinity":21,"f:533:45:533:51":24,"s:533:51:533:Infinity":61,"b:548:13:548:Infinity:549:16:604:Infinity":22,"f:560:50:560:51":25,"s:560:57:560:Infinity":62,"f:568:50:568:51":26,"s:568:57:568:Infinity":63,"f:578:50:578:51":27,"s:578:57:578:Infinity":64,"f:587:50:587:51":28,"s:587:57:587:Infinity":65,"f:594:50:594:51":29,"s:594:57:594:Infinity":66,"f:601:45:601:51":30,"s:601:51:601:82":67,"b:607:13:607:Infinity:608:16:632:Infinity":23,"b:610:21:610:Infinity:611:24:611:Infinity":24,"f:617:35:617:36":31,"s:618:28:618:Infinity":68,"s:619:28:619:Infinity":69,"s:620:28:620:Infinity":70,"f:627:37:627:43":32,"s:627:43:627:Infinity":71,"s:638:2:638:Infinity":72,"f:641:9:641:15":33,"s:642:2:650:Infinity":73}}}
,"/Users/monchee/Projects/anaesthetic-allergy-clinic/components/AboutPage.tsx": {"path":"/Users/monchee/Projects/anaesthetic-allergy-clinic/components/AboutPage.tsx","statementMap":{"0":{"start":{"line":10,"column":44},"end":{"line":106,"column":null}},"1":{"start":{"line":11,"column":2},"end":{"line":104,"column":null}},"2":{"start":{"line":83,"column":16},"end":{"line":86,"column":null}},"3":{"start":{"line":96,"column":25},"end":{"line":96,"column":null}}},"fnMap":{"0":{"name":"(anonymous_0)","decl":{"start":{"line":10,"column":44},"end":{"line":10,"column":45}},"loc":{"start":{"line":10,"column":63},"end":{"line":106,"column":null}},"line":10},"1":{"name":"(anonymous_1)","decl":{"start":{"line":82,"column":20},"end":{"line":82,"column":21}},"loc":{"start":{"line":83,"column":16},"end":{"line":86,"column":null}},"line":83},"2":{"name":"(anonymous_2)","decl":{"start":{"line":96,"column":19},"end":{"line":96,"column":25}},"loc":{"start":{"line":96,"column":25},"end":{"line":96,"column":null}},"line":96}},"branchMap":{},"s":{"0":1,"1":0,"2":0,"3":0},"f":{"0":0,"1":0,"2":0},"b":{},"meta":{"lastBranch":0,"lastFunction":3,"lastStatement":4,"seen":{"s:10:44:106:Infinity":0,"f:10:44:10:45":0,"s:11:2:104:Infinity":1,"f:82:20:82:21":1,"s:83:16:86:Infinity":2,"f:96:19:96:25":2,"s:96:25:96:Infinity":3}}}
,"/Users/monchee/Projects/anaesthetic-allergy-clinic/components/Changelog.tsx": {"path":"/Users/monchee/Projects/anaesthetic-allergy-clinic/components/Changelog.tsx","statementMap":{"0":{"start":{"line":11,"column":44},"end":{"line":214,"column":null}},"1":{"start":{"line":12,"column":19},"end":{"line":144,"column":null}},"2":{"start":{"line":146,"column":2},"end":{"line":212,"column":null}},"3":{"start":{"line":163,"column":24},"end":{"line":196,"column":null}},"4":{"start":{"line":189,"column":40},"end":{"line":192,"column":null}},"5":{"start":{"line":204,"column":31},"end":{"line":204,"column":null}}},"fnMap":{"0":{"name":"(anonymous_0)","decl":{"start":{"line":11,"column":44},"end":{"line":11,"column":45}},"loc":{"start":{"line":11,"column":63},"end":{"line":214,"column":null}},"line":11},"1":{"name":"(anonymous_1)","decl":{"start":{"line":162,"column":34},"end":{"line":162,"column":35}},"loc":{"start":{"line":163,"column":24},"end":{"line":196,"column":null}},"line":163},"2":{"name":"(anonymous_2)","decl":{"start":{"line":188,"column":51},"end":{"line":188,"column":52}},"loc":{"start":{"line":189,"column":40},"end":{"line":192,"column":null}},"line":189},"3":{"name":"(anonymous_3)","decl":{"start":{"line":204,"column":25},"end":{"line":204,"column":31}},"loc":{"start":{"line":204,"column":31},"end":{"line":204,"column":null}},"line":204}},"branchMap":{"0":{"loc":{"start":{"line":166,"column":30},"end":{"line":166,"column":null}},"type":"cond-expr","locations":[{"start":{"line":166,"column":44},"end":{"line":166,"column":107}},{"start":{"line":166,"column":107},"end":{"line":166,"column":null}}],"line":166},"1":{"loc":{"start":{"line":172,"column":35},"end":{"line":175,"column":null}},"type":"binary-expr","locations":[{"start":{"line":172,"column":35},"end":{"line":172,"column":null}},{"start":{"line":173,"column":36},"end":{"line":175,"column":null}}],"line":172},"2":{"loc":{"start":{"line":178,"column":33},"end":{"line":182,"column":null}},"type":"binary-expr","locations":[{"start":{"line":178,"column":33},"end":{"line":178,"column":null}},{"start":{"line":179,"column":36},"end":{"line":182,"column":null}}],"line":178}},"s":{"0":1,"1":0,"2":0,"3":0,"4":0,"5":0},"f":{"0":0,"1":0,"2":0,"3":0},"b":{"0":[0,0],"1":[0,0],"2":[0,0]},"meta":{"lastBranch":3,"lastFunction":4,"lastStatement":6,"seen":{"s:11:44:214:Infinity":0,"f:11:44:11:45":0,"s:12:19:144:Infinity":1,"s:146:2:212:Infinity":2,"f:162:34:162:35":1,"s:163:24:196:Infinity":3,"b:166:44:166:107:166:107:166:Infinity":0,"b:172:35:172:Infinity:173:36:175:Infinity":1,"b:178:33:178:Infinity:179:36:182:Infinity":2,"f:188:51:188:52":2,"s:189:40:192:Infinity":4,"f:204:25:204:31":3,"s:204:31:204:Infinity":5}}}
,"/Users/monchee/Projects/anaesthetic-allergy-clinic/components/ClinicalGovernancePage.tsx": {"path":"/Users/monchee/Projects/anaesthetic-allergy-clinic/components/ClinicalGovernancePage.tsx","statementMap":{"0":{"start":{"line":10,"column":70},"end":{"line":203,"column":null}},"1":{"start":{"line":11,"column":2},"end":{"line":201,"column":null}},"2":{"start":{"line":193,"column":25},"end":{"line":193,"column":null}}},"fnMap":{"0":{"name":"(anonymous_0)","decl":{"start":{"line":10,"column":70},"end":{"line":10,"column":71}},"loc":{"start":{"line":10,"column":89},"end":{"line":203,"column":null}},"line":10},"1":{"name":"(anonymous_1)","decl":{"start":{"line":193,"column":19},"end":{"line":193,"column":25}},"loc":{"start":{"line":193,"column":25},"end":{"line":193,"column":null}},"line":193}},"branchMap":{},"s":{"0":1,"1":0,"2":0},"f":{"0":0,"1":0},"b":{},"meta":{"lastBranch":0,"lastFunction":2,"lastStatement":3,"seen":{"s:10:70:203:Infinity":0,"f:10:70:10:71":0,"s:11:2:201:Infinity":1,"f:193:19:193:25":1,"s:193:25:193:Infinity":2}}}
,"/Users/monchee/Projects/anaesthetic-allergy-clinic/components/ClinicalReport.tsx": {"path":"/Users/monchee/Projects/anaesthetic-allergy-clinic/components/ClinicalReport.tsx","statementMap":{"0":{"start":{"line":12,"column":54},"end":{"line":191,"column":null}},"1":{"start":{"line":14,"column":25},"end":{"line":19,"column":null}},"2":{"start":{"line":15,"column":4},"end":{"line":18,"column":null}},"3":{"start":{"line":16,"column":6},"end":{"line":16,"column":null}},"4":{"start":{"line":16,"column":25},"end":{"line":16,"column":null}},"5":{"start":{"line":17,"column":6},"end":{"line":17,"column":null}},"6":{"start":{"line":21,"column":29},"end":{"line":24,"column":null}},"7":{"start":{"line":22,"column":4},"end":{"line":22,"column":null}},"8":{"start":{"line":22,"column":43},"end":{"line":22,"column":null}},"9":{"start":{"line":23,"column":4},"end":{"line":23,"column":null}},"10":{"start":{"line":26,"column":2},"end":{"line":189,"column":null}},"11":{"start":{"line":91,"column":26},"end":{"line":99,"column":null}},"12":{"start":{"line":108,"column":22},"end":{"line":130,"column":null}}},"fnMap":{"0":{"name":"(anonymous_0)","decl":{"start":{"line":12,"column":54},"end":{"line":12,"column":55}},"loc":{"start":{"line":12,"column":68},"end":{"line":191,"column":null}},"line":12},"1":{"name":"(anonymous_1)","decl":{"start":{"line":14,"column":25},"end":{"line":14,"column":26}},"loc":{"start":{"line":14,"column":48},"end":{"line":19,"column":null}},"line":14},"2":{"name":"(anonymous_2)","decl":{"start":{"line":15,"column":29},"end":{"line":15,"column":34}},"loc":{"start":{"line":15,"column":34},"end":{"line":18,"column":5}},"line":15},"3":{"name":"(anonymous_3)","decl":{"start":{"line":21,"column":29},"end":{"line":21,"column":30}},"loc":{"start":{"line":21,"column":52},"end":{"line":24,"column":null}},"line":21},"4":{"name":"(anonymous_4)","decl":{"start":{"line":90,"column":44},"end":{"line":90,"column":45}},"loc":{"start":{"line":91,"column":26},"end":{"line":99,"column":null}},"line":91},"5":{"name":"(anonymous_5)","decl":{"start":{"line":107,"column":39},"end":{"line":107,"column":40}},"loc":{"start":{"line":108,"column":22},"end":{"line":130,"column":null}},"line":108}},"branchMap":{"0":{"loc":{"start":{"line":16,"column":6},"end":{"line":16,"column":null}},"type":"if","locations":[{"start":{"line":16,"column":6},"end":{"line":16,"column":null}},{"start":{},"end":{}}],"line":16},"1":{"loc":{"start":{"line":22,"column":4},"end":{"line":22,"column":null}},"type":"if","locations":[{"start":{"line":22,"column":4},"end":{"line":22,"column":null}},{"start":{},"end":{}}],"line":22},"2":{"loc":{"start":{"line":69,"column":49},"end":{"line":69,"column":84}},"type":"binary-expr","locations":[{"start":{"line":69,"column":49},"end":{"line":69,"column":80}},{"start":{"line":69,"column":80},"end":{"line":69,"column":84}}],"line":69},"3":{"loc":{"start":{"line":70,"column":46},"end":{"line":70,"column":78}},"type":"binary-expr","locations":[{"start":{"line":70,"column":46},"end":{"line":70,"column":74}},{"start":{"line":70,"column":74},"end":{"line":70,"column":78}}],"line":70},"4":{"loc":{"start":{"line":71,"column":46},"end":{"line":71,"column":78}},"type":"binary-expr","locations":[{"start":{"line":71,"column":46},"end":{"line":71,"column":74}},{"start":{"line":71,"column":74},"end":{"line":71,"column":78}}],"line":71},"5":{"loc":{"start":{"line":73,"column":12},"end":{"line":135,"column":null}},"type":"cond-expr","locations":[{"start":{"line":76,"column":14},"end":{"line":133,"column":null}},{"start":{"line":135,"column":14},"end":{"line":135,"column":null}}],"line":73},"6":{"loc":{"start":{"line":75,"column":14},"end":{"line":75,"column":36}},"type":"binary-expr","locations":[{"start":{"line":75,"column":14},"end":{"line":75,"column":32}},{"start":{"line":75,"column":32},"end":{"line":75,"column":36}}],"line":75},"7":{"loc":{"start":{"line":93,"column":32},"end":{"line":93,"column":null}},"type":"cond-expr","locations":[{"start":{"line":93,"column":60},"end":{"line":93,"column":89}},{"start":{"line":93,"column":89},"end":{"line":93,"column":null}}],"line":93},"8":{"loc":{"start":{"line":93,"column":60},"end":{"line":93,"column":89}},"type":"binary-expr","locations":[{"start":{"line":93,"column":60},"end":{"line":93,"column":78}},{"start":{"line":93,"column":78},"end":{"line":93,"column":89}}],"line":93},"9":{"loc":{"start":{"line":95,"column":76},"end":{"line":95,"column":96}},"type":"binary-expr","locations":[{"start":{"line":95,"column":76},"end":{"line":95,"column":92}},{"start":{"line":95,"column":92},"end":{"line":95,"column":96}}],"line":95},"10":{"loc":{"start":{"line":96,"column":76},"end":{"line":96,"column":94}},"type":"binary-expr","locations":[{"start":{"line":96,"column":76},"end":{"line":96,"column":90}},{"start":{"line":96,"column":90},"end":{"line":96,"column":94}}],"line":96},"11":{"loc":{"start":{"line":97,"column":76},"end":{"line":97,"column":93}},"type":"binary-expr","locations":[{"start":{"line":97,"column":76},"end":{"line":97,"column":89}},{"start":{"line":97,"column":89},"end":{"line":97,"column":93}}],"line":97},"12":{"loc":{"start":{"line":98,"column":76},"end":{"line":98,"column":95}},"type":"binary-expr","locations":[{"start":{"line":98,"column":76},"end":{"line":98,"column":91}},{"start":{"line":98,"column":91},"end":{"line":98,"column":95}}],"line":98},"13":{"loc":{"start":{"line":110,"column":30},"end":{"line":110,"column":null}},"type":"cond-expr","locations":[{"start":{"line":110,"column":58},"end":{"line":110,"column":87}},{"start":{"line":110,"column":87},"end":{"line":110,"column":null}}],"line":110},"14":{"loc":{"start":{"line":110,"column":58},"end":{"line":110,"column":87}},"type":"binary-expr","locations":[{"start":{"line":110,"column":58},"end":{"line":110,"column":76}},{"start":{"line":110,"column":76},"end":{"line":110,"column":87}}],"line":110},"15":{"loc":{"start":{"line":115,"column":64},"end":{"line":115,"column":84}},"type":"binary-expr","locations":[{"start":{"line":115,"column":64},"end":{"line":115,"column":80}},{"start":{"line":115,"column":80},"end":{"line":115,"column":84}}],"line":115},"16":{"loc":{"start":{"line":119,"column":64},"end":{"line":119,"column":82}},"type":"binary-expr","locations":[{"start":{"line":119,"column":64},"end":{"line":119,"column":78}},{"start":{"line":119,"column":78},"end":{"line":119,"column":82}}],"line":119},"17":{"loc":{"start":{"line":123,"column":64},"end":{"line":123,"column":81}},"type":"binary-expr","locations":[{"start":{"line":123,"column":64},"end":{"line":123,"column":77}},{"start":{"line":123,"column":77},"end":{"line":123,"column":81}}],"line":123},"18":{"loc":{"start":{"line":127,"column":64},"end":{"line":127,"column":83}},"type":"binary-expr","locations":[{"start":{"line":127,"column":64},"end":{"line":127,"column":79}},{"start":{"line":127,"column":79},"end":{"line":127,"column":83}}],"line":127},"19":{"loc":{"start":{"line":144,"column":13},"end":{"line":166,"column":null}},"type":"cond-expr","locations":[{"start":{"line":145,"column":15},"end":{"line":164,"column":null}},{"start":{"line":166,"column":15},"end":{"line":166,"column":null}}],"line":144},"20":{"loc":{"start":{"line":145,"column":60},"end":{"line":147,"column":63}},"type":"cond-expr","locations":[{"start":{"line":146,"column":21},"end":{"line":146,"column":null}},{"start":{"line":147,"column":21},"end":{"line":147,"column":63}}],"line":145},"21":{"loc":{"start":{"line":150,"column":25},"end":{"line":150,"column":null}},"type":"cond-expr","locations":[{"start":{"line":150,"column":59},"end":{"line":150,"column":98}},{"start":{"line":150,"column":98},"end":{"line":150,"column":null}}],"line":150},"22":{"loc":{"start":{"line":150,"column":59},"end":{"line":150,"column":98}},"type":"binary-expr","locations":[{"start":{"line":150,"column":59},"end":{"line":150,"column":87}},{"start":{"line":150,"column":87},"end":{"line":150,"column":98}}],"line":150},"23":{"loc":{"start":{"line":152,"column":111},"end":{"line":152,"column":169}},"type":"cond-expr","locations":[{"start":{"line":152,"column":140},"end":{"line":152,"column":157}},{"start":{"line":152,"column":157},"end":{"line":152,"column":169}}],"line":152},"24":{"loc":{"start":{"line":153,"column":25},"end":{"line":153,"column":null}},"type":"cond-expr","locations":[{"start":{"line":153,"column":54},"end":{"line":153,"column":74}},{"start":{"line":153,"column":74},"end":{"line":153,"column":null}}],"line":153},"25":{"loc":{"start":{"line":157,"column":19},"end":{"line":162,"column":null}},"type":"binary-expr","locations":[{"start":{"line":157,"column":19},"end":{"line":157,"column":null}},{"start":{"line":158,"column":20},"end":{"line":162,"column":null}}],"line":157},"26":{"loc":{"start":{"line":176,"column":16},"end":{"line":176,"column":null}},"type":"binary-expr","locations":[{"start":{"line":176,"column":16},"end":{"line":176,"column":29}},{"start":{"line":176,"column":29},"end":{"line":176,"column":null}}],"line":176}},"s":{"0":1,"1":0,"2":0,"3":0,"4":0,"5":0,"6":0,"7":0,"8":0,"9":0,"10":0,"11":0,"12":0},"f":{"0":0,"1":0,"2":0,"3":0,"4":0,"5":0},"b":{"0":[0,0],"1":[0,0],"2":[0,0],"3":[0,0],"4":[0,0],"5":[0,0],"6":[0,0],"7":[0,0],"8":[0,0],"9":[0,0],"10":[0,0],"11":[0,0],"12":[0,0],"13":[0,0],"14":[0,0],"15":[0,0],"16":[0,0],"17":[0,0],"18":[0,0],"19":[0,0],"20":[0,0],"21":[0,0],"22":[0,0],"23":[0,0],"24":[0,0],"25":[0,0],"26":[0,0]},"meta":{"lastBranch":27,"lastFunction":6,"lastStatement":13,"seen":{"s:12:54:191:Infinity":0,"f:12:54:12:55":0,"s:14:25:19:Infinity":1,"f:14:25:14:26":1,"s:15:4:18:Infinity":2,"f:15:29:15:34":2,"b:16:6:16:Infinity:undefined:undefined:undefined:undefined":0,"s:16:6:16:Infinity":3,"s:16:25:16:Infinity":4,"s:17:6:17:Infinity":5,"s:21:29:24:Infinity":6,"f:21:29:21:30":3,"b:22:4:22:Infinity:undefined:undefined:undefined:undefined":1,"s:22:4:22:Infinity":7,"s:22:43:22:Infinity":8,"s:23:4:23:Infinity":9,"s:26:2:189:Infinity":10,"b:69:49:69:80:69:80:69:84":2,"b:70:46:70:74:70:74:70:78":3,"b:71:46:71:74:71:74:71:78":4,"b:76:14:133:Infinity:135:14:135:Infinity":5,"b:75:14:75:32:75:32:75:36":6,"f:90:44:90:45":4,"s:91:26:99:Infinity":11,"b:93:60:93:89:93:89:93:Infinity":7,"b:93:60:93:78:93:78:93:89":8,"b:95:76:95:92:95:92:95:96":9,"b:96:76:96:90:96:90:96:94":10,"b:97:76:97:89:97:89:97:93":11,"b:98:76:98:91:98:91:98:95":12,"f:107:39:107:40":5,"s:108:22:130:Infinity":12,"b:110:58:110:87:110:87:110:Infinity":13,"b:110:58:110:76:110:76:110:87":14,"b:115:64:115:80:115:80:115:84":15,"b:119:64:119:78:119:78:119:82":16,"b:123:64:123:77:123:77:123:81":17,"b:127:64:127:79:127:79:127:83":18,"b:145:15:164:Infinity:166:15:166:Infinity":19,"b:146:21:146:Infinity:147:21:147:63":20,"b:150:59:150:98:150:98:150:Infinity":21,"b:150:59:150:87:150:87:150:98":22,"b:152:140:152:157:152:157:152:169":23,"b:153:54:153:74:153:74:153:Infinity":24,"b:157:19:157:Infinity:158:20:162:Infinity":25,"b:176:16:176:29:176:29:176:Infinity":26}}}
,"/Users/monchee/Projects/anaesthetic-allergy-clinic/components/ContactPage.tsx": {"path":"/Users/monchee/Projects/anaesthetic-allergy-clinic/components/ContactPage.tsx","statementMap":{"0":{"start":{"line":10,"column":48},"end":{"line":116,"column":null}},"1":{"start":{"line":11,"column":2},"end":{"line":114,"column":null}},"2":{"start":{"line":93,"column":16},"end":{"line":96,"column":null}},"3":{"start":{"line":106,"column":25},"end":{"line":106,"column":null}}},"fnMap":{"0":{"name":"(anonymous_0)","decl":{"start":{"line":10,"column":48},"end":{"line":10,"column":49}},"loc":{"start":{"line":10,"column":67},"end":{"line":116,"column":null}},"line":10},"1":{"name":"(anonymous_1)","decl":{"start":{"line":92,"column":20},"end":{"line":92,"column":21}},"loc":{"start":{"line":93,"column":16},"end":{"line":96,"column":null}},"line":93},"2":{"name":"(anonymous_2)","decl":{"start":{"line":106,"column":19},"end":{"line":106,"column":25}},"loc":{"start":{"line":106,"column":25},"end":{"line":106,"column":null}},"line":106}},"branchMap":{},"s":{"0":1,"1":0,"2":0,"3":0},"f":{"0":0,"1":0,"2":0},"b":{},"meta":{"lastBranch":0,"lastFunction":3,"lastStatement":4,"seen":{"s:10:48:116:Infinity":0,"f:10:48:10:49":0,"s:11:2:114:Infinity":1,"f:92:20:92:21":1,"s:93:16:96:Infinity":2,"f:106:19:106:25":2,"s:106:25:106:Infinity":3}}}
,"/Users/monchee/Projects/anaesthetic-allergy-clinic/components/Dashboard.tsx": {"path":"/Users/monchee/Projects/anaesthetic-allergy-clinic/components/Dashboard.tsx","statementMap":{"0":{"start":{"line":27,"column":44},"end":{"line":620,"column":null}},"1":{"start":{"line":28,"column":36},"end":{"line":28,"column":null}},"2":{"start":{"line":29,"column":50},"end":{"line":29,"column":null}},"3":{"start":{"line":30,"column":38},"end":{"line":30,"column":null}},"4":{"start":{"line":31,"column":40},"end":{"line":31,"column":null}},"5":{"start":{"line":32,"column":36},"end":{"line":32,"column":null}},"6":{"start":{"line":33,"column":48},"end":{"line":33,"column":null}},"7":{"start":{"line":34,"column":8},"end":{"line":34,"column":null}},"8":{"start":{"line":37,"column":96},"end":{"line":37,"column":null}},"9":{"start":{"line":39,"column":25},"end":{"line":39,"column":null}},"10":{"start":{"line":42,"column":2},"end":{"line":45,"column":null}},"11":{"start":{"line":43,"column":18},"end":{"line":43,"column":null}},"12":{"start":{"line":43,"column":35},"end":{"line":43,"column":59}},"13":{"start":{"line":44,"column":4},"end":{"line":44,"column":null}},"14":{"start":{"line":44,"column":17},"end":{"line":44,"column":null}},"15":{"start":{"line":49,"column":8},"end":{"line":54,"column":null}},"16":{"start":{"line":57,"column":8},"end":{"line":57,"column":null}},"17":{"start":{"line":58,"column":8},"end":{"line":58,"column":null}},"18":{"start":{"line":59,"column":8},"end":{"line":59,"column":null}},"19":{"start":{"line":60,"column":8},"end":{"line":60,"column":null}},"20":{"start":{"line":63,"column":21},"end":{"line":65,"column":null}},"21":{"start":{"line":68,"column":24},"end":{"line":70,"column":null}},"22":{"start":{"line":73,"column":27},"end":{"line":113,"column":null}},"23":{"start":{"line":74,"column":19},"end":{"line":74,"column":null}},"24":{"start":{"line":75,"column":6},"end":{"line":75,"column":null}},"25":{"start":{"line":77,"column":6},"end":{"line":111,"column":null}},"26":{"start":{"line":78,"column":25},"end":{"line":78,"column":null}},"27":{"start":{"line":79,"column":10},"end":{"line":109,"column":null}},"28":{"start":{"line":80,"column":14},"end":{"line":108,"column":null}},"29":{"start":{"line":81,"column":29},"end":{"line":81,"column":null}},"30":{"start":{"line":82,"column":22},"end":{"line":82,"column":null}},"31":{"start":{"line":84,"column":16},"end":{"line":100,"column":null}},"32":{"start":{"line":85,"column":20},"end":{"line":85,"column":null}},"33":{"start":{"line":86,"column":20},"end":{"line":91,"column":null}},"34":{"start":{"line":92,"column":20},"end":{"line":92,"column":null}},"35":{"start":{"line":94,"column":20},"end":{"line":99,"column":null}},"36":{"start":{"line":102,"column":18},"end":{"line":107,"column":null}},"37":{"start":{"line":110,"column":10},"end":{"line":110,"column":null}},"38":{"start":{"line":112,"column":6},"end":{"line":112,"column":null}},"39":{"start":{"line":112,"column":32},"end":{"line":112,"column":null}},"40":{"start":{"line":117,"column":2},"end":{"line":119,"column":null}},"41":{"start":{"line":118,"column":4},"end":{"line":118,"column":null}},"42":{"start":{"line":121,"column":21},"end":{"line":121,"column":null}},"43":{"start":{"line":122,"column":8},"end":{"line":127,"column":null}},"44":{"start":{"line":123,"column":4},"end":{"line":126,"column":null}},"45":{"start":{"line":129,"column":25},"end":{"line":131,"column":null}},"46":{"start":{"line":130,"column":4},"end":{"line":130,"column":null}},"47":{"start":{"line":130,"column":34},"end":{"line":130,"column":null}},"48":{"start":{"line":130,"column":57},"end":{"line":130,"column":65}},"49":{"start":{"line":133,"column":25},"end":{"line":135,"column":null}},"50":{"start":{"line":134,"column":4},"end":{"line":134,"column":null}},"51":{"start":{"line":134,"column":25},"end":{"line":134,"column":null}},"52":{"start":{"line":134,"column":48},"end":{"line":134,"column":56}},"53":{"start":{"line":137,"column":25},"end":{"line":143,"column":null}},"54":{"start":{"line":138,"column":4},"end":{"line":142,"column":null}},"55":{"start":{"line":139,"column":8},"end":{"line":141,"column":null}},"56":{"start":{"line":140,"column":27},"end":{"line":140,"column":41}},"57":{"start":{"line":145,"column":8},"end":{"line":145,"column":null}},"58":{"start":{"line":145,"column":38},"end":{"line":145,"column":86}},"59":{"start":{"line":145,"column":73},"end":{"line":145,"column":83}},"60":{"start":{"line":146,"column":25},"end":{"line":146,"column":null}},"61":{"start":{"line":148,"column":30},"end":{"line":154,"column":null}},"62":{"start":{"line":149,"column":4},"end":{"line":153,"column":null}},"63":{"start":{"line":150,"column":8},"end":{"line":150,"column":null}},"64":{"start":{"line":152,"column":8},"end":{"line":152,"column":null}},"65":{"start":{"line":156,"column":2},"end":{"line":618,"column":null}},"66":{"start":{"line":280,"column":63},"end":{"line":280,"column":null}},"67":{"start":{"line":300,"column":53},"end":{"line":300,"column":null}},"68":{"start":{"line":341,"column":68},"end":{"line":341,"column":88}},"69":{"start":{"line":347,"column":39},"end":{"line":347,"column":null}},"70":{"start":{"line":369,"column":63},"end":{"line":369,"column":null}},"71":{"start":{"line":370,"column":32},"end":{"line":416,"column":null}},"72":{"start":{"line":374,"column":55},"end":{"line":374,"column":null}},"73":{"start":{"line":393,"column":52},"end":{"line":402,"column":null}},"74":{"start":{"line":434,"column":55},"end":{"line":434,"column":null}},"75":{"start":{"line":435,"column":24},"end":{"line":473,"column":null}},"76":{"start":{"line":439,"column":47},"end":{"line":439,"column":null}},"77":{"start":{"line":461,"column":40},"end":{"line":469,"column":null}},"78":{"start":{"line":565,"column":51},"end":{"line":565,"column":null}},"79":{"start":{"line":566,"column":63},"end":{"line":566,"column":null}},"80":{"start":{"line":566,"column":105},"end":{"line":566,"column":123}},"81":{"start":{"line":568,"column":32},"end":{"line":603,"column":null}},"82":{"start":{"line":572,"column":59},"end":{"line":572,"column":null}},"83":{"start":{"line":591,"column":44},"end":{"line":601,"column":null}}},"fnMap":{"0":{"name":"(anonymous_0)","decl":{"start":{"line":27,"column":44},"end":{"line":27,"column":45}},"loc":{"start":{"line":27,"column":171},"end":{"line":620,"column":null}},"line":27},"1":{"name":"(anonymous_1)","decl":{"start":{"line":42,"column":12},"end":{"line":42,"column":18}},"loc":{"start":{"line":42,"column":18},"end":{"line":45,"column":5}},"line":42},"2":{"name":"(anonymous_2)","decl":{"start":{"line":43,"column":29},"end":{"line":43,"column":35}},"loc":{"start":{"line":43,"column":35},"end":{"line":43,"column":59}},"line":43},"3":{"name":"(anonymous_3)","decl":{"start":{"line":44,"column":11},"end":{"line":44,"column":17}},"loc":{"start":{"line":44,"column":17},"end":{"line":44,"column":null}},"line":44},"4":{"name":"(anonymous_4)","decl":{"start":{"line":73,"column":27},"end":{"line":73,"column":28}},"loc":{"start":{"line":73,"column":71},"end":{"line":113,"column":null}},"line":73},"5":{"name":"(anonymous_5)","decl":{"start":{"line":79,"column":26},"end":{"line":79,"column":27}},"loc":{"start":{"line":79,"column":37},"end":{"line":109,"column":null}},"line":79},"6":{"name":"(anonymous_6)","decl":{"start":{"line":117,"column":12},"end":{"line":117,"column":18}},"loc":{"start":{"line":117,"column":18},"end":{"line":119,"column":5}},"line":117},"7":{"name":"(anonymous_7)","decl":{"start":{"line":122,"column":36},"end":{"line":122,"column":42}},"loc":{"start":{"line":122,"column":42},"end":{"line":127,"column":5}},"line":122},"8":{"name":"(anonymous_8)","decl":{"start":{"line":129,"column":25},"end":{"line":129,"column":31}},"loc":{"start":{"line":129,"column":31},"end":{"line":131,"column":null}},"line":129},"9":{"name":"(anonymous_9)","decl":{"start":{"line":130,"column":49},"end":{"line":130,"column":57}},"loc":{"start":{"line":130,"column":57},"end":{"line":130,"column":65}},"line":130},"10":{"name":"(anonymous_10)","decl":{"start":{"line":133,"column":25},"end":{"line":133,"column":31}},"loc":{"start":{"line":133,"column":31},"end":{"line":135,"column":null}},"line":133},"11":{"name":"(anonymous_11)","decl":{"start":{"line":134,"column":40},"end":{"line":134,"column":48}},"loc":{"start":{"line":134,"column":48},"end":{"line":134,"column":56}},"line":134},"12":{"name":"(anonymous_12)","decl":{"start":{"line":137,"column":25},"end":{"line":137,"column":26}},"loc":{"start":{"line":137,"column":47},"end":{"line":143,"column":null}},"line":137},"13":{"name":"(anonymous_13)","decl":{"start":{"line":138,"column":26},"end":{"line":138,"column":null}},"loc":{"start":{"line":139,"column":8},"end":{"line":141,"column":null}},"line":139},"14":{"name":"(anonymous_14)","decl":{"start":{"line":140,"column":22},"end":{"line":140,"column":27}},"loc":{"start":{"line":140,"column":27},"end":{"line":140,"column":41}},"line":140},"15":{"name":"(anonymous_15)","decl":{"start":{"line":145,"column":32},"end":{"line":145,"column":38}},"loc":{"start":{"line":145,"column":38},"end":{"line":145,"column":86}},"line":145},"16":{"name":"(anonymous_16)","decl":{"start":{"line":145,"column":68},"end":{"line":145,"column":73}},"loc":{"start":{"line":145,"column":73},"end":{"line":145,"column":83}},"line":145},"17":{"name":"(anonymous_17)","decl":{"start":{"line":148,"column":30},"end":{"line":148,"column":36}},"loc":{"start":{"line":148,"column":36},"end":{"line":154,"column":null}},"line":148},"18":{"name":"(anonymous_18)","decl":{"start":{"line":280,"column":57},"end":{"line":280,"column":63}},"loc":{"start":{"line":280,"column":63},"end":{"line":280,"column":null}},"line":280},"19":{"name":"(anonymous_19)","decl":{"start":{"line":300,"column":46},"end":{"line":300,"column":47}},"loc":{"start":{"line":300,"column":53},"end":{"line":300,"column":null}},"line":300},"20":{"name":"(anonymous_20)","decl":{"start":{"line":341,"column":58},"end":{"line":341,"column":59}},"loc":{"start":{"line":341,"column":68},"end":{"line":341,"column":88}},"line":341},"21":{"name":"(anonymous_21)","decl":{"start":{"line":347,"column":33},"end":{"line":347,"column":39}},"loc":{"start":{"line":347,"column":39},"end":{"line":347,"column":null}},"line":347},"22":{"name":"(anonymous_22)","decl":{"start":{"line":368,"column":50},"end":{"line":368,"column":51}},"loc":{"start":{"line":368,"column":57},"end":{"line":418,"column":29}},"line":368},"23":{"name":"(anonymous_23)","decl":{"start":{"line":374,"column":49},"end":{"line":374,"column":55}},"loc":{"start":{"line":374,"column":55},"end":{"line":374,"column":null}},"line":374},"24":{"name":"(anonymous_24)","decl":{"start":{"line":392,"column":68},"end":{"line":392,"column":69}},"loc":{"start":{"line":393,"column":52},"end":{"line":402,"column":null}},"line":393},"25":{"name":"(anonymous_25)","decl":{"start":{"line":433,"column":42},"end":{"line":433,"column":47}},"loc":{"start":{"line":433,"column":47},"end":{"line":475,"column":21}},"line":433},"26":{"name":"(anonymous_26)","decl":{"start":{"line":439,"column":41},"end":{"line":439,"column":47}},"loc":{"start":{"line":439,"column":47},"end":{"line":439,"column":null}},"line":439},"27":{"name":"(anonymous_27)","decl":{"start":{"line":460,"column":56},"end":{"line":460,"column":57}},"loc":{"start":{"line":461,"column":40},"end":{"line":469,"column":null}},"line":461},"28":{"name":"(anonymous_28)","decl":{"start":{"line":564,"column":58},"end":{"line":564,"column":59}},"loc":{"start":{"line":564,"column":83},"end":{"line":605,"column":29}},"line":564},"29":{"name":"(anonymous_29)","decl":{"start":{"line":566,"column":90},"end":{"line":566,"column":91}},"loc":{"start":{"line":566,"column":105},"end":{"line":566,"column":123}},"line":566},"30":{"name":"(anonymous_30)","decl":{"start":{"line":572,"column":53},"end":{"line":572,"column":59}},"loc":{"start":{"line":572,"column":59},"end":{"line":572,"column":null}},"line":572},"31":{"name":"(anonymous_31)","decl":{"start":{"line":590,"column":79},"end":{"line":590,"column":80}},"loc":{"start":{"line":591,"column":44},"end":{"line":601,"column":null}},"line":591}},"branchMap":{"0":{"loc":{"start":{"line":63,"column":21},"end":{"line":65,"column":null}},"type":"cond-expr","locations":[{"start":{"line":63,"column":47},"end":{"line":64,"column":null}},{"start":{"line":65,"column":6},"end":{"line":65,"column":null}}],"line":63},"1":{"loc":{"start":{"line":68,"column":24},"end":{"line":70,"column":null}},"type":"cond-expr","locations":[{"start":{"line":68,"column":50},"end":{"line":69,"column":null}},{"start":{"line":70,"column":6},"end":{"line":70,"column":null}}],"line":68},"2":{"loc":{"start":{"line":77,"column":6},"end":{"line":111,"column":null}},"type":"if","locations":[{"start":{"line":77,"column":6},"end":{"line":111,"column":null}},{"start":{},"end":{}}],"line":77},"3":{"loc":{"start":{"line":84,"column":16},"end":{"line":100,"column":null}},"type":"if","locations":[{"start":{"line":84,"column":16},"end":{"line":100,"column":null}},{"start":{"line":93,"column":23},"end":{"line":100,"column":null}}],"line":84},"4":{"loc":{"start":{"line":97,"column":68},"end":{"line":97,"column":116}},"type":"binary-expr","locations":[{"start":{"line":97,"column":68},"end":{"line":97,"column":84}},{"start":{"line":97,"column":84},"end":{"line":97,"column":116}}],"line":97},"5":{"loc":{"start":{"line":112,"column":6},"end":{"line":112,"column":null}},"type":"if","locations":[{"start":{"line":112,"column":6},"end":{"line":112,"column":null}},{"start":{},"end":{}}],"line":112},"6":{"loc":{"start":{"line":130,"column":4},"end":{"line":130,"column":null}},"type":"if","locations":[{"start":{"line":130,"column":4},"end":{"line":130,"column":null}},{"start":{},"end":{}}],"line":130},"7":{"loc":{"start":{"line":134,"column":4},"end":{"line":134,"column":null}},"type":"if","locations":[{"start":{"line":134,"column":4},"end":{"line":134,"column":null}},{"start":{},"end":{}}],"line":134},"8":{"loc":{"start":{"line":139,"column":8},"end":{"line":141,"column":null}},"type":"cond-expr","locations":[{"start":{"line":140,"column":10},"end":{"line":140,"column":null}},{"start":{"line":141,"column":10},"end":{"line":141,"column":null}}],"line":139},"9":{"loc":{"start":{"line":146,"column":25},"end":{"line":146,"column":null}},"type":"binary-expr","locations":[{"start":{"line":146,"column":25},"end":{"line":146,"column":53}},{"start":{"line":146,"column":53},"end":{"line":146,"column":null}}],"line":146},"10":{"loc":{"start":{"line":149,"column":4},"end":{"line":153,"column":null}},"type":"if","locations":[{"start":{"line":149,"column":4},"end":{"line":153,"column":null}},{"start":{"line":151,"column":11},"end":{"line":153,"column":null}}],"line":149},"11":{"loc":{"start":{"line":312,"column":25},"end":{"line":321,"column":null}},"type":"binary-expr","locations":[{"start":{"line":312,"column":25},"end":{"line":312,"column":null}},{"start":{"line":313,"column":28},"end":{"line":321,"column":null}}],"line":312},"12":{"loc":{"start":{"line":328,"column":13},"end":{"line":351,"column":null}},"type":"binary-expr","locations":[{"start":{"line":328,"column":13},"end":{"line":328,"column":null}},{"start":{"line":329,"column":16},"end":{"line":351,"column":null}}],"line":328},"13":{"loc":{"start":{"line":330,"column":20},"end":{"line":332,"column":null}},"type":"cond-expr","locations":[{"start":{"line":331,"column":22},"end":{"line":331,"column":null}},{"start":{"line":332,"column":22},"end":{"line":332,"column":null}}],"line":330},"14":{"loc":{"start":{"line":335,"column":25},"end":{"line":335,"column":null}},"type":"cond-expr","locations":[{"start":{"line":335,"column":57},"end":{"line":335,"column":97}},{"start":{"line":335,"column":97},"end":{"line":335,"column":null}}],"line":335},"15":{"loc":{"start":{"line":339,"column":25},"end":{"line":342,"column":null}},"type":"binary-expr","locations":[{"start":{"line":339,"column":25},"end":{"line":339,"column":null}},{"start":{"line":340,"column":28},"end":{"line":342,"column":null}}],"line":339},"16":{"loc":{"start":{"line":367,"column":25},"end":{"line":424,"column":null}},"type":"cond-expr","locations":[{"start":{"line":368,"column":28},"end":{"line":418,"column":null}},{"start":{"line":420,"column":28},"end":{"line":424,"column":null}}],"line":367},"17":{"loc":{"start":{"line":387,"column":49},"end":{"line":387,"column":null}},"type":"binary-expr","locations":[{"start":{"line":387,"column":49},"end":{"line":387,"column":72}},{"start":{"line":387,"column":72},"end":{"line":387,"column":null}}],"line":387},"18":{"loc":{"start":{"line":397,"column":62},"end":{"line":397,"column":103}},"type":"cond-expr","locations":[{"start":{"line":397,"column":86},"end":{"line":397,"column":101}},{"start":{"line":397,"column":101},"end":{"line":397,"column":103}}],"line":397},"19":{"loc":{"start":{"line":398,"column":62},"end":{"line":398,"column":107}},"type":"cond-expr","locations":[{"start":{"line":398,"column":87},"end":{"line":398,"column":105}},{"start":{"line":398,"column":105},"end":{"line":398,"column":107}}],"line":398},"20":{"loc":{"start":{"line":399,"column":62},"end":{"line":399,"column":100}},"type":"cond-expr","locations":[{"start":{"line":399,"column":81},"end":{"line":399,"column":98}},{"start":{"line":399,"column":98},"end":{"line":399,"column":100}}],"line":399},"21":{"loc":{"start":{"line":404,"column":49},"end":{"line":404,"column":null}},"type":"binary-expr","locations":[{"start":{"line":404,"column":49},"end":{"line":404,"column":80}},{"start":{"line":404,"column":80},"end":{"line":404,"column":null}}],"line":404},"22":{"loc":{"start":{"line":409,"column":73},"end":{"line":409,"column":102}},"type":"binary-expr","locations":[{"start":{"line":409,"column":73},"end":{"line":409,"column":92}},{"start":{"line":409,"column":92},"end":{"line":409,"column":102}}],"line":409},"23":{"loc":{"start":{"line":411,"column":55},"end":{"line":411,"column":null}},"type":"binary-expr","locations":[{"start":{"line":411,"column":55},"end":{"line":411,"column":74}},{"start":{"line":411,"column":74},"end":{"line":411,"column":null}}],"line":411},"24":{"loc":{"start":{"line":413,"column":50},"end":{"line":413,"column":81}},"type":"binary-expr","locations":[{"start":{"line":413,"column":50},"end":{"line":413,"column":69}},{"start":{"line":413,"column":69},"end":{"line":413,"column":81}}],"line":413},"25":{"loc":{"start":{"line":432,"column":17},"end":{"line":479,"column":null}},"type":"cond-expr","locations":[{"start":{"line":433,"column":20},"end":{"line":475,"column":null}},{"start":{"line":477,"column":20},"end":{"line":479,"column":null}}],"line":432},"26":{"loc":{"start":{"line":450,"column":68},"end":{"line":450,"column":97}},"type":"binary-expr","locations":[{"start":{"line":450,"column":68},"end":{"line":450,"column":87}},{"start":{"line":450,"column":87},"end":{"line":450,"column":97}}],"line":450},"27":{"loc":{"start":{"line":451,"column":42},"end":{"line":451,"column":73}},"type":"binary-expr","locations":[{"start":{"line":451,"column":42},"end":{"line":451,"column":61}},{"start":{"line":451,"column":61},"end":{"line":451,"column":73}}],"line":451},"28":{"loc":{"start":{"line":456,"column":37},"end":{"line":456,"column":null}},"type":"binary-expr","locations":[{"start":{"line":456,"column":37},"end":{"line":456,"column":60}},{"start":{"line":456,"column":60},"end":{"line":456,"column":null}}],"line":456},"29":{"loc":{"start":{"line":465,"column":50},"end":{"line":465,"column":91}},"type":"cond-expr","locations":[{"start":{"line":465,"column":74},"end":{"line":465,"column":89}},{"start":{"line":465,"column":89},"end":{"line":465,"column":91}}],"line":465},"30":{"loc":{"start":{"line":466,"column":50},"end":{"line":466,"column":95}},"type":"cond-expr","locations":[{"start":{"line":466,"column":75},"end":{"line":466,"column":93}},{"start":{"line":466,"column":93},"end":{"line":466,"column":95}}],"line":466},"31":{"loc":{"start":{"line":467,"column":50},"end":{"line":467,"column":106}},"type":"cond-expr","locations":[{"start":{"line":467,"column":69},"end":{"line":467,"column":104}},{"start":{"line":467,"column":104},"end":{"line":467,"column":106}}],"line":467},"32":{"loc":{"start":{"line":471,"column":37},"end":{"line":471,"column":null}},"type":"binary-expr","locations":[{"start":{"line":471,"column":37},"end":{"line":471,"column":68}},{"start":{"line":471,"column":68},"end":{"line":471,"column":null}}],"line":471},"33":{"loc":{"start":{"line":484,"column":13},"end":{"line":515,"column":null}},"type":"binary-expr","locations":[{"start":{"line":484,"column":13},"end":{"line":484,"column":null}},{"start":{"line":485,"column":16},"end":{"line":515,"column":null}}],"line":484},"34":{"loc":{"start":{"line":537,"column":25},"end":{"line":544,"column":null}},"type":"cond-expr","locations":[{"start":{"line":538,"column":28},"end":{"line":540,"column":null}},{"start":{"line":542,"column":28},"end":{"line":544,"column":null}}],"line":537},"35":{"loc":{"start":{"line":563,"column":25},"end":{"line":611,"column":null}},"type":"cond-expr","locations":[{"start":{"line":564,"column":28},"end":{"line":605,"column":null}},{"start":{"line":607,"column":28},"end":{"line":611,"column":null}}],"line":563},"36":{"loc":{"start":{"line":576,"column":53},"end":{"line":576,"column":null}},"type":"cond-expr","locations":[{"start":{"line":576,"column":66},"end":{"line":576,"column":119}},{"start":{"line":576,"column":119},"end":{"line":576,"column":null}}],"line":576},"37":{"loc":{"start":{"line":581,"column":49},"end":{"line":586,"column":null}},"type":"cond-expr","locations":[{"start":{"line":582,"column":52},"end":{"line":584,"column":null}},{"start":{"line":586,"column":52},"end":{"line":586,"column":null}}],"line":581},"38":{"loc":{"start":{"line":590,"column":41},"end":{"line":602,"column":null}},"type":"binary-expr","locations":[{"start":{"line":590,"column":41},"end":{"line":590,"column":55}},{"start":{"line":590,"column":55},"end":{"line":602,"column":null}}],"line":590},"39":{"loc":{"start":{"line":593,"column":122},"end":{"line":593,"column":138}},"type":"binary-expr","locations":[{"start":{"line":593,"column":122},"end":{"line":593,"column":134}},{"start":{"line":593,"column":134},"end":{"line":593,"column":138}}],"line":593},"40":{"loc":{"start":{"line":594,"column":122},"end":{"line":594,"column":141}},"type":"binary-expr","locations":[{"start":{"line":594,"column":122},"end":{"line":594,"column":137}},{"start":{"line":594,"column":137},"end":{"line":594,"column":141}}],"line":594},"41":{"loc":{"start":{"line":595,"column":122},"end":{"line":595,"column":140}},"type":"binary-expr","locations":[{"start":{"line":595,"column":122},"end":{"line":595,"column":136}},{"start":{"line":595,"column":136},"end":{"line":595,"column":140}}],"line":595},"42":{"loc":{"start":{"line":596,"column":122},"end":{"line":596,"column":142}},"type":"binary-expr","locations":[{"start":{"line":596,"column":122},"end":{"line":596,"column":138}},{"start":{"line":596,"column":138},"end":{"line":596,"column":142}}],"line":596},"43":{"loc":{"start":{"line":597,"column":122},"end":{"line":597,"column":144}},"type":"binary-expr","locations":[{"start":{"line":597,"column":122},"end":{"line":597,"column":140}},{"start":{"line":597,"column":140},"end":{"line":597,"column":144}}],"line":597},"44":{"loc":{"start":{"line":599,"column":53},"end":{"line":599,"column":null}},"type":"binary-expr","locations":[{"start":{"line":599,"column":53},"end":{"line":599,"column":67}},{"start":{"line":599,"column":67},"end":{"line":599,"column":null}}],"line":599}},"s":{"0":1,"1":0,"2":0,"3":0,"4":0,"5":0,"6":0,"7":0,"8":0,"9":0,"10":0,"11":0,"12":0,"13":0,"14":0,"15":0,"16":0,"17":0,"18":0,"19":0,"20":0,"21":0,"22":0,"23":0,"24":0,"25":0,"26":0,"27":0,"28":0,"29":0,"30":0,"31":0,"32":0,"33":0,"34":0,"35":0,"36":0,"37":0,"38":0,"39":0,"40":0,"41":0,"42":0,"43":0,"44":0,"45":0,"46":0,"47":0,"48":0,"49":0,"50":0,"51":0,"52":0,"53":0,"54":0,"55":0,"56":0,"57":0,"58":0,"59":0,"60":0,"61":0,"62":0,"63":0,"64":0,"65":0,"66":0,"67":0,"68":0,"69":0,"70":0,"71":0,"72":0,"73":0,"74":0,"75":0,"76":0,"77":0,"78":0,"79":0,"80":0,"81":0,"82":0,"83":0},"f":{"0":0,"1":0,"2":0,"3":0,"4":0,"5":0,"6":0,"7":0,"8":0,"9":0,"10":0,"11":0,"12":0,"13":0,"14":0,"15":0,"16":0,"17":0,"18":0,"19":0,"20":0,"21":0,"22":0,"23":0,"24":0,"25":0,"26":0,"27":0,"28":0,"29":0,"30":0,"31":0},"b":{"0":[0,0],"1":[0,0],"2":[0,0],"3":[0,0],"4":[0,0],"5":[0,0],"6":[0,0],"7":[0,0],"8":[0,0],"9":[0,0],"10":[0,0],"11":[0,0],"12":[0,0],"13":[0,0],"14":[0,0],"15":[0,0],"16":[0,0],"17":[0,0],"18":[0,0],"19":[0,0],"20":[0,0],"21":[0,0],"22":[0,0],"23":[0,0],"24":[0,0],"25":[0,0],"26":[0,0],"27":[0,0],"28":[0,0],"29":[0,0],"30":[0,0],"31":[0,0],"32":[0,0],"33":[0,0],"34":[0,0],"35":[0,0],"36":[0,0],"37":[0,0],"38":[0,0],"39":[0,0],"40":[0,0],"41":[0,0],"42":[0,0],"43":[0,0],"44":[0,0]},"meta":{"lastBranch":45,"lastFunction":32,"lastStatement":84,"seen":{"s:27:44:620:Infinity":0,"f:27:44:27:45":0,"s:28:36:28:Infinity":1,"s:29:50:29:Infinity":2,"s:30:38:30:Infinity":3,"s:31:40:31:Infinity":4,"s:32:36:32:Infinity":5,"s:33:48:33:Infinity":6,"s:34:8:34:Infinity":7,"s:37:96:37:Infinity":8,"s:39:25:39:Infinity":9,"s:42:2:45:Infinity":10,"f:42:12:42:18":1,"s:43:18:43:Infinity":11,"f:43:29:43:35":2,"s:43:35:43:59":12,"s:44:4:44:Infinity":13,"f:44:11:44:17":3,"s:44:17:44:Infinity":14,"s:49:8:54:Infinity":15,"s:57:8:57:Infinity":16,"s:58:8:58:Infinity":17,"s:59:8:59:Infinity":18,"s:60:8:60:Infinity":19,"s:63:21:65:Infinity":20,"b:63:47:64:Infinity:65:6:65:Infinity":0,"s:68:24:70:Infinity":21,"b:68:50:69:Infinity:70:6:70:Infinity":1,"s:73:27:113:Infinity":22,"f:73:27:73:28":4,"s:74:19:74:Infinity":23,"s:75:6:75:Infinity":24,"b:77:6:111:Infinity:undefined:undefined:undefined:undefined":2,"s:77:6:111:Infinity":25,"s:78:25:78:Infinity":26,"s:79:10:109:Infinity":27,"f:79:26:79:27":5,"s:80:14:108:Infinity":28,"s:81:29:81:Infinity":29,"s:82:22:82:Infinity":30,"b:84:16:100:Infinity:93:23:100:Infinity":3,"s:84:16:100:Infinity":31,"s:85:20:85:Infinity":32,"s:86:20:91:Infinity":33,"s:92:20:92:Infinity":34,"s:94:20:99:Infinity":35,"b:97:68:97:84:97:84:97:116":4,"s:102:18:107:Infinity":36,"s:110:10:110:Infinity":37,"b:112:6:112:Infinity:undefined:undefined:undefined:undefined":5,"s:112:6:112:Infinity":38,"s:112:32:112:Infinity":39,"s:117:2:119:Infinity":40,"f:117:12:117:18":6,"s:118:4:118:Infinity":41,"s:121:21:121:Infinity":42,"s:122:8:127:Infinity":43,"f:122:36:122:42":7,"s:123:4:126:Infinity":44,"s:129:25:131:Infinity":45,"f:129:25:129:31":8,"b:130:4:130:Infinity:undefined:undefined:undefined:undefined":6,"s:130:4:130:Infinity":46,"s:130:34:130:Infinity":47,"f:130:49:130:57":9,"s:130:57:130:65":48,"s:133:25:135:Infinity":49,"f:133:25:133:31":10,"b:134:4:134:Infinity:undefined:undefined:undefined:undefined":7,"s:134:4:134:Infinity":50,"s:134:25:134:Infinity":51,"f:134:40:134:48":11,"s:134:48:134:56":52,"s:137:25:143:Infinity":53,"f:137:25:137:26":12,"s:138:4:142:Infinity":54,"f:138:26:138:Infinity":13,"s:139:8:141:Infinity":55,"b:140:10:140:Infinity:141:10:141:Infinity":8,"f:140:22:140:27":14,"s:140:27:140:41":56,"s:145:8:145:Infinity":57,"f:145:32:145:38":15,"s:145:38:145:86":58,"f:145:68:145:73":16,"s:145:73:145:83":59,"s:146:25:146:Infinity":60,"b:146:25:146:53:146:53:146:Infinity":9,"s:148:30:154:Infinity":61,"f:148:30:148:36":17,"b:149:4:153:Infinity:151:11:153:Infinity":10,"s:149:4:153:Infinity":62,"s:150:8:150:Infinity":63,"s:152:8:152:Infinity":64,"s:156:2:618:Infinity":65,"f:280:57:280:63":18,"s:280:63:280:Infinity":66,"f:300:46:300:47":19,"s:300:53:300:Infinity":67,"b:312:25:312:Infinity:313:28:321:Infinity":11,"b:328:13:328:Infinity:329:16:351:Infinity":12,"b:331:22:331:Infinity:332:22:332:Infinity":13,"b:335:57:335:97:335:97:335:Infinity":14,"b:339:25:339:Infinity:340:28:342:Infinity":15,"f:341:58:341:59":20,"s:341:68:341:88":68,"f:347:33:347:39":21,"s:347:39:347:Infinity":69,"b:368:28:418:Infinity:420:28:424:Infinity":16,"f:368:50:368:51":22,"s:369:63:369:Infinity":70,"s:370:32:416:Infinity":71,"f:374:49:374:55":23,"s:374:55:374:Infinity":72,"b:387:49:387:72:387:72:387:Infinity":17,"f:392:68:392:69":24,"s:393:52:402:Infinity":73,"b:397:86:397:101:397:101:397:103":18,"b:398:87:398:105:398:105:398:107":19,"b:399:81:399:98:399:98:399:100":20,"b:404:49:404:80:404:80:404:Infinity":21,"b:409:73:409:92:409:92:409:102":22,"b:411:55:411:74:411:74:411:Infinity":23,"b:413:50:413:69:413:69:413:81":24,"b:433:20:475:Infinity:477:20:479:Infinity":25,"f:433:42:433:47":25,"s:434:55:434:Infinity":74,"s:435:24:473:Infinity":75,"f:439:41:439:47":26,"s:439:47:439:Infinity":76,"b:450:68:450:87:450:87:450:97":26,"b:451:42:451:61:451:61:451:73":27,"b:456:37:456:60:456:60:456:Infinity":28,"f:460:56:460:57":27,"s:461:40:469:Infinity":77,"b:465:74:465:89:465:89:465:91":29,"b:466:75:466:93:466:93:466:95":30,"b:467:69:467:104:467:104:467:106":31,"b:471:37:471:68:471:68:471:Infinity":32,"b:484:13:484:Infinity:485:16:515:Infinity":33,"b:538:28:540:Infinity:542:28:544:Infinity":34,"b:564:28:605:Infinity:607:28:611:Infinity":35,"f:564:58:564:59":28,"s:565:51:565:Infinity":78,"s:566:63:566:Infinity":79,"f:566:90:566:91":29,"s:566:105:566:123":80,"s:568:32:603:Infinity":81,"f:572:53:572:59":30,"s:572:59:572:Infinity":82,"b:576:66:576:119:576:119:576:Infinity":36,"b:582:52:584:Infinity:586:52:586:Infinity":37,"b:590:41:590:55:590:55:602:Infinity":38,"f:590:79:590:80":31,"s:591:44:601:Infinity":83,"b:593:122:593:134:593:134:593:138":39,"b:594:122:594:137:594:137:594:141":40,"b:595:122:595:136:595:136:595:140":41,"b:596:122:596:138:596:138:596:142":42,"b:597:122:597:140:597:140:597:144":43,"b:599:53:599:67:599:67:599:Infinity":44}}}
,"/Users/monchee/Projects/anaesthetic-allergy-clinic/components/DisclaimerBanner.tsx": {"path":"/Users/monchee/Projects/anaesthetic-allergy-clinic/components/DisclaimerBanner.tsx","statementMap":{"0":{"start":{"line":8,"column":25},"end":{"line":28,"column":null}},"1":{"start":{"line":9,"column":2},"end":{"line":26,"column":null}}},"fnMap":{"0":{"name":"(anonymous_0)","decl":{"start":{"line":8,"column":25},"end":{"line":8,"column":26}},"loc":{"start":{"line":8,"column":65},"end":{"line":28,"column":null}},"line":8}},"branchMap":{},"s":{"0":1,"1":3},"f":{"0":3},"b":{},"meta":{"lastBranch":0,"lastFunction":1,"lastStatement":2,"seen":{"s:8:25:28:Infinity":0,"f:8:25:8:26":0,"s:9:2:26:Infinity":1}}}
,"/Users/monchee/Projects/anaesthetic-allergy-clinic/components/DisclaimerPage.tsx": {"path":"/Users/monchee/Projects/anaesthetic-allergy-clinic/components/DisclaimerPage.tsx","statementMap":{"0":{"start":{"line":10,"column":54},"end":{"line":208,"column":null}},"1":{"start":{"line":11,"column":2},"end":{"line":206,"column":null}},"2":{"start":{"line":198,"column":25},"end":{"line":198,"column":null}}},"fnMap":{"0":{"name":"(anonymous_0)","decl":{"start":{"line":10,"column":54},"end":{"line":10,"column":55}},"loc":{"start":{"line":10,"column":73},"end":{"line":208,"column":null}},"line":10},"1":{"name":"(anonymous_1)","decl":{"start":{"line":198,"column":19},"end":{"line":198,"column":25}},"loc":{"start":{"line":198,"column":25},"end":{"line":198,"column":null}},"line":198}},"branchMap":{},"s":{"0":1,"1":0,"2":0},"f":{"0":0,"1":0},"b":{},"meta":{"lastBranch":0,"lastFunction":2,"lastStatement":3,"seen":{"s:10:54:208:Infinity":0,"f:10:54:10:55":0,"s:11:2:206:Infinity":1,"f:198:19:198:25":1,"s:198:25:198:Infinity":2}}}
,"/Users/monchee/Projects/anaesthetic-allergy-clinic/components/DrugReferencePage.tsx": {"path":"/Users/monchee/Projects/anaesthetic-allergy-clinic/components/DrugReferencePage.tsx","statementMap":{"0":{"start":{"line":11,"column":60},"end":{"line":146,"column":null}},"1":{"start":{"line":12,"column":30},"end":{"line":43,"column":null}},"2":{"start":{"line":45,"column":2},"end":{"line":144,"column":null}},"3":{"start":{"line":68,"column":30},"end":{"line":68,"column":null}},"4":{"start":{"line":69,"column":16},"end":{"line":87,"column":null}},"5":{"start":{"line":79,"column":24},"end":{"line":84,"column":null}},"6":{"start":{"line":100,"column":16},"end":{"line":118,"column":null}},"7":{"start":{"line":136,"column":25},"end":{"line":136,"column":null}}},"fnMap":{"0":{"name":"(anonymous_0)","decl":{"start":{"line":11,"column":60},"end":{"line":11,"column":61}},"loc":{"start":{"line":11,"column":79},"end":{"line":146,"column":null}},"line":11},"1":{"name":"(anonymous_1)","decl":{"start":{"line":67,"column":51},"end":{"line":67,"column":52}},"loc":{"start":{"line":67,"column":74},"end":{"line":89,"column":15}},"line":67},"2":{"name":"(anonymous_2)","decl":{"start":{"line":78,"column":33},"end":{"line":78,"column":null}},"loc":{"start":{"line":79,"column":24},"end":{"line":84,"column":null}},"line":79},"3":{"name":"(anonymous_3)","decl":{"start":{"line":99,"column":39},"end":{"line":99,"column":40}},"loc":{"start":{"line":100,"column":16},"end":{"line":118,"column":null}},"line":100},"4":{"name":"(anonymous_4)","decl":{"start":{"line":136,"column":19},"end":{"line":136,"column":25}},"loc":{"start":{"line":136,"column":25},"end":{"line":136,"column":null}},"line":136}},"branchMap":{"0":{"loc":{"start":{"line":74,"column":57},"end":{"line":74,"column":110}},"type":"binary-expr","locations":[{"start":{"line":74,"column":57},"end":{"line":74,"column":78}},{"start":{"line":74,"column":78},"end":{"line":74,"column":110}}],"line":74}},"s":{"0":1,"1":0,"2":0,"3":0,"4":0,"5":0,"6":0,"7":0},"f":{"0":0,"1":0,"2":0,"3":0,"4":0},"b":{"0":[0,0]},"meta":{"lastBranch":1,"lastFunction":5,"lastStatement":8,"seen":{"s:11:60:146:Infinity":0,"f:11:60:11:61":0,"s:12:30:43:Infinity":1,"s:45:2:144:Infinity":2,"f:67:51:67:52":1,"s:68:30:68:Infinity":3,"s:69:16:87:Infinity":4,"b:74:57:74:78:74:78:74:110":0,"f:78:33:78:Infinity":2,"s:79:24:84:Infinity":5,"f:99:39:99:40":3,"s:100:16:118:Infinity":6,"f:136:19:136:25":4,"s:136:25:136:Infinity":7}}}
,"/Users/monchee/Projects/anaesthetic-allergy-clinic/components/ErrorBoundary.tsx": {"path":"/Users/monchee/Projects/anaesthetic-allergy-clinic/components/ErrorBoundary.tsx","statementMap":{"0":{"start":{"line":14,"column":0},"end":{"line":14,"column":6}},"1":{"start":{"line":15,"column":2},"end":{"line":17,"column":null}},"2":{"start":{"line":31,"column":2},"end":{"line":33,"column":null}},"3":{"start":{"line":32,"column":4},"end":{"line":32,"column":null}},"4":{"start":{"line":20,"column":4},"end":{"line":20,"column":null}},"5":{"start":{"line":24,"column":4},"end":{"line":24,"column":null}},"6":{"start":{"line":25,"column":4},"end":{"line":25,"column":null}},"7":{"start":{"line":26,"column":4},"end":{"line":26,"column":null}},"8":{"start":{"line":27,"column":4},"end":{"line":27,"column":null}},"9":{"start":{"line":28,"column":4},"end":{"line":28,"column":null}},"10":{"start":{"line":36,"column":4},"end":{"line":83,"column":null}},"11":{"start":{"line":37,"column":6},"end":{"line":81,"column":null}},"12":{"start":{"line":56,"column":33},"end":{"line":56,"column":null}},"13":{"start":{"line":85,"column":4},"end":{"line":85,"column":null}}},"fnMap":{"0":{"name":"(anonymous_0)","decl":{"start":{"line":14,"column":0},"end":{"line":14,"column":6}},"loc":{"start":{"line":14,"column":0},"end":{"line":33,"column":null}},"line":14},"1":{"name":"(anonymous_1)","decl":{"start":{"line":31,"column":24},"end":{"line":31,"column":30}},"loc":{"start":{"line":31,"column":30},"end":{"line":33,"column":null}},"line":31},"2":{"name":"(anonymous_2)","decl":{"start":{"line":19,"column":16},"end":{"line":19,"column":41}},"loc":{"start":{"line":19,"column":62},"end":{"line":21,"column":null}},"line":19},"3":{"name":"(anonymous_3)","decl":{"start":{"line":23,"column":9},"end":{"line":23,"column":27}},"loc":{"start":{"line":23,"column":63},"end":{"line":29,"column":null}},"line":23},"4":{"name":"(anonymous_4)","decl":{"start":{"line":35,"column":9},"end":{"line":35,"column":18}},"loc":{"start":{"line":35,"column":18},"end":{"line":86,"column":null}},"line":35},"5":{"name":"(anonymous_5)","decl":{"start":{"line":56,"column":27},"end":{"line":56,"column":33}},"loc":{"start":{"line":56,"column":33},"end":{"line":56,"column":null}},"line":56}},"branchMap":{"0":{"loc":{"start":{"line":36,"column":4},"end":{"line":83,"column":null}},"type":"if","locations":[{"start":{"line":36,"column":4},"end":{"line":83,"column":null}},{"start":{},"end":{}}],"line":36},"1":{"loc":{"start":{"line":63,"column":15},"end":{"line":77,"column":null}},"type":"binary-expr","locations":[{"start":{"line":63,"column":15},"end":{"line":63,"column":null}},{"start":{"line":64,"column":16},"end":{"line":77,"column":null}}],"line":63},"2":{"loc":{"start":{"line":70,"column":21},"end":{"line":74,"column":null}},"type":"binary-expr","locations":[{"start":{"line":70,"column":21},"end":{"line":70,"column":null}},{"start":{"line":71,"column":22},"end":{"line":74,"column":null}}],"line":70}},"s":{"0":3,"1":3,"2":3,"3":0,"4":0,"5":0,"6":0,"7":0,"8":0,"9":0,"10":3,"11":0,"12":0,"13":3},"f":{"0":3,"1":0,"2":1,"3":0,"4":3,"5":0},"b":{"0":[0,3],"1":[0,0],"2":[0,0]},"meta":{"lastBranch":3,"lastFunction":6,"lastStatement":14,"seen":{"f:14:0:14:6":0,"s:14:0:14:6":0,"s:15:2:17:Infinity":1,"s:31:2:33:Infinity":2,"f:31:24:31:30":1,"s:32:4:32:Infinity":3,"f:19:16:19:41":2,"s:20:4:20:Infinity":4,"f:23:9:23:27":3,"s:24:4:24:Infinity":5,"s:25:4:25:Infinity":6,"s:26:4:26:Infinity":7,"s:27:4:27:Infinity":8,"s:28:4:28:Infinity":9,"f:35:9:35:18":4,"b:36:4:83:Infinity:undefined:undefined:undefined:undefined":0,"s:36:4:83:Infinity":10,"s:37:6:81:Infinity":11,"f:56:27:56:33":5,"s:56:33:56:Infinity":12,"b:63:15:63:Infinity:64:16:77:Infinity":1,"b:70:21:70:Infinity:71:22:74:Infinity":2,"s:85:4:85:Infinity":13}}}
,"/Users/monchee/Projects/anaesthetic-allergy-clinic/components/FAQPage.tsx": {"path":"/Users/monchee/Projects/anaesthetic-allergy-clinic/components/FAQPage.tsx","statementMap":{"0":{"start":{"line":10,"column":40},"end":{"line":131,"column":null}},"1":{"start":{"line":11,"column":15},"end":{"line":80,"column":null}},"2":{"start":{"line":82,"column":2},"end":{"line":129,"column":null}},"3":{"start":{"line":98,"column":12},"end":{"line":114,"column":null}},"4":{"start":{"line":104,"column":18},"end":{"line":111,"column":null}},"5":{"start":{"line":121,"column":25},"end":{"line":121,"column":null}}},"fnMap":{"0":{"name":"(anonymous_0)","decl":{"start":{"line":10,"column":40},"end":{"line":10,"column":41}},"loc":{"start":{"line":10,"column":59},"end":{"line":131,"column":null}},"line":10},"1":{"name":"(anonymous_1)","decl":{"start":{"line":97,"column":20},"end":{"line":97,"column":21}},"loc":{"start":{"line":98,"column":12},"end":{"line":114,"column":null}},"line":98},"2":{"name":"(anonymous_2)","decl":{"start":{"line":103,"column":36},"end":{"line":103,"column":37}},"loc":{"start":{"line":104,"column":18},"end":{"line":111,"column":null}},"line":104},"3":{"name":"(anonymous_3)","decl":{"start":{"line":121,"column":19},"end":{"line":121,"column":25}},"loc":{"start":{"line":121,"column":25},"end":{"line":121,"column":null}},"line":121}},"branchMap":{},"s":{"0":1,"1":0,"2":0,"3":0,"4":0,"5":0},"f":{"0":0,"1":0,"2":0,"3":0},"b":{},"meta":{"lastBranch":0,"lastFunction":4,"lastStatement":6,"seen":{"s:10:40:131:Infinity":0,"f:10:40:10:41":0,"s:11:15:80:Infinity":1,"s:82:2:129:Infinity":2,"f:97:20:97:21":1,"s:98:12:114:Infinity":3,"f:103:36:103:37":2,"s:104:18:111:Infinity":4,"f:121:19:121:25":3,"s:121:25:121:Infinity":5}}}
[...]
:69,"column":null}},"10":{"start":{"line":50,"column":56},"end":{"line":58,"column":10}},"11":{"start":{"line":64,"column":51},"end":{"line":64,"column":60}},"12":{"start":{"line":71,"column":6},"end":{"line":73,"column":null}},"13":{"start":{"line":72,"column":8},"end":{"line":72,"column":null}},"14":{"start":{"line":75,"column":39},"end":{"line":75,"column":null}},"15":{"start":{"line":77,"column":6},"end":{"line":77,"column":null}},"16":{"start":{"line":78,"column":6},"end":{"line":78,"column":null}},"17":{"start":{"line":78,"column":28},"end":{"line":78,"column":50}},"18":{"start":{"line":80,"column":6},"end":{"line":80,"column":null}},"19":{"start":{"line":82,"column":6},"end":{"line":82,"column":null}},"20":{"start":{"line":83,"column":6},"end":{"line":83,"column":null}},"21":{"start":{"line":87,"column":20},"end":{"line":90,"column":null}},"22":{"start":{"line":88,"column":4},"end":{"line":88,"column":null}},"23":{"start":{"line":89,"column":4},"end":{"line":89,"column":null}},"24":{"start":{"line":92,"column":2},"end":{"line":103,"column":null}}},"fnMap":{"0":{"name":"useTestingState","decl":{"start":{"line":27,"column":16},"end":{"line":27,"column":34}},"loc":{"start":{"line":27,"column":34},"end":{"line":104,"column":null}},"line":27},"1":{"name":"(anonymous_1)","decl":{"start":{"line":33,"column":23},"end":{"line":33,"column":29}},"loc":{"start":{"line":33,"column":29},"end":{"line":85,"column":null}},"line":33},"2":{"name":"(anonymous_2)","decl":{"start":{"line":50,"column":48},"end":{"line":50,"column":56}},"loc":{"start":{"line":50,"column":56},"end":{"line":58,"column":10}},"line":50},"3":{"name":"(anonymous_3)","decl":{"start":{"line":64,"column":46},"end":{"line":64,"column":51}},"loc":{"start":{"line":64,"column":51},"end":{"line":64,"column":60}},"line":64},"4":{"name":"(anonymous_4)","decl":{"start":{"line":78,"column":20},"end":{"line":78,"column":28}},"loc":{"start":{"line":78,"column":28},"end":{"line":78,"column":50}},"line":78},"5":{"name":"(anonymous_5)","decl":{"start":{"line":87,"column":20},"end":{"line":87,"column":26}},"loc":{"start":{"line":87,"column":26},"end":{"line":90,"column":null}},"line":87}},"branchMap":{"0":{"loc":{"start":{"line":39,"column":12},"end":{"line":39,"column":null}},"type":"cond-expr","locations":[{"start":{"line":39,"column":24},"end":{"line":39,"column":44}},{"start":{"line":39,"column":44},"end":{"line":39,"column":null}}],"line":39},"1":{"loc":{"start":{"line":40,"column":19},"end":{"line":40,"column":null}},"type":"cond-expr","locations":[{"start":{"line":40,"column":38},"end":{"line":40,"column":65}},{"start":{"line":40,"column":65},"end":{"line":40,"column":null}}],"line":40},"2":{"loc":{"start":{"line":41,"column":20},"end":{"line":41,"column":36}},"type":"binary-expr","locations":[{"start":{"line":41,"column":20},"end":{"line":41,"column":34}},{"start":{"line":41,"column":34},"end":{"line":41,"column":36}}],"line":41},"3":{"loc":{"start":{"line":42,"column":26},"end":{"line":42,"column":48}},"type":"binary-expr","locations":[{"start":{"line":42,"column":26},"end":{"line":42,"column":46}},{"start":{"line":42,"column":46},"end":{"line":42,"column":48}}],"line":42},"4":{"loc":{"start":{"line":43,"column":25},"end":{"line":43,"column":46}},"type":"binary-expr","locations":[{"start":{"line":43,"column":25},"end":{"line":43,"column":44}},{"start":{"line":43,"column":44},"end":{"line":43,"column":46}}],"line":43},"5":{"loc":{"start":{"line":44,"column":26},"end":{"line":44,"column":48}},"type":"binary-expr","locations":[{"start":{"line":44,"column":26},"end":{"line":44,"column":46}},{"start":{"line":44,"column":46},"end":{"line":44,"column":48}}],"line":44},"6":{"loc":{"start":{"line":46,"column":31},"end":{"line":46,"column":66}},"type":"binary-expr","locations":[{"start":{"line":46,"column":31},"end":{"line":46,"column":64}},{"start":{"line":46,"column":64},"end":{"line":46,"column":66}}],"line":46},"7":{"loc":{"start":{"line":47,"column":28},"end":{"line":47,"column":60}},"type":"binary-expr","locations":[{"start":{"line":47,"column":28},"end":{"line":47,"column":58}},{"start":{"line":47,"column":58},"end":{"line":47,"column":60}}],"line":47},"8":{"loc":{"start":{"line":48,"column":28},"end":{"line":48,"column":60}},"type":"binary-expr","locations":[{"start":{"line":48,"column":28},"end":{"line":48,"column":58}},{"start":{"line":48,"column":58},"end":{"line":48,"column":60}}],"line":48},"9":{"loc":{"start":{"line":50,"column":20},"end":{"line":50,"column":44}},"type":"binary-expr","locations":[{"start":{"line":50,"column":20},"end":{"line":50,"column":40}},{"start":{"line":50,"column":40},"end":{"line":50,"column":44}}],"line":50},"10":{"loc":{"start":{"line":51,"column":14},"end":{"line":51,"column":null}},"type":"cond-expr","locations":[{"start":{"line":51,"column":23},"end":{"line":51,"column":40}},{"start":{"line":51,"column":40},"end":{"line":51,"column":null}}],"line":51},"11":{"loc":{"start":{"line":52,"column":27},"end":{"line":52,"column":45}},"type":"binary-expr","locations":[{"start":{"line":52,"column":27},"end":{"line":52,"column":43}},{"start":{"line":52,"column":43},"end":{"line":52,"column":45}}],"line":52},"12":{"loc":{"start":{"line":53,"column":27},"end":{"line":53,"column":45}},"type":"binary-expr","locations":[{"start":{"line":53,"column":27},"end":{"line":53,"column":43}},{"start":{"line":53,"column":43},"end":{"line":53,"column":45}}],"line":53},"13":{"loc":{"start":{"line":54,"column":25},"end":{"line":54,"column":41}},"type":"binary-expr","locations":[{"start":{"line":54,"column":25},"end":{"line":54,"column":39}},{"start":{"line":54,"column":39},"end":{"line":54,"column":41}}],"line":54},"14":{"loc":{"start":{"line":55,"column":24},"end":{"line":55,"column":39}},"type":"binary-expr","locations":[{"start":{"line":55,"column":24},"end":{"line":55,"column":37}},{"start":{"line":55,"column":37},"end":{"line":55,"column":39}}],"line":55},"15":{"loc":{"start":{"line":56,"column":26},"end":{"line":56,"column":43}},"type":"binary-expr","locations":[{"start":{"line":56,"column":26},"end":{"line":56,"column":41}},{"start":{"line":56,"column":41},"end":{"line":56,"column":43}}],"line":56},"16":{"loc":{"start":{"line":57,"column":22},"end":{"line":57,"column":null}},"type":"cond-expr","locations":[{"start":{"line":57,"column":39},"end":{"line":57,"column":64}},{"start":{"line":57,"column":64},"end":{"line":57,"column":null}}],"line":57},"17":{"loc":{"start":{"line":60,"column":30},"end":{"line":60,"column":56}},"type":"binary-expr","locations":[{"start":{"line":60,"column":30},"end":{"line":60,"column":54}},{"start":{"line":60,"column":54},"end":{"line":60,"column":56}}],"line":60},"18":{"loc":{"start":{"line":61,"column":29},"end":{"line":61,"column":null}},"type":"cond-expr","locations":[{"start":{"line":61,"column":58},"end":{"line":61,"column":95}},{"start":{"line":61,"column":95},"end":{"line":61,"column":null}}],"line":61},"19":{"loc":{"start":{"line":62,"column":18},"end":{"line":62,"column":null}},"type":"cond-expr","locations":[{"start":{"line":62,"column":84},"end":{"line":62,"column":101}},{"start":{"line":62,"column":101},"end":{"line":62,"column":null}}],"line":62},"20":{"loc":{"start":{"line":62,"column":18},"end":{"line":62,"column":84}},"type":"binary-expr","locations":[{"start":{"line":62,"column":18},"end":{"line":62,"column":50}},{"start":{"line":62,"column":50},"end":{"line":62,"column":84}}],"line":62},"21":{"loc":{"start":{"line":63,"column":29},"end":{"line":63,"column":54}},"type":"binary-expr","locations":[{"start":{"line":63,"column":29},"end":{"line":63,"column":52}},{"start":{"line":63,"column":52},"end":{"line":63,"column":54}}],"line":63},"22":{"loc":{"start":{"line":64,"column":19},"end":{"line":64,"column":42}},"type":"binary-expr","locations":[{"start":{"line":64,"column":19},"end":{"line":64,"column":38}},{"start":{"line":64,"column":38},"end":{"line":64,"column":42}}],"line":64},"23":{"loc":{"start":{"line":65,"column":30},"end":{"line":65,"column":56}},"type":"binary-expr","locations":[{"start":{"line":65,"column":30},"end":{"line":65,"column":54}},{"start":{"line":65,"column":54},"end":{"line":65,"column":56}}],"line":65},"24":{"loc":{"start":{"line":66,"column":33},"end":{"line":66,"column":62}},"type":"binary-expr","locations":[{"start":{"line":66,"column":33},"end":{"line":66,"column":60}},{"start":{"line":66,"column":60},"end":{"line":66,"column":62}}],"line":66},"25":{"loc":{"start":{"line":67,"column":34},"end":{"line":67,"column":64}},"type":"binary-expr","locations":[{"start":{"line":67,"column":34},"end":{"line":67,"column":62}},{"start":{"line":67,"column":62},"end":{"line":67,"column":64}}],"line":67},"26":{"loc":{"start":{"line":68,"column":21},"end":{"line":68,"column":38}},"type":"binary-expr","locations":[{"start":{"line":68,"column":21},"end":{"line":68,"column":36}},{"start":{"line":68,"column":36},"end":{"line":68,"column":38}}],"line":68},"27":{"loc":{"start":{"line":71,"column":6},"end":{"line":73,"column":null}},"type":"if","locations":[{"start":{"line":71,"column":6},"end":{"line":73,"column":null}},{"start":{},"end":{}}],"line":71},"28":{"loc":{"start":{"line":71,"column":10},"end":{"line":71,"column":119}},"type":"binary-expr","locations":[{"start":{"line":71,"column":10},"end":{"line":71,"column":43}},{"start":{"line":71,"column":43},"end":{"line":71,"column":81}},{"start":{"line":71,"column":81},"end":{"line":71,"column":119}}],"line":71}},"s":{"0":1,"1":3,"2":3,"3":3,"4":3,"5":3,"6":0,"7":0,"8":0,"9":0,"10":0,"11":0,"12":0,"13":0,"14":0,"15":0,"16":0,"17":0,"18":0,"19":0,"20":0,"21":3,"22":0,"23":0,"24":3},"f":{"0":3,"1":0,"2":0,"3":0,"4":0,"5":0},"b":{"0":[0,0],"1":[0,0],"2":[0,0],"3":[0,0],"4":[0,0],"5":[0,0],"6":[0,0],"7":[0,0],"8":[0,0],"9":[0,0],"10":[0,0],"11":[0,0],"12":[0,0],"13":[0,0],"14":[0,0],"15":[0,0],"16":[0,0],"17":[0,0],"18":[0,0],"19":[0,0],"20":[0,0],"21":[0,0],"22":[0,0],"23":[0,0],"24":[0,0],"25":[0,0],"26":[0,0],"27":[0,0],"28":[0,0,0]},"meta":{"lastBranch":29,"lastFunction":6,"lastStatement":25,"seen":{"s:4:40:25:Infinity":0,"f:27:16:27:34":0,"s:28:30:28:Infinity":1,"s:29:44:29:Infinity":2,"s:30:44:30:Infinity":3,"s:31:34:31:Infinity":4,"s:33:23:85:Infinity":5,"f:33:23:33:29":1,"s:34:4:84:Infinity":6,"s:35:25:35:Infinity":7,"s:36:21:36:Infinity":8,"s:38:40:69:Infinity":9,"b:39:24:39:44:39:44:39:Infinity":0,"b:40:38:40:65:40:65:40:Infinity":1,"b:41:20:41:34:41:34:41:36":2,"b:42:26:42:46:42:46:42:48":3,"b:43:25:43:44:43:44:43:46":4,"b:44:26:44:46:44:46:44:48":5,"b:46:31:46:64:46:64:46:66":6,"b:47:28:47:58:47:58:47:60":7,"b:48:28:48:58:48:58:48:60":8,"b:50:20:50:40:50:40:50:44":9,"f:50:48:50:56":2,"s:50:56:58:10":10,"b:51:23:51:40:51:40:51:Infinity":10,"b:52:27:52:43:52:43:52:45":11,"b:53:27:53:43:53:43:53:45":12,"b:54:25:54:39:54:39:54:41":13,"b:55:24:55:37:55:37:55:39":14,"b:56:26:56:41:56:41:56:43":15,"b:57:39:57:64:57:64:57:Infinity":16,"b:60:30:60:54:60:54:60:56":17,"b:61:58:61:95:61:95:61:Infinity":18,"b:62:84:62:101:62:101:62:Infinity":19,"b:62:18:62:50:62:50:62:84":20,"b:63:29:63:52:63:52:63:54":21,"b:64:19:64:38:64:38:64:42":22,"f:64:46:64:51":3,"s:64:51:64:60":11,"b:65:30:65:54:65:54:65:56":23,"b:66:33:66:60:66:60:66:62":24,"b:67:34:67:62:67:62:67:64":25,"b:68:21:68:36:68:36:68:38":26,"b:71:6:73:Infinity:undefined:undefined:undefined:undefined":27,"s:71:6:73:Infinity":12,"b:71:10:71:43:71:43:71:81:71:81:71:119":28,"s:72:8:72:Infinity":13,"s:75:39:75:Infinity":14,"s:77:6:77:Infinity":15,"s:78:6:78:Infinity":16,"f:78:20:78:28":4,"s:78:28:78:50":17,"s:80:6:80:Infinity":18,"s:82:6:82:Infinity":19,"s:83:6:83:Infinity":20,"s:87:20:90:Infinity":21,"f:87:20:87:26":5,"s:88:4:88:Infinity":22,"s:89:4:89:Infinity":23,"s:92:2:103:Infinity":24}}}
,"/Users/monchee/Projects/anaesthetic-allergy-clinic/src/shared/hooks/useDisclaimer.ts": {"path":"/Users/monchee/Projects/anaesthetic-allergy-clinic/src/shared/hooks/useDisclaimer.ts","statementMap":{"0":{"start":{"line":6,"column":52},"end":{"line":9,"column":null}},"1":{"start":{"line":11,"column":42},"end":{"line":11,"column":null}},"2":{"start":{"line":11,"column":61},"end":{"line":11,"column":81}},"3":{"start":{"line":13,"column":34},"end":{"line":16,"column":null}},"4":{"start":{"line":14,"column":4},"end":{"line":14,"column":null}},"5":{"start":{"line":15,"column":4},"end":{"line":15,"column":null}},"6":{"start":{"line":18,"column":2},"end":{"line":21,"column":null}}},"fnMap":{"0":{"name":"useDisclaimer","decl":{"start":{"line":5,"column":16},"end":{"line":5,"column":32}},"loc":{"start":{"line":5,"column":32},"end":{"line":22,"column":null}},"line":5},"1":{"name":"(anonymous_1)","decl":{"start":{"line":11,"column":55},"end":{"line":11,"column":61}},"loc":{"start":{"line":11,"column":61},"end":{"line":11,"column":81}},"line":11},"2":{"name":"(anonymous_2)","decl":{"start":{"line":13,"column":34},"end":{"line":13,"column":40}},"loc":{"start":{"line":13,"column":40},"end":{"line":16,"column":null}},"line":13}},"branchMap":{},"s":{"0":3,"1":3,"2":3,"3":3,"4":0,"5":0,"6":3},"f":{"0":3,"1":3,"2":0},"b":{},"meta":{"lastBranch":0,"lastFunction":3,"lastStatement":7,"seen":{"f:5:16:5:32":0,"s:6:52:9:Infinity":0,"s:11:42:11:Infinity":1,"f:11:55:11:61":1,"s:11:61:11:81":2,"s:13:34:16:Infinity":3,"f:13:34:13:40":2,"s:14:4:14:Infinity":4,"s:15:4:15:Infinity":5,"s:18:2:21:Infinity":6}}}
,"/Users/monchee/Projects/anaesthetic-allergy-clinic/src/shared/hooks/useLocalStorage.ts": {"path":"/Users/monchee/Projects/anaesthetic-allergy-clinic/src/shared/hooks/useLocalStorage.ts","statementMap":{"0":{"start":{"line":4,"column":36},"end":{"line":15,"column":null}},"1":{"start":{"line":5,"column":4},"end":{"line":7,"column":null}},"2":{"start":{"line":6,"column":6},"end":{"line":6,"column":null}},"3":{"start":{"line":8,"column":4},"end":{"line":14,"column":null}},"4":{"start":{"line":9,"column":19},"end":{"line":9,"column":null}},"5":{"start":{"line":10,"column":6},"end":{"line":10,"column":null}},"6":{"start":{"line":12,"column":6},"end":{"line":12,"column":null}},"7":{"start":{"line":13,"column":6},"end":{"line":13,"column":null}},"8":{"start":{"line":17,"column":19},"end":{"line":28,"column":null}},"9":{"start":{"line":18,"column":4},"end":{"line":27,"column":null}},"10":{"start":{"line":19,"column":27},"end":{"line":19,"column":null}},"11":{"start":{"line":20,"column":6},"end":{"line":20,"column":null}},"12":{"start":{"line":22,"column":6},"end":{"line":24,"column":null}},"13":{"start":{"line":23,"column":8},"end":{"line":23,"column":null}},"14":{"start":{"line":26,"column":6},"end":{"line":26,"column":null}},"15":{"start":{"line":30,"column":2},"end":{"line":30,"column":null}}},"fnMap":{"0":{"name":"useLocalStorage","decl":{"start":{"line":3,"column":16},"end":{"line":3,"column":35}},"loc":{"start":{"line":3,"column":65},"end":{"line":31,"column":null}},"line":3},"1":{"name":"(anonymous_1)","decl":{"start":{"line":4,"column":52},"end":{"line":4,"column":58}},"loc":{"start":{"line":4,"column":58},"end":{"line":15,"column":3}},"line":4},"2":{"name":"(anonymous_2)","decl":{"start":{"line":17,"column":19},"end":{"line":17,"column":20}},"loc":{"start":{"line":17,"column":51},"end":{"line":28,"column":null}},"line":17}},"branchMap":{"0":{"loc":{"start":{"line":5,"column":4},"end":{"line":7,"column":null}},"type":"if","locations":[{"start":{"line":5,"column":4},"end":{"line":7,"column":null}},{"start":{},"end":{}}],"line":5},"1":{"loc":{"start":{"line":10,"column":13},"end":{"line":10,"column":null}},"type":"cond-expr","locations":[{"start":{"line":10,"column":20},"end":{"line":10,"column":39}},{"start":{"line":10,"column":39},"end":{"line":10,"column":null}}],"line":10},"2":{"loc":{"start":{"line":19,"column":27},"end":{"line":19,"column":null}},"type":"cond-expr","locations":[{"start":{"line":19,"column":55},"end":{"line":19,"column":76}},{"start":{"line":19,"column":76},"end":{"line":19,"column":null}}],"line":19},"3":{"loc":{"start":{"line":22,"column":6},"end":{"line":24,"column":null}},"type":"if","locations":[{"start":{"line":22,"column":6},"end":{"line":24,"column":null}},{"start":{},"end":{}}],"line":22}},"s":{"0":3,"1":3,"2":0,"3":3,"4":3,"5":3,"6":0,"7":0,"8":3,"9":0,"10":0,"11":0,"12":0,"13":0,"14":0,"15":3},"f":{"0":3,"1":3,"2":0},"b":{"0":[0,3],"1":[0,3],"2":[0,0],"3":[0,0]},"meta":{"lastBranch":4,"lastFunction":3,"lastStatement":16,"seen":{"f:3:16:3:35":0,"s:4:36:15:Infinity":0,"f:4:52:4:58":1,"b:5:4:7:Infinity:undefined:undefined:undefined:undefined":0,"s:5:4:7:Infinity":1,"s:6:6:6:Infinity":2,"s:8:4:14:Infinity":3,"s:9:19:9:Infinity":4,"s:10:6:10:Infinity":5,"b:10:20:10:39:10:39:10:Infinity":1,"s:12:6:12:Infinity":6,"s:13:6:13:Infinity":7,"s:17:19:28:Infinity":8,"f:17:19:17:20":2,"s:18:4:27:Infinity":9,"s:19:27:19:Infinity":10,"b:19:55:19:76:19:76:19:Infinity":2,"s:20:6:20:Infinity":11,"b:22:6:24:Infinity:undefined:undefined:undefined:undefined":3,"s:22:6:24:Infinity":12,"s:23:8:23:Infinity":13,"s:26:6:26:Infinity":14,"s:30:2:30:Infinity":15}}}
,"/Users/monchee/Projects/anaesthetic-allergy-clinic/src/shared/types/common.ts": {"path":"/Users/monchee/Projects/anaesthetic-allergy-clinic/src/shared/types/common.ts","statementMap":{"0":{"start":{"line":1,"column":7},"end":{"line":1,"column":null}},"1":{"start":{"line":2,"column":2},"end":{"line":2,"column":null}},"2":{"start":{"line":3,"column":2},"end":{"line":3,"column":null}},"3":{"start":{"line":4,"column":2},"end":{"line":4,"column":null}},"4":{"start":{"line":5,"column":2},"end":{"line":5,"column":null}},"5":{"start":{"line":6,"column":2},"end":{"line":6,"column":null}},"6":{"start":{"line":7,"column":2},"end":{"line":7,"column":null}},"7":{"start":{"line":8,"column":2},"end":{"line":8,"column":null}},"8":{"start":{"line":9,"column":2},"end":{"line":9,"column":null}},"9":{"start":{"line":10,"column":2},"end":{"line":10,"column":null}},"10":{"start":{"line":11,"column":2},"end":{"line":11,"column":null}},"11":{"start":{"line":12,"column":2},"end":{"line":12,"column":null}},"12":{"start":{"line":13,"column":2},"end":{"line":13,"column":null}},"13":{"start":{"line":14,"column":2},"end":{"line":14,"column":null}},"14":{"start":{"line":15,"column":2},"end":{"line":15,"column":null}},"15":{"start":{"line":16,"column":2},"end":{"line":16,"column":null}},"16":{"start":{"line":17,"column":2},"end":{"line":17,"column":null}},"17":{"start":{"line":18,"column":2},"end":{"line":18,"column":null}},"18":{"start":{"line":1,"column":12},"end":{"line":1,"column":null}}},"fnMap":{"0":{"name":"(anonymous_0)","decl":{"start":{"line":1,"column":7},"end":{"line":1,"column":12}},"loc":{"start":{"line":1,"column":7},"end":{"line":1,"column":null}},"line":1}},"branchMap":{"0":{"loc":{"start":{"line":1,"column":12},"end":{"line":1,"column":null}},"type":"binary-expr","locations":[{"start":{"line":1,"column":12},"end":{"line":1,"column":null}},{"start":{"line":1,"column":12},"end":{"line":1,"column":null}}],"line":1}},"s":{"0":1,"1":1,"2":1,"3":1,"4":1,"5":1,"6":1,"7":1,"8":1,"9":1,"10":1,"11":1,"12":1,"13":1,"14":1,"15":1,"16":1,"17":1,"18":1},"f":{"0":1},"b":{"0":[1,1]},"meta":{"lastBranch":1,"lastFunction":1,"lastStatement":19,"seen":{"s:1:7:1:Infinity":0,"f:1:7:1:12":0,"s:2:2:2:Infinity":1,"s:3:2:3:Infinity":2,"s:4:2:4:Infinity":3,"s:5:2:5:Infinity":4,"s:6:2:6:Infinity":5,"s:7:2:7:Infinity":6,"s:8:2:8:Infinity":7,"s:9:2:9:Infinity":8,"s:10:2:10:Infinity":9,"s:11:2:11:Infinity":10,"s:12:2:12:Infinity":11,"s:13:2:13:Infinity":12,"s:14:2:14:Infinity":13,"s:15:2:15:Infinity":14,"s:16:2:16:Infinity":15,"s:17:2:17:Infinity":16,"s:18:2:18:Infinity":17,"s:1:12:1:Infinity":18,"b:1:12:1:Infinity:1:12:1:Infinity":0}}}
,"/Users/monchee/Projects/anaesthetic-allergy-clinic/src/shared/types/index.ts": {"path":"/Users/monchee/Projects/anaesthetic-allergy-clinic/src/shared/types/index.ts","statementMap":{"0":{"start":{"line":1,"column":0},"end":{"line":1,"column":null}}},"fnMap":{},"branchMap":{},"s":{"0":1},"f":{},"b":{},"meta":{"lastBranch":0,"lastFunction":0,"lastStatement":1,"seen":{"s:1:0:1:Infinity":0}}}
}
